{"F:\\SVN\\UpinstarH5\\src\\App.vue": {"path":"F:\\SVN\\UpinstarH5\\src\\App.vue","statementMap":{"0":{"start":{"line":13,"column":0},"end":{"line":13,"column":null}},"1":{"start":{"line":18,"column":0},"end":{"line":18,"column":null}},"2":{"start":{"line":19,"column":0},"end":{"line":19,"column":null}},"3":{"start":{"line":20,"column":0},"end":{"line":20,"column":null}}},"fnMap":{"0":{"name":"data","decl":{"start":{"line":12,"column":0},"end":{"line":12,"column":null}},"loc":{"start":{"line":12,"column":0},"end":{"line":16,"column":null}}},"1":{"name":"reload","decl":{"start":{"line":18,"column":0},"end":{"line":18,"column":null}},"loc":{"start":{"line":18,"column":0},"end":{"line":21,"column":null}}},"2":{"name":"(anonymous_3)","decl":{"start":{"line":20,"column":0},"end":{"line":20,"column":null}},"loc":{"start":{"line":20,"column":0},"end":{"line":20,"column":null}}}},"branchMap":{},"s":{"0":0,"1":0,"2":0,"3":0},"f":{"0":0,"1":0,"2":0},"b":{}}
,"F:\\SVN\\UpinstarH5\\src\\common\\commonArticleRec\\CommonArticleRec.vue": {"path":"F:\\SVN\\UpinstarH5\\src\\common\\commonArticleRec\\CommonArticleRec.vue","statementMap":{"0":{"start":{"line":16,"column":0},"end":{"line":16,"column":null}},"1":{"start":{"line":26,"column":0},"end":{"line":26,"column":null}}},"fnMap":{"0":{"name":"data","decl":{"start":{"line":25,"column":0},"end":{"line":25,"column":null}},"loc":{"start":{"line":25,"column":0},"end":{"line":30,"column":null}}}},"branchMap":{},"s":{"0":0,"1":0},"f":{"0":0},"b":{}}
,"F:\\SVN\\UpinstarH5\\src\\common\\commonBanner\\CommonBanner.vue": {"path":"F:\\SVN\\UpinstarH5\\src\\common\\commonBanner\\CommonBanner.vue","statementMap":{"0":{"start":{"line":23,"column":0},"end":{"line":23,"column":null}},"1":{"start":{"line":38,"column":0},"end":{"line":38,"column":null}}},"fnMap":{"0":{"name":"data","decl":{"start":{"line":37,"column":0},"end":{"line":37,"column":null}},"loc":{"start":{"line":37,"column":0},"end":{"line":42,"column":null}}}},"branchMap":{},"s":{"0":0,"1":0},"f":{"0":0},"b":{}}
,"F:\\SVN\\UpinstarH5\\src\\common\\commonCard\\Card.vue": {"path":"F:\\SVN\\UpinstarH5\\src\\common\\commonCard\\Card.vue","statementMap":{"0":{"start":{"line":116,"column":0},"end":{"line":116,"column":null}},"1":{"start":{"line":134,"column":0},"end":{"line":134,"column":null}},"2":{"start":{"line":138,"column":0},"end":{"line":138,"column":null}},"3":{"start":{"line":139,"column":0},"end":{"line":139,"column":null}},"4":{"start":{"line":140,"column":0},"end":{"line":140,"column":null}},"5":{"start":{"line":146,"column":0},"end":{"line":146,"column":null}},"6":{"start":{"line":150,"column":0},"end":{"line":150,"column":null}},"7":{"start":{"line":154,"column":0},"end":{"line":154,"column":null}},"8":{"start":{"line":155,"column":0},"end":{"line":155,"column":null}}},"fnMap":{"0":{"name":"data","decl":{"start":{"line":133,"column":0},"end":{"line":133,"column":null}},"loc":{"start":{"line":133,"column":0},"end":{"line":135,"column":null}}},"1":{"name":"timeFilter","decl":{"start":{"line":137,"column":0},"end":{"line":137,"column":null}},"loc":{"start":{"line":137,"column":0},"end":{"line":141,"column":null}}},"2":{"name":"receiveCard","decl":{"start":{"line":145,"column":0},"end":{"line":145,"column":null}},"loc":{"start":{"line":145,"column":0},"end":{"line":147,"column":null}}},"3":{"name":"useClick","decl":{"start":{"line":149,"column":0},"end":{"line":149,"column":null}},"loc":{"start":{"line":149,"column":0},"end":{"line":151,"column":null}}},"4":{"name":"cardDetailsPages","decl":{"start":{"line":153,"column":0},"end":{"line":153,"column":null}},"loc":{"start":{"line":153,"column":0},"end":{"line":156,"column":null}}}},"branchMap":{"0":{"loc":{"start":{"line":138,"column":0},"end":{"line":138,"column":null}},"type":"if","locations":[{"start":{"line":138,"column":0},"end":{"line":138,"column":null}},{"start":{"line":138,"column":0},"end":{"line":138,"column":null}}]}},"s":{"0":0,"1":0,"2":0,"3":0,"4":0,"5":0,"6":0,"7":0,"8":0},"f":{"0":0,"1":0,"2":0,"3":0,"4":0},"b":{"0":[0,0]}}
,"F:\\SVN\\UpinstarH5\\src\\common\\commonCollection\\CommonCollection.vue": {"path":"F:\\SVN\\UpinstarH5\\src\\common\\commonCollection\\CommonCollection.vue","statementMap":{"0":{"start":{"line":7,"column":0},"end":{"line":7,"column":null}},"1":{"start":{"line":23,"column":0},"end":{"line":23,"column":null}},"2":{"start":{"line":30,"column":0},"end":{"line":30,"column":null}},"3":{"start":{"line":31,"column":0},"end":{"line":31,"column":null}},"4":{"start":{"line":32,"column":0},"end":{"line":38,"column":null}},"5":{"start":{"line":33,"column":0},"end":{"line":37,"column":null}},"6":{"start":{"line":34,"column":0},"end":{"line":34,"column":null}},"7":{"start":{"line":36,"column":0},"end":{"line":36,"column":null}},"8":{"start":{"line":40,"column":0},"end":{"line":40,"column":null}},"9":{"start":{"line":41,"column":0},"end":{"line":51,"column":null}},"10":{"start":{"line":42,"column":0},"end":{"line":42,"column":null}},"11":{"start":{"line":43,"column":0},"end":{"line":43,"column":null}},"12":{"start":{"line":48,"column":0},"end":{"line":48,"column":null}},"13":{"start":{"line":50,"column":0},"end":{"line":50,"column":null}},"14":{"start":{"line":56,"column":0},"end":{"line":56,"column":null}},"15":{"start":{"line":62,"column":0},"end":{"line":62,"column":null}}},"fnMap":{"0":{"name":"data","decl":{"start":{"line":22,"column":0},"end":{"line":22,"column":null}},"loc":{"start":{"line":22,"column":0},"end":{"line":28,"column":null}}},"1":{"name":"hasCollection","decl":{"start":{"line":30,"column":0},"end":{"line":30,"column":null}},"loc":{"start":{"line":30,"column":0},"end":{"line":39,"column":null}}},"2":{"name":"(anonymous_4)","decl":{"start":{"line":33,"column":0},"end":{"line":33,"column":null}},"loc":{"start":{"line":33,"column":0},"end":{"line":35,"column":null}}},"3":{"name":"(anonymous_5)","decl":{"start":{"line":35,"column":0},"end":{"line":35,"column":null}},"loc":{"start":{"line":35,"column":0},"end":{"line":37,"column":null}}},"4":{"name":"doCollection","decl":{"start":{"line":40,"column":0},"end":{"line":40,"column":null}},"loc":{"start":{"line":40,"column":0},"end":{"line":52,"column":null}}},"5":{"name":"(anonymous_7)","decl":{"start":{"line":41,"column":0},"end":{"line":41,"column":null}},"loc":{"start":{"line":41,"column":0},"end":{"line":49,"column":null}}},"6":{"name":"(anonymous_8)","decl":{"start":{"line":49,"column":0},"end":{"line":49,"column":null}},"loc":{"start":{"line":49,"column":0},"end":{"line":51,"column":null}}},"7":{"name":"created","decl":{"start":{"line":55,"column":0},"end":{"line":55,"column":null}},"loc":{"start":{"line":55,"column":0},"end":{"line":60,"column":null}}},"8":{"name":"mounted","decl":{"start":{"line":61,"column":0},"end":{"line":61,"column":null}},"loc":{"start":{"line":61,"column":0},"end":{"line":63,"column":null}}}},"branchMap":{"0":{"loc":{"start":{"line":32,"column":0},"end":{"line":38,"column":null}},"type":"if","locations":[{"start":{"line":32,"column":0},"end":{"line":38,"column":null}},{"start":{"line":32,"column":0},"end":{"line":38,"column":null}}]},"1":{"loc":{"start":{"line":42,"column":0},"end":{"line":42,"column":null}},"type":"cond-expr","locations":[{"start":{"line":42,"column":0},"end":{"line":42,"column":null}},{"start":{"line":42,"column":0},"end":{"line":42,"column":null}}]}},"s":{"0":0,"1":0,"2":0,"3":0,"4":0,"5":0,"6":0,"7":0,"8":0,"9":0,"10":0,"11":0,"12":0,"13":0,"14":0,"15":0},"f":{"0":0,"1":0,"2":0,"3":0,"4":0,"5":0,"6":0,"7":0,"8":0},"b":{"0":[0,0],"1":[0,0]}}
,"F:\\SVN\\UpinstarH5\\src\\common\\commonContent\\CommonContent.vue": {"path":"F:\\SVN\\UpinstarH5\\src\\common\\commonContent\\CommonContent.vue","statementMap":{"0":{"start":{"line":32,"column":0},"end":{"line":32,"column":null}},"1":{"start":{"line":33,"column":0},"end":{"line":33,"column":null}},"2":{"start":{"line":34,"column":0},"end":{"line":34,"column":null}},"3":{"start":{"line":35,"column":0},"end":{"line":35,"column":null}},"4":{"start":{"line":41,"column":0},"end":{"line":41,"column":null}},"5":{"start":{"line":52,"column":0},"end":{"line":52,"column":null}},"6":{"start":{"line":60,"column":0},"end":{"line":60,"column":null}},"7":{"start":{"line":64,"column":0},"end":{"line":64,"column":null}},"8":{"start":{"line":65,"column":0},"end":{"line":74,"column":null}},"9":{"start":{"line":66,"column":0},"end":{"line":66,"column":null}},"10":{"start":{"line":69,"column":0},"end":{"line":74,"column":null}},"11":{"start":{"line":70,"column":0},"end":{"line":70,"column":null}},"12":{"start":{"line":73,"column":0},"end":{"line":73,"column":null}},"13":{"start":{"line":77,"column":0},"end":{"line":77,"column":null}},"14":{"start":{"line":78,"column":0},"end":{"line":78,"column":null}},"15":{"start":{"line":79,"column":0},"end":{"line":79,"column":null}},"16":{"start":{"line":76,"column":0},"end":{"line":76,"column":null}},"17":{"start":{"line":81,"column":0},"end":{"line":85,"column":null}},"18":{"start":{"line":82,"column":0},"end":{"line":84,"column":null}},"19":{"start":{"line":83,"column":0},"end":{"line":83,"column":null}},"20":{"start":{"line":80,"column":0},"end":{"line":86,"column":null}},"21":{"start":{"line":80,"column":0},"end":{"line":80,"column":null}},"22":{"start":{"line":90,"column":0},"end":{"line":90,"column":null}},"23":{"start":{"line":91,"column":0},"end":{"line":91,"column":null}},"24":{"start":{"line":92,"column":0},"end":{"line":92,"column":null}},"25":{"start":{"line":93,"column":0},"end":{"line":100,"column":null}},"26":{"start":{"line":93,"column":0},"end":{"line":93,"column":null}},"27":{"start":{"line":94,"column":0},"end":{"line":94,"column":null}},"28":{"start":{"line":95,"column":0},"end":{"line":99,"column":null}},"29":{"start":{"line":95,"column":0},"end":{"line":95,"column":null}},"30":{"start":{"line":96,"column":0},"end":{"line":98,"column":null}},"31":{"start":{"line":97,"column":0},"end":{"line":97,"column":null}},"32":{"start":{"line":101,"column":0},"end":{"line":101,"column":null}},"33":{"start":{"line":102,"column":0},"end":{"line":108,"column":null}},"34":{"start":{"line":102,"column":0},"end":{"line":102,"column":null}},"35":{"start":{"line":103,"column":0},"end":{"line":107,"column":null}},"36":{"start":{"line":104,"column":0},"end":{"line":104,"column":null}},"37":{"start":{"line":105,"column":0},"end":{"line":105,"column":null}},"38":{"start":{"line":106,"column":0},"end":{"line":106,"column":null}},"39":{"start":{"line":109,"column":0},"end":{"line":109,"column":null}},"40":{"start":{"line":110,"column":0},"end":{"line":110,"column":null}},"41":{"start":{"line":115,"column":0},"end":{"line":115,"column":null}},"42":{"start":{"line":116,"column":0},"end":{"line":116,"column":null}},"43":{"start":{"line":119,"column":0},"end":{"line":119,"column":null}}},"fnMap":{"0":{"name":"data","decl":{"start":{"line":40,"column":0},"end":{"line":40,"column":null}},"loc":{"start":{"line":40,"column":0},"end":{"line":48,"column":null}}},"1":{"name":"_default","decl":{"start":{"line":51,"column":0},"end":{"line":51,"column":null}},"loc":{"start":{"line":51,"column":0},"end":{"line":53,"column":null}}},"2":{"name":"returnTitle","decl":{"start":{"line":59,"column":0},"end":{"line":59,"column":null}},"loc":{"start":{"line":59,"column":0},"end":{"line":62,"column":null}}},"3":{"name":"(anonymous_5)","decl":{"start":{"line":60,"column":0},"end":{"line":60,"column":null}},"loc":{"start":{"line":60,"column":0},"end":{"line":60,"column":null}}},"4":{"name":"goodsDetail","decl":{"start":{"line":63,"column":0},"end":{"line":63,"column":null}},"loc":{"start":{"line":63,"column":0},"end":{"line":75,"column":null}}},"5":{"name":"(anonymous_7)","decl":{"start":{"line":70,"column":0},"end":{"line":70,"column":null}},"loc":{"start":{"line":70,"column":0},"end":{"line":70,"column":null}}},"6":{"name":"addMethods","decl":{"start":{"line":76,"column":0},"end":{"line":76,"column":null}},"loc":{"start":{"line":76,"column":0},"end":{"line":87,"column":null}}},"7":{"name":"(anonymous_10)","decl":{"start":{"line":82,"column":0},"end":{"line":82,"column":null}},"loc":{"start":{"line":82,"column":0},"end":{"line":84,"column":null}}},"8":{"name":"updateContent","decl":{"start":{"line":89,"column":0},"end":{"line":89,"column":null}},"loc":{"start":{"line":89,"column":0},"end":{"line":111,"column":null}}},"9":{"name":"mounted","decl":{"start":{"line":114,"column":0},"end":{"line":114,"column":null}},"loc":{"start":{"line":114,"column":0},"end":{"line":117,"column":null}}},"10":{"name":"updated","decl":{"start":{"line":118,"column":0},"end":{"line":118,"column":null}},"loc":{"start":{"line":118,"column":0},"end":{"line":120,"column":null}}}},"branchMap":{"0":{"loc":{"start":{"line":65,"column":0},"end":{"line":74,"column":null}},"type":"if","locations":[{"start":{"line":65,"column":0},"end":{"line":74,"column":null}},{"start":{"line":65,"column":0},"end":{"line":74,"column":null}}]},"1":{"loc":{"start":{"line":69,"column":0},"end":{"line":74,"column":null}},"type":"if","locations":[{"start":{"line":69,"column":0},"end":{"line":74,"column":null}},{"start":{"line":69,"column":0},"end":{"line":74,"column":null}}]},"2":{"loc":{"start":{"line":69,"column":0},"end":{"line":69,"column":null}},"type":"binary-expr","locations":[{"start":{"line":69,"column":0},"end":{"line":69,"column":null}},{"start":{"line":69,"column":0},"end":{"line":69,"column":null}}]},"3":{"loc":{"start":{"line":81,"column":0},"end":{"line":85,"column":null}},"type":"if","locations":[{"start":{"line":81,"column":0},"end":{"line":85,"column":null}},{"start":{"line":81,"column":0},"end":{"line":85,"column":null}}]},"4":{"loc":{"start":{"line":96,"column":0},"end":{"line":98,"column":null}},"type":"if","locations":[{"start":{"line":96,"column":0},"end":{"line":98,"column":null}},{"start":{"line":96,"column":0},"end":{"line":98,"column":null}}]},"5":{"loc":{"start":{"line":103,"column":0},"end":{"line":107,"column":null}},"type":"if","locations":[{"start":{"line":103,"column":0},"end":{"line":107,"column":null}},{"start":{"line":103,"column":0},"end":{"line":107,"column":null}}]},"6":{"loc":{"start":{"line":104,"column":0},"end":{"line":104,"column":null}},"type":"cond-expr","locations":[{"start":{"line":104,"column":0},"end":{"line":104,"column":null}},{"start":{"line":104,"column":0},"end":{"line":104,"column":null}}]}},"s":{"0":0,"1":0,"2":0,"3":0,"4":0,"5":0,"6":0,"7":0,"8":0,"9":0,"10":0,"11":0,"12":0,"13":0,"14":0,"15":0,"16":0,"17":0,"18":0,"19":0,"20":0,"21":0,"22":0,"23":0,"24":0,"25":0,"26":0,"27":0,"28":0,"29":0,"30":0,"31":0,"32":0,"33":0,"34":0,"35":0,"36":0,"37":0,"38":0,"39":0,"40":0,"41":0,"42":0,"43":0},"f":{"0":0,"1":0,"2":0,"3":0,"4":0,"5":0,"6":0,"7":0,"8":0,"9":0,"10":0},"b":{"0":[0,0],"1":[0,0],"2":[0,0],"3":[0,0],"4":[0,0],"5":[0,0],"6":[0,0]}}
,"F:\\SVN\\UpinstarH5\\src\\common\\commonEmpty\\CommonEmpty.vue": {"path":"F:\\SVN\\UpinstarH5\\src\\common\\commonEmpty\\CommonEmpty.vue","statementMap":{"0":{"start":{"line":14,"column":0},"end":{"line":14,"column":null}}},"fnMap":{"0":{"name":"data","decl":{"start":{"line":13,"column":0},"end":{"line":13,"column":null}},"loc":{"start":{"line":13,"column":0},"end":{"line":17,"column":null}}}},"branchMap":{},"s":{"0":0},"f":{"0":0},"b":{}}
,"F:\\SVN\\UpinstarH5\\src\\common\\commonHeader\\CommonBlackHeader.vue": {"path":"F:\\SVN\\UpinstarH5\\src\\common\\commonHeader\\CommonBlackHeader.vue","statementMap":{"0":{"start":{"line":22,"column":0},"end":{"line":26,"column":null}},"1":{"start":{"line":23,"column":0},"end":{"line":23,"column":null}},"2":{"start":{"line":25,"column":0},"end":{"line":25,"column":null}}},"fnMap":{"0":{"name":"goBack","decl":{"start":{"line":21,"column":0},"end":{"line":21,"column":null}},"loc":{"start":{"line":21,"column":0},"end":{"line":27,"column":null}}}},"branchMap":{"0":{"loc":{"start":{"line":22,"column":0},"end":{"line":26,"column":null}},"type":"if","locations":[{"start":{"line":22,"column":0},"end":{"line":26,"column":null}},{"start":{"line":22,"column":0},"end":{"line":26,"column":null}}]}},"s":{"0":0,"1":0,"2":0},"f":{"0":0},"b":{"0":[0,0]}}
,"F:\\SVN\\UpinstarH5\\src\\common\\commonHeader\\CommonHeadLink.vue": {"path":"F:\\SVN\\UpinstarH5\\src\\common\\commonHeader\\CommonHeadLink.vue","statementMap":{"0":{"start":{"line":32,"column":0},"end":{"line":32,"column":null}},"1":{"start":{"line":35,"column":0},"end":{"line":35,"column":null}},"2":{"start":{"line":49,"column":0},"end":{"line":49,"column":null}},"3":{"start":{"line":52,"column":0},"end":{"line":52,"column":null}}},"fnMap":{"0":{"name":"goBack","decl":{"start":{"line":48,"column":0},"end":{"line":48,"column":null}},"loc":{"start":{"line":48,"column":0},"end":{"line":50,"column":null}}},"1":{"name":"customerService","decl":{"start":{"line":51,"column":0},"end":{"line":51,"column":null}},"loc":{"start":{"line":51,"column":0},"end":{"line":53,"column":null}}}},"branchMap":{},"s":{"0":0,"1":0,"2":0,"3":0},"f":{"0":0,"1":0},"b":{}}
,"F:\\SVN\\UpinstarH5\\src\\common\\commonHeader\\CommonHeader.vue": {"path":"F:\\SVN\\UpinstarH5\\src\\common\\commonHeader\\CommonHeader.vue","statementMap":{"0":{"start":{"line":16,"column":0},"end":{"line":16,"column":null}},"1":{"start":{"line":19,"column":0},"end":{"line":19,"column":null}},"2":{"start":{"line":22,"column":0},"end":{"line":22,"column":null}},"3":{"start":{"line":23,"column":0},"end":{"line":23,"column":null}},"4":{"start":{"line":33,"column":0},"end":{"line":33,"column":null}},"5":{"start":{"line":38,"column":0},"end":{"line":38,"column":null}},"6":{"start":{"line":39,"column":0},"end":{"line":43,"column":null}},"7":{"start":{"line":40,"column":0},"end":{"line":40,"column":null}},"8":{"start":{"line":42,"column":0},"end":{"line":42,"column":null}},"9":{"start":{"line":47,"column":0},"end":{"line":49,"column":null}},"10":{"start":{"line":48,"column":0},"end":{"line":48,"column":null}}},"fnMap":{"0":{"name":"data","decl":{"start":{"line":32,"column":0},"end":{"line":32,"column":null}},"loc":{"start":{"line":32,"column":0},"end":{"line":36,"column":null}}},"1":{"name":"getCartNum","decl":{"start":{"line":38,"column":0},"end":{"line":38,"column":null}},"loc":{"start":{"line":38,"column":0},"end":{"line":44,"column":null}}},"2":{"name":"(anonymous_3)","decl":{"start":{"line":39,"column":0},"end":{"line":39,"column":null}},"loc":{"start":{"line":39,"column":0},"end":{"line":41,"column":null}}},"3":{"name":"(anonymous_4)","decl":{"start":{"line":41,"column":0},"end":{"line":41,"column":null}},"loc":{"start":{"line":41,"column":0},"end":{"line":43,"column":null}}},"4":{"name":"mounted","decl":{"start":{"line":46,"column":0},"end":{"line":46,"column":null}},"loc":{"start":{"line":46,"column":0},"end":{"line":50,"column":null}}}},"branchMap":{"0":{"loc":{"start":{"line":47,"column":0},"end":{"line":49,"column":null}},"type":"if","locations":[{"start":{"line":47,"column":0},"end":{"line":49,"column":null}},{"start":{"line":47,"column":0},"end":{"line":49,"column":null}}]}},"s":{"0":0,"1":0,"2":0,"3":0,"4":0,"5":0,"6":0,"7":0,"8":0,"9":0,"10":0},"f":{"0":0,"1":0,"2":0,"3":0,"4":0},"b":{"0":[0,0]}}
,"F:\\SVN\\UpinstarH5\\src\\common\\commonHeader\\CommonNavHeader.vue": {"path":"F:\\SVN\\UpinstarH5\\src\\common\\commonHeader\\CommonNavHeader.vue","statementMap":{"0":{"start":{"line":22,"column":0},"end":{"line":30,"column":null}},"1":{"start":{"line":23,"column":0},"end":{"line":23,"column":null}},"2":{"start":{"line":25,"column":0},"end":{"line":29,"column":null}},"3":{"start":{"line":26,"column":0},"end":{"line":26,"column":null}},"4":{"start":{"line":28,"column":0},"end":{"line":28,"column":null}}},"fnMap":{"0":{"name":"goBack","decl":{"start":{"line":21,"column":0},"end":{"line":21,"column":null}},"loc":{"start":{"line":21,"column":0},"end":{"line":31,"column":null}}}},"branchMap":{"0":{"loc":{"start":{"line":22,"column":0},"end":{"line":30,"column":null}},"type":"if","locations":[{"start":{"line":22,"column":0},"end":{"line":30,"column":null}},{"start":{"line":22,"column":0},"end":{"line":30,"column":null}}]},"1":{"loc":{"start":{"line":25,"column":0},"end":{"line":29,"column":null}},"type":"if","locations":[{"start":{"line":25,"column":0},"end":{"line":29,"column":null}},{"start":{"line":25,"column":0},"end":{"line":29,"column":null}}]}},"s":{"0":0,"1":0,"2":0,"3":0,"4":0},"f":{"0":0},"b":{"0":[0,0],"1":[0,0]}}
,"F:\\SVN\\UpinstarH5\\src\\common\\commonHeader\\CommonNavNoMemory.vue": {"path":"F:\\SVN\\UpinstarH5\\src\\common\\commonHeader\\CommonNavNoMemory.vue","statementMap":{"0":{"start":{"line":19,"column":0},"end":{"line":19,"column":null}}},"fnMap":{"0":{"name":"goBack","decl":{"start":{"line":18,"column":0},"end":{"line":18,"column":null}},"loc":{"start":{"line":18,"column":0},"end":{"line":20,"column":null}}}},"branchMap":{},"s":{"0":0},"f":{"0":0},"b":{}}
,"F:\\SVN\\UpinstarH5\\src\\common\\commonHeader\\CommonNavSearch.vue": {"path":"F:\\SVN\\UpinstarH5\\src\\common\\commonHeader\\CommonNavSearch.vue","statementMap":{"0":{"start":{"line":13,"column":0},"end":{"line":13,"column":null}},"1":{"start":{"line":16,"column":0},"end":{"line":16,"column":null}},"2":{"start":{"line":19,"column":0},"end":{"line":19,"column":null}},"3":{"start":{"line":20,"column":0},"end":{"line":20,"column":null}},"4":{"start":{"line":32,"column":0},"end":{"line":32,"column":null}},"5":{"start":{"line":38,"column":0},"end":{"line":38,"column":null}},"6":{"start":{"line":40,"column":0},"end":{"line":40,"column":null}},"7":{"start":{"line":41,"column":0},"end":{"line":45,"column":null}},"8":{"start":{"line":42,"column":0},"end":{"line":42,"column":null}},"9":{"start":{"line":44,"column":0},"end":{"line":44,"column":null}},"10":{"start":{"line":49,"column":0},"end":{"line":51,"column":null}},"11":{"start":{"line":50,"column":0},"end":{"line":50,"column":null}}},"fnMap":{"0":{"name":"data","decl":{"start":{"line":31,"column":0},"end":{"line":31,"column":null}},"loc":{"start":{"line":31,"column":0},"end":{"line":35,"column":null}}},"1":{"name":"goBack","decl":{"start":{"line":37,"column":0},"end":{"line":37,"column":null}},"loc":{"start":{"line":37,"column":0},"end":{"line":39,"column":null}}},"2":{"name":"getCartNum","decl":{"start":{"line":40,"column":0},"end":{"line":40,"column":null}},"loc":{"start":{"line":40,"column":0},"end":{"line":46,"column":null}}},"3":{"name":"(anonymous_4)","decl":{"start":{"line":41,"column":0},"end":{"line":41,"column":null}},"loc":{"start":{"line":41,"column":0},"end":{"line":43,"column":null}}},"4":{"name":"(anonymous_5)","decl":{"start":{"line":43,"column":0},"end":{"line":43,"column":null}},"loc":{"start":{"line":43,"column":0},"end":{"line":45,"column":null}}},"5":{"name":"mounted","decl":{"start":{"line":48,"column":0},"end":{"line":48,"column":null}},"loc":{"start":{"line":48,"column":0},"end":{"line":52,"column":null}}}},"branchMap":{"0":{"loc":{"start":{"line":49,"column":0},"end":{"line":51,"column":null}},"type":"if","locations":[{"start":{"line":49,"column":0},"end":{"line":51,"column":null}},{"start":{"line":49,"column":0},"end":{"line":51,"column":null}}]}},"s":{"0":0,"1":0,"2":0,"3":0,"4":0,"5":0,"6":0,"7":0,"8":0,"9":0,"10":0,"11":0},"f":{"0":0,"1":0,"2":0,"3":0,"4":0,"5":0},"b":{"0":[0,0]}}
,"F:\\SVN\\UpinstarH5\\src\\common\\commonHeader\\CommonOpaHeader.vue": {"path":"F:\\SVN\\UpinstarH5\\src\\common\\commonHeader\\CommonOpaHeader.vue","statementMap":{"0":{"start":{"line":22,"column":0},"end":{"line":26,"column":null}},"1":{"start":{"line":23,"column":0},"end":{"line":23,"column":null}},"2":{"start":{"line":25,"column":0},"end":{"line":25,"column":null}}},"fnMap":{"0":{"name":"goBack","decl":{"start":{"line":21,"column":0},"end":{"line":21,"column":null}},"loc":{"start":{"line":21,"column":0},"end":{"line":27,"column":null}}}},"branchMap":{"0":{"loc":{"start":{"line":22,"column":0},"end":{"line":26,"column":null}},"type":"if","locations":[{"start":{"line":22,"column":0},"end":{"line":26,"column":null}},{"start":{"line":22,"column":0},"end":{"line":26,"column":null}}]}},"s":{"0":0,"1":0,"2":0},"f":{"0":0},"b":{"0":[0,0]}}
,"F:\\SVN\\UpinstarH5\\src\\common\\commonImgPrices\\CommonImgPrices.vue": {"path":"F:\\SVN\\UpinstarH5\\src\\common\\commonImgPrices\\CommonImgPrices.vue","statementMap":{"0":{"start":{"line":20,"column":0},"end":{"line":20,"column":null}},"1":{"start":{"line":21,"column":0},"end":{"line":21,"column":null}},"2":{"start":{"line":22,"column":0},"end":{"line":22,"column":null}},"3":{"start":{"line":23,"column":0},"end":{"line":23,"column":null}},"4":{"start":{"line":38,"column":0},"end":{"line":38,"column":null}},"5":{"start":{"line":46,"column":0},"end":{"line":50,"column":null}},"6":{"start":{"line":47,"column":0},"end":{"line":47,"column":null}},"7":{"start":{"line":49,"column":0},"end":{"line":49,"column":null}},"8":{"start":{"line":53,"column":0},"end":{"line":53,"column":null}},"9":{"start":{"line":54,"column":0},"end":{"line":63,"column":null}},"10":{"start":{"line":55,"column":0},"end":{"line":55,"column":null}},"11":{"start":{"line":58,"column":0},"end":{"line":63,"column":null}},"12":{"start":{"line":59,"column":0},"end":{"line":59,"column":null}},"13":{"start":{"line":62,"column":0},"end":{"line":62,"column":null}},"14":{"start":{"line":67,"column":0},"end":{"line":71,"column":null}},"15":{"start":{"line":68,"column":0},"end":{"line":68,"column":null}},"16":{"start":{"line":70,"column":0},"end":{"line":70,"column":null}}},"fnMap":{"0":{"name":"data","decl":{"start":{"line":37,"column":0},"end":{"line":37,"column":null}},"loc":{"start":{"line":37,"column":0},"end":{"line":43,"column":null}}},"1":{"name":"getImg","decl":{"start":{"line":45,"column":0},"end":{"line":45,"column":null}},"loc":{"start":{"line":45,"column":0},"end":{"line":51,"column":null}}},"2":{"name":"goodsDetail","decl":{"start":{"line":52,"column":0},"end":{"line":52,"column":null}},"loc":{"start":{"line":52,"column":0},"end":{"line":64,"column":null}}},"3":{"name":"(anonymous_5)","decl":{"start":{"line":59,"column":0},"end":{"line":59,"column":null}},"loc":{"start":{"line":59,"column":0},"end":{"line":59,"column":null}}},"4":{"name":"mounted","decl":{"start":{"line":66,"column":0},"end":{"line":66,"column":null}},"loc":{"start":{"line":66,"column":0},"end":{"line":72,"column":null}}}},"branchMap":{"0":{"loc":{"start":{"line":46,"column":0},"end":{"line":50,"column":null}},"type":"if","locations":[{"start":{"line":46,"column":0},"end":{"line":50,"column":null}},{"start":{"line":46,"column":0},"end":{"line":50,"column":null}}]},"1":{"loc":{"start":{"line":54,"column":0},"end":{"line":63,"column":null}},"type":"if","locations":[{"start":{"line":54,"column":0},"end":{"line":63,"column":null}},{"start":{"line":54,"column":0},"end":{"line":63,"column":null}}]},"2":{"loc":{"start":{"line":58,"column":0},"end":{"line":63,"column":null}},"type":"if","locations":[{"start":{"line":58,"column":0},"end":{"line":63,"column":null}},{"start":{"line":58,"column":0},"end":{"line":63,"column":null}}]},"3":{"loc":{"start":{"line":58,"column":0},"end":{"line":58,"column":null}},"type":"binary-expr","locations":[{"start":{"line":58,"column":0},"end":{"line":58,"column":null}},{"start":{"line":58,"column":0},"end":{"line":58,"column":null}}]},"4":{"loc":{"start":{"line":67,"column":0},"end":{"line":71,"column":null}},"type":"if","locations":[{"start":{"line":67,"column":0},"end":{"line":71,"column":null}},{"start":{"line":67,"column":0},"end":{"line":71,"column":null}}]}},"s":{"0":0,"1":0,"2":0,"3":0,"4":0,"5":0,"6":0,"7":0,"8":0,"9":0,"10":0,"11":0,"12":0,"13":0,"14":0,"15":0,"16":0},"f":{"0":0,"1":0,"2":0,"3":0,"4":0},"b":{"0":[0,0],"1":[0,0],"2":[0,0],"3":[0,0],"4":[0,0]}}
,"F:\\SVN\\UpinstarH5\\src\\common\\commonNum\\CommonNum.vue": {"path":"F:\\SVN\\UpinstarH5\\src\\common\\commonNum\\CommonNum.vue","statementMap":{"0":{"start":{"line":19,"column":0},"end":{"line":19,"column":null}},"1":{"start":{"line":24,"column":0},"end":{"line":34,"column":null}},"2":{"start":{"line":25,"column":0},"end":{"line":25,"column":null}},"3":{"start":{"line":30,"column":0},"end":{"line":32,"column":null}},"4":{"start":{"line":31,"column":0},"end":{"line":31,"column":null}},"5":{"start":{"line":33,"column":0},"end":{"line":33,"column":null}},"6":{"start":{"line":35,"column":0},"end":{"line":35,"column":null}},"7":{"start":{"line":39,"column":0},"end":{"line":39,"column":null}},"8":{"start":{"line":40,"column":0},"end":{"line":47,"column":null}},"9":{"start":{"line":41,"column":0},"end":{"line":41,"column":null}},"10":{"start":{"line":42,"column":0},"end":{"line":42,"column":null}}},"fnMap":{"0":{"name":"cartCount","decl":{"start":{"line":18,"column":0},"end":{"line":18,"column":null}},"loc":{"start":{"line":18,"column":0},"end":{"line":20,"column":null}}},"1":{"name":"addCount","decl":{"start":{"line":23,"column":0},"end":{"line":23,"column":null}},"loc":{"start":{"line":23,"column":0},"end":{"line":36,"column":null}}},"2":{"name":"subCount","decl":{"start":{"line":38,"column":0},"end":{"line":38,"column":null}},"loc":{"start":{"line":38,"column":0},"end":{"line":48,"column":null}}}},"branchMap":{"0":{"loc":{"start":{"line":24,"column":0},"end":{"line":34,"column":null}},"type":"if","locations":[{"start":{"line":24,"column":0},"end":{"line":34,"column":null}},{"start":{"line":24,"column":0},"end":{"line":34,"column":null}}]},"1":{"loc":{"start":{"line":30,"column":0},"end":{"line":32,"column":null}},"type":"if","locations":[{"start":{"line":30,"column":0},"end":{"line":32,"column":null}},{"start":{"line":30,"column":0},"end":{"line":32,"column":null}}]},"2":{"loc":{"start":{"line":40,"column":0},"end":{"line":47,"column":null}},"type":"if","locations":[{"start":{"line":40,"column":0},"end":{"line":47,"column":null}},{"start":{"line":40,"column":0},"end":{"line":47,"column":null}}]}},"s":{"0":0,"1":0,"2":0,"3":0,"4":0,"5":0,"6":0,"7":0,"8":0,"9":0,"10":0},"f":{"0":0,"1":0,"2":0},"b":{"0":[0,0],"1":[0,0],"2":[0,0]}}
,"F:\\SVN\\UpinstarH5\\src\\common\\commonSearch\\CommonSearch.vue": {"path":"F:\\SVN\\UpinstarH5\\src\\common\\commonSearch\\CommonSearch.vue","statementMap":{"0":{"start":{"line":9,"column":0},"end":{"line":9,"column":null}},"1":{"start":{"line":13,"column":0},"end":{"line":13,"column":null}},"2":{"start":{"line":17,"column":0},"end":{"line":17,"column":null}}},"fnMap":{"0":{"name":"data","decl":{"start":{"line":12,"column":0},"end":{"line":12,"column":null}},"loc":{"start":{"line":12,"column":0},"end":{"line":15,"column":null}}},"1":{"name":"searchActive","decl":{"start":{"line":17,"column":0},"end":{"line":17,"column":null}},"loc":{"start":{"line":17,"column":0},"end":{"line":17,"column":null}}}},"branchMap":{},"s":{"0":0,"1":0,"2":0},"f":{"0":0,"1":0},"b":{}}
,"F:\\SVN\\UpinstarH5\\src\\common\\commonSwiper\\CommonSwiper.vue": {"path":"F:\\SVN\\UpinstarH5\\src\\common\\commonSwiper\\CommonSwiper.vue","statementMap":{"0":{"start":{"line":12,"column":0},"end":{"line":12,"column":null}},"1":{"start":{"line":13,"column":0},"end":{"line":13,"column":null}},"2":{"start":{"line":14,"column":0},"end":{"line":14,"column":null}},"3":{"start":{"line":27,"column":0},"end":{"line":27,"column":null}}},"fnMap":{"0":{"name":"mounted","decl":{"start":{"line":24,"column":0},"end":{"line":24,"column":null}},"loc":{"start":{"line":24,"column":0},"end":{"line":24,"column":null}}},"1":{"name":"data","decl":{"start":{"line":26,"column":0},"end":{"line":26,"column":null}},"loc":{"start":{"line":26,"column":0},"end":{"line":44,"column":null}}}},"branchMap":{},"s":{"0":0,"1":0,"2":0,"3":0},"f":{"0":0,"1":0},"b":{}}
,"F:\\SVN\\UpinstarH5\\src\\common\\commonTextarea\\CommonTextarea.vue": {"path":"F:\\SVN\\UpinstarH5\\src\\common\\commonTextarea\\CommonTextarea.vue","statementMap":{"0":{"start":{"line":8,"column":0},"end":{"line":8,"column":null}},"1":{"start":{"line":35,"column":0},"end":{"line":35,"column":null}},"2":{"start":{"line":38,"column":0},"end":{"line":38,"column":null}},"3":{"start":{"line":47,"column":0},"end":{"line":47,"column":null}},"4":{"start":{"line":48,"column":0},"end":{"line":50,"column":null}},"5":{"start":{"line":49,"column":0},"end":{"line":49,"column":null}},"6":{"start":{"line":53,"column":0},"end":{"line":60,"column":null}},"7":{"start":{"line":54,"column":0},"end":{"line":54,"column":null}},"8":{"start":{"line":55,"column":0},"end":{"line":55,"column":null}},"9":{"start":{"line":61,"column":0},"end":{"line":65,"column":null}},"10":{"start":{"line":62,"column":0},"end":{"line":62,"column":null}},"11":{"start":{"line":64,"column":0},"end":{"line":64,"column":null}},"12":{"start":{"line":66,"column":0},"end":{"line":66,"column":null}},"13":{"start":{"line":71,"column":0},"end":{"line":71,"column":null}}},"fnMap":{"0":{"name":"created","decl":{"start":{"line":34,"column":0},"end":{"line":34,"column":null}},"loc":{"start":{"line":34,"column":0},"end":{"line":36,"column":null}}},"1":{"name":"data","decl":{"start":{"line":37,"column":0},"end":{"line":37,"column":null}},"loc":{"start":{"line":37,"column":0},"end":{"line":42,"column":null}}},"2":{"name":"mounted","decl":{"start":{"line":43,"column":0},"end":{"line":43,"column":null}},"loc":{"start":{"line":43,"column":0},"end":{"line":43,"column":null}}},"3":{"name":"value","decl":{"start":{"line":46,"column":0},"end":{"line":46,"column":null}},"loc":{"start":{"line":46,"column":0},"end":{"line":51,"column":null}}},"4":{"name":"currentValue","decl":{"start":{"line":52,"column":0},"end":{"line":52,"column":null}},"loc":{"start":{"line":52,"column":0},"end":{"line":67,"column":null}}},"5":{"name":"clear","decl":{"start":{"line":70,"column":0},"end":{"line":70,"column":null}},"loc":{"start":{"line":70,"column":0},"end":{"line":72,"column":null}}}},"branchMap":{"0":{"loc":{"start":{"line":48,"column":0},"end":{"line":50,"column":null}},"type":"if","locations":[{"start":{"line":48,"column":0},"end":{"line":50,"column":null}},{"start":{"line":48,"column":0},"end":{"line":50,"column":null}}]},"1":{"loc":{"start":{"line":53,"column":0},"end":{"line":60,"column":null}},"type":"if","locations":[{"start":{"line":53,"column":0},"end":{"line":60,"column":null}},{"start":{"line":53,"column":0},"end":{"line":60,"column":null}}]},"2":{"loc":{"start":{"line":53,"column":0},"end":{"line":53,"column":null}},"type":"binary-expr","locations":[{"start":{"line":53,"column":0},"end":{"line":53,"column":null}},{"start":{"line":53,"column":0},"end":{"line":53,"column":null}},{"start":{"line":53,"column":0},"end":{"line":53,"column":null}}]},"3":{"loc":{"start":{"line":61,"column":0},"end":{"line":65,"column":null}},"type":"if","locations":[{"start":{"line":61,"column":0},"end":{"line":65,"column":null}},{"start":{"line":61,"column":0},"end":{"line":65,"column":null}}]}},"s":{"0":0,"1":0,"2":0,"3":0,"4":0,"5":0,"6":0,"7":0,"8":0,"9":0,"10":0,"11":0,"12":0,"13":0},"f":{"0":0,"1":0,"2":0,"3":0,"4":0,"5":0},"b":{"0":[0,0],"1":[0,0],"2":[0,0,0],"3":[0,0]}}
,"F:\\SVN\\UpinstarH5\\src\\pages\\Index.vue": {"path":"F:\\SVN\\UpinstarH5\\src\\pages\\Index.vue","statementMap":{"0":{"start":{"line":15,"column":0},"end":{"line":15,"column":null}},"1":{"start":{"line":16,"column":0},"end":{"line":16,"column":null}},"2":{"start":{"line":17,"column":0},"end":{"line":17,"column":null}},"3":{"start":{"line":18,"column":0},"end":{"line":18,"column":null}},"4":{"start":{"line":19,"column":0},"end":{"line":19,"column":null}},"5":{"start":{"line":20,"column":0},"end":{"line":20,"column":null}},"6":{"start":{"line":21,"column":0},"end":{"line":21,"column":null}},"7":{"start":{"line":22,"column":0},"end":{"line":22,"column":null}},"8":{"start":{"line":23,"column":0},"end":{"line":23,"column":null}},"9":{"start":{"line":24,"column":0},"end":{"line":24,"column":null}},"10":{"start":{"line":29,"column":0},"end":{"line":29,"column":null}}},"fnMap":{"0":{"name":"data","decl":{"start":{"line":28,"column":0},"end":{"line":28,"column":null}},"loc":{"start":{"line":28,"column":0},"end":{"line":73,"column":null}}}},"branchMap":{},"s":{"0":0,"1":0,"2":0,"3":0,"4":0,"5":0,"6":0,"7":0,"8":0,"9":0,"10":0},"f":{"0":0},"b":{}}
,"F:\\SVN\\UpinstarH5\\src\\pages\\activityTemps\\ActivityTemps.vue": {"path":"F:\\SVN\\UpinstarH5\\src\\pages\\activityTemps\\ActivityTemps.vue","statementMap":{"0":{"start":{"line":10,"column":0},"end":{"line":10,"column":null}},"1":{"start":{"line":12,"column":0},"end":{"line":12,"column":null}},"2":{"start":{"line":15,"column":0},"end":{"line":15,"column":null}},"3":{"start":{"line":22,"column":0},"end":{"line":22,"column":null}},"4":{"start":{"line":25,"column":0},"end":{"line":25,"column":null}},"5":{"start":{"line":26,"column":0},"end":{"line":26,"column":null}},"6":{"start":{"line":27,"column":0},"end":{"line":27,"column":null}},"7":{"start":{"line":36,"column":0},"end":{"line":36,"column":null}},"8":{"start":{"line":44,"column":0},"end":{"line":44,"column":null}},"9":{"start":{"line":45,"column":0},"end":{"line":45,"column":null}},"10":{"start":{"line":46,"column":0},"end":{"line":46,"column":null}},"11":{"start":{"line":47,"column":0},"end":{"line":49,"column":null}},"12":{"start":{"line":48,"column":0},"end":{"line":48,"column":null}},"13":{"start":{"line":50,"column":0},"end":{"line":56,"column":null}},"14":{"start":{"line":51,"column":0},"end":{"line":51,"column":null}},"15":{"start":{"line":52,"column":0},"end":{"line":55,"column":null}},"16":{"start":{"line":53,"column":0},"end":{"line":53,"column":null}},"17":{"start":{"line":54,"column":0},"end":{"line":54,"column":null}},"18":{"start":{"line":60,"column":0},"end":{"line":60,"column":null}},"19":{"start":{"line":63,"column":0},"end":{"line":63,"column":null}},"20":{"start":{"line":64,"column":0},"end":{"line":71,"column":null}},"21":{"start":{"line":65,"column":0},"end":{"line":70,"column":null}},"22":{"start":{"line":66,"column":0},"end":{"line":66,"column":null}},"23":{"start":{"line":69,"column":0},"end":{"line":69,"column":null}},"24":{"start":{"line":72,"column":0},"end":{"line":74,"column":null}},"25":{"start":{"line":73,"column":0},"end":{"line":73,"column":null}},"26":{"start":{"line":76,"column":0},"end":{"line":101,"column":null}},"27":{"start":{"line":77,"column":0},"end":{"line":77,"column":null}},"28":{"start":{"line":80,"column":0},"end":{"line":100,"column":null}},"29":{"start":{"line":81,"column":0},"end":{"line":97,"column":null}},"30":{"start":{"line":82,"column":0},"end":{"line":94,"column":null}},"31":{"start":{"line":83,"column":0},"end":{"line":83,"column":null}},"32":{"start":{"line":89,"column":0},"end":{"line":89,"column":null}},"33":{"start":{"line":96,"column":0},"end":{"line":96,"column":null}},"34":{"start":{"line":99,"column":0},"end":{"line":99,"column":null}}},"fnMap":{"0":{"name":"data","decl":{"start":{"line":35,"column":0},"end":{"line":35,"column":null}},"loc":{"start":{"line":35,"column":0},"end":{"line":42,"column":null}}},"1":{"name":"activitiesRender","decl":{"start":{"line":44,"column":0},"end":{"line":44,"column":null}},"loc":{"start":{"line":44,"column":0},"end":{"line":57,"column":null}}},"2":{"name":"(anonymous_4)","decl":{"start":{"line":50,"column":0},"end":{"line":50,"column":null}},"loc":{"start":{"line":50,"column":0},"end":{"line":56,"column":null}}},"3":{"name":"created","decl":{"start":{"line":59,"column":0},"end":{"line":59,"column":null}},"loc":{"start":{"line":59,"column":0},"end":{"line":61,"column":null}}},"4":{"name":"(anonymous_6)","decl":{"start":{"line":64,"column":0},"end":{"line":64,"column":null}},"loc":{"start":{"line":64,"column":0},"end":{"line":71,"column":null}}},"5":{"name":"(anonymous_7)","decl":{"start":{"line":66,"column":0},"end":{"line":66,"column":null}},"loc":{"start":{"line":66,"column":0},"end":{"line":66,"column":null}}},"6":{"name":"(anonymous_8)","decl":{"start":{"line":72,"column":0},"end":{"line":72,"column":null}},"loc":{"start":{"line":72,"column":0},"end":{"line":74,"column":null}}},"7":{"name":"(anonymous_9)","decl":{"start":{"line":76,"column":0},"end":{"line":76,"column":null}},"loc":{"start":{"line":76,"column":0},"end":{"line":101,"column":null}}},"8":{"name":"(anonymous_10)","decl":{"start":{"line":81,"column":0},"end":{"line":81,"column":null}},"loc":{"start":{"line":81,"column":0},"end":{"line":95,"column":null}}},"9":{"name":"(anonymous_11)","decl":{"start":{"line":95,"column":0},"end":{"line":95,"column":null}},"loc":{"start":{"line":95,"column":0},"end":{"line":97,"column":null}}}},"branchMap":{"0":{"loc":{"start":{"line":47,"column":0},"end":{"line":49,"column":null}},"type":"if","locations":[{"start":{"line":47,"column":0},"end":{"line":49,"column":null}},{"start":{"line":47,"column":0},"end":{"line":49,"column":null}}]},"1":{"loc":{"start":{"line":47,"column":0},"end":{"line":47,"column":null}},"type":"binary-expr","locations":[{"start":{"line":47,"column":0},"end":{"line":47,"column":null}},{"start":{"line":47,"column":0},"end":{"line":47,"column":null}},{"start":{"line":47,"column":0},"end":{"line":47,"column":null}}]},"2":{"loc":{"start":{"line":52,"column":0},"end":{"line":55,"column":null}},"type":"if","locations":[{"start":{"line":52,"column":0},"end":{"line":55,"column":null}},{"start":{"line":52,"column":0},"end":{"line":55,"column":null}}]},"3":{"loc":{"start":{"line":65,"column":0},"end":{"line":70,"column":null}},"type":"if","locations":[{"start":{"line":65,"column":0},"end":{"line":70,"column":null}},{"start":{"line":65,"column":0},"end":{"line":70,"column":null}}]},"4":{"loc":{"start":{"line":65,"column":0},"end":{"line":65,"column":null}},"type":"binary-expr","locations":[{"start":{"line":65,"column":0},"end":{"line":65,"column":null}},{"start":{"line":65,"column":0},"end":{"line":65,"column":null}}]},"5":{"loc":{"start":{"line":80,"column":0},"end":{"line":100,"column":null}},"type":"if","locations":[{"start":{"line":80,"column":0},"end":{"line":100,"column":null}},{"start":{"line":80,"column":0},"end":{"line":100,"column":null}}]},"6":{"loc":{"start":{"line":82,"column":0},"end":{"line":94,"column":null}},"type":"if","locations":[{"start":{"line":82,"column":0},"end":{"line":94,"column":null}},{"start":{"line":82,"column":0},"end":{"line":94,"column":null}}]}},"s":{"0":0,"1":0,"2":0,"3":0,"4":0,"5":0,"6":0,"7":0,"8":0,"9":0,"10":0,"11":0,"12":0,"13":0,"14":0,"15":0,"16":0,"17":0,"18":0,"19":0,"20":0,"21":0,"22":0,"23":0,"24":0,"25":0,"26":0,"27":0,"28":0,"29":0,"30":0,"31":0,"32":0,"33":0,"34":0},"f":{"0":0,"1":0,"2":0,"3":0,"4":0,"5":0,"6":0,"7":0,"8":0,"9":0},"b":{"0":[0,0],"1":[0,0,0],"2":[0,0],"3":[0,0],"4":[0,0],"5":[0,0],"6":[0,0]}}
,"F:\\SVN\\UpinstarH5\\src\\pages\\activitys\\ActivitiesInterest.vue": {"path":"F:\\SVN\\UpinstarH5\\src\\pages\\activitys\\ActivitiesInterest.vue","statementMap":{"0":{"start":{"line":12,"column":0},"end":{"line":12,"column":null}},"1":{"start":{"line":13,"column":0},"end":{"line":13,"column":null}},"2":{"start":{"line":14,"column":0},"end":{"line":14,"column":null}},"3":{"start":{"line":15,"column":0},"end":{"line":15,"column":null}},"4":{"start":{"line":16,"column":0},"end":{"line":16,"column":null}},"5":{"start":{"line":17,"column":0},"end":{"line":17,"column":null}},"6":{"start":{"line":18,"column":0},"end":{"line":18,"column":null}},"7":{"start":{"line":22,"column":0},"end":{"line":22,"column":null}},"8":{"start":{"line":34,"column":0},"end":{"line":34,"column":null}},"9":{"start":{"line":37,"column":0},"end":{"line":37,"column":null}},"10":{"start":{"line":38,"column":0},"end":{"line":38,"column":null}},"11":{"start":{"line":39,"column":0},"end":{"line":42,"column":null}},"12":{"start":{"line":40,"column":0},"end":{"line":40,"column":null}},"13":{"start":{"line":41,"column":0},"end":{"line":41,"column":null}},"14":{"start":{"line":43,"column":0},"end":{"line":49,"column":null}},"15":{"start":{"line":44,"column":0},"end":{"line":44,"column":null}},"16":{"start":{"line":45,"column":0},"end":{"line":48,"column":null}},"17":{"start":{"line":46,"column":0},"end":{"line":46,"column":null}},"18":{"start":{"line":47,"column":0},"end":{"line":47,"column":null}},"19":{"start":{"line":52,"column":0},"end":{"line":52,"column":null}},"20":{"start":{"line":53,"column":0},"end":{"line":58,"column":null}},"21":{"start":{"line":54,"column":0},"end":{"line":54,"column":null}},"22":{"start":{"line":61,"column":0},"end":{"line":61,"column":null}}},"fnMap":{"0":{"name":"data","decl":{"start":{"line":21,"column":0},"end":{"line":21,"column":null}},"loc":{"start":{"line":21,"column":0},"end":{"line":27,"column":null}}},"1":{"name":"returnTitle","decl":{"start":{"line":33,"column":0},"end":{"line":33,"column":null}},"loc":{"start":{"line":33,"column":0},"end":{"line":36,"column":null}}},"2":{"name":"(anonymous_4)","decl":{"start":{"line":34,"column":0},"end":{"line":34,"column":null}},"loc":{"start":{"line":34,"column":0},"end":{"line":34,"column":null}}},"3":{"name":"activitiesInterestRender","decl":{"start":{"line":37,"column":0},"end":{"line":37,"column":null}},"loc":{"start":{"line":37,"column":0},"end":{"line":50,"column":null}}},"4":{"name":"(anonymous_6)","decl":{"start":{"line":43,"column":0},"end":{"line":43,"column":null}},"loc":{"start":{"line":43,"column":0},"end":{"line":49,"column":null}}},"5":{"name":"created","decl":{"start":{"line":52,"column":0},"end":{"line":52,"column":null}},"loc":{"start":{"line":52,"column":0},"end":{"line":59,"column":null}}},"6":{"name":"(anonymous_8)","decl":{"start":{"line":53,"column":0},"end":{"line":53,"column":null}},"loc":{"start":{"line":53,"column":0},"end":{"line":58,"column":null}}},"7":{"name":"mounted","decl":{"start":{"line":60,"column":0},"end":{"line":60,"column":null}},"loc":{"start":{"line":60,"column":0},"end":{"line":62,"column":null}}}},"branchMap":{"0":{"loc":{"start":{"line":39,"column":0},"end":{"line":42,"column":null}},"type":"if","locations":[{"start":{"line":39,"column":0},"end":{"line":42,"column":null}},{"start":{"line":39,"column":0},"end":{"line":42,"column":null}}]},"1":{"loc":{"start":{"line":39,"column":0},"end":{"line":39,"column":null}},"type":"binary-expr","locations":[{"start":{"line":39,"column":0},"end":{"line":39,"column":null}},{"start":{"line":39,"column":0},"end":{"line":39,"column":null}},{"start":{"line":39,"column":0},"end":{"line":39,"column":null}}]},"2":{"loc":{"start":{"line":45,"column":0},"end":{"line":48,"column":null}},"type":"if","locations":[{"start":{"line":45,"column":0},"end":{"line":48,"column":null}},{"start":{"line":45,"column":0},"end":{"line":48,"column":null}}]}},"s":{"0":0,"1":0,"2":0,"3":0,"4":0,"5":0,"6":0,"7":0,"8":0,"9":0,"10":0,"11":0,"12":0,"13":0,"14":0,"15":0,"16":0,"17":0,"18":0,"19":0,"20":0,"21":0,"22":0},"f":{"0":0,"1":0,"2":0,"3":0,"4":0,"5":0,"6":0,"7":0},"b":{"0":[0,0],"1":[0,0,0],"2":[0,0]}}
,"F:\\SVN\\UpinstarH5\\src\\pages\\activitys\\ActivitysList.vue": {"path":"F:\\SVN\\UpinstarH5\\src\\pages\\activitys\\ActivitysList.vue","statementMap":{"0":{"start":{"line":35,"column":0},"end":{"line":35,"column":null}},"1":{"start":{"line":36,"column":0},"end":{"line":36,"column":null}},"2":{"start":{"line":37,"column":0},"end":{"line":37,"column":null}},"3":{"start":{"line":38,"column":0},"end":{"line":38,"column":null}},"4":{"start":{"line":39,"column":0},"end":{"line":39,"column":null}},"5":{"start":{"line":40,"column":0},"end":{"line":40,"column":null}},"6":{"start":{"line":41,"column":0},"end":{"line":41,"column":null}},"7":{"start":{"line":42,"column":0},"end":{"line":42,"column":null}},"8":{"start":{"line":43,"column":0},"end":{"line":43,"column":null}},"9":{"start":{"line":44,"column":0},"end":{"line":44,"column":null}},"10":{"start":{"line":48,"column":0},"end":{"line":48,"column":null}},"11":{"start":{"line":77,"column":0},"end":{"line":77,"column":null}},"12":{"start":{"line":81,"column":0},"end":{"line":81,"column":null}},"13":{"start":{"line":82,"column":0},"end":{"line":82,"column":null}},"14":{"start":{"line":83,"column":0},"end":{"line":90,"column":null}},"15":{"start":{"line":88,"column":0},"end":{"line":88,"column":null}},"16":{"start":{"line":89,"column":0},"end":{"line":89,"column":null}},"17":{"start":{"line":91,"column":0},"end":{"line":106,"column":null}},"18":{"start":{"line":92,"column":0},"end":{"line":92,"column":null}},"19":{"start":{"line":93,"column":0},"end":{"line":105,"column":null}},"20":{"start":{"line":94,"column":0},"end":{"line":94,"column":null}},"21":{"start":{"line":95,"column":0},"end":{"line":104,"column":null}},"22":{"start":{"line":96,"column":0},"end":{"line":98,"column":null}},"23":{"start":{"line":97,"column":0},"end":{"line":97,"column":null}},"24":{"start":{"line":99,"column":0},"end":{"line":101,"column":null}},"25":{"start":{"line":100,"column":0},"end":{"line":100,"column":null}},"26":{"start":{"line":103,"column":0},"end":{"line":103,"column":null}},"27":{"start":{"line":110,"column":0},"end":{"line":110,"column":null}}},"fnMap":{"0":{"name":"data","decl":{"start":{"line":47,"column":0},"end":{"line":47,"column":null}},"loc":{"start":{"line":47,"column":0},"end":{"line":67,"column":null}}},"1":{"name":"returnTitle","decl":{"start":{"line":76,"column":0},"end":{"line":76,"column":null}},"loc":{"start":{"line":76,"column":0},"end":{"line":79,"column":null}}},"2":{"name":"(anonymous_4)","decl":{"start":{"line":77,"column":0},"end":{"line":77,"column":null}},"loc":{"start":{"line":77,"column":0},"end":{"line":77,"column":null}}},"3":{"name":"activitysRender","decl":{"start":{"line":81,"column":0},"end":{"line":81,"column":null}},"loc":{"start":{"line":81,"column":0},"end":{"line":107,"column":null}}},"4":{"name":"(anonymous_6)","decl":{"start":{"line":91,"column":0},"end":{"line":91,"column":null}},"loc":{"start":{"line":91,"column":0},"end":{"line":106,"column":null}}},"5":{"name":"mounted","decl":{"start":{"line":109,"column":0},"end":{"line":109,"column":null}},"loc":{"start":{"line":109,"column":0},"end":{"line":111,"column":null}}}},"branchMap":{"0":{"loc":{"start":{"line":83,"column":0},"end":{"line":90,"column":null}},"type":"if","locations":[{"start":{"line":83,"column":0},"end":{"line":90,"column":null}},{"start":{"line":83,"column":0},"end":{"line":90,"column":null}}]},"1":{"loc":{"start":{"line":83,"column":0},"end":{"line":83,"column":null}},"type":"binary-expr","locations":[{"start":{"line":83,"column":0},"end":{"line":83,"column":null}},{"start":{"line":83,"column":0},"end":{"line":83,"column":null}},{"start":{"line":83,"column":0},"end":{"line":83,"column":null}}]},"2":{"loc":{"start":{"line":93,"column":0},"end":{"line":105,"column":null}},"type":"if","locations":[{"start":{"line":93,"column":0},"end":{"line":105,"column":null}},{"start":{"line":93,"column":0},"end":{"line":105,"column":null}}]},"3":{"loc":{"start":{"line":95,"column":0},"end":{"line":104,"column":null}},"type":"if","locations":[{"start":{"line":95,"column":0},"end":{"line":104,"column":null}},{"start":{"line":95,"column":0},"end":{"line":104,"column":null}}]},"4":{"loc":{"start":{"line":96,"column":0},"end":{"line":98,"column":null}},"type":"if","locations":[{"start":{"line":96,"column":0},"end":{"line":98,"column":null}},{"start":{"line":96,"column":0},"end":{"line":98,"column":null}}]},"5":{"loc":{"start":{"line":99,"column":0},"end":{"line":101,"column":null}},"type":"if","locations":[{"start":{"line":99,"column":0},"end":{"line":101,"column":null}},{"start":{"line":99,"column":0},"end":{"line":101,"column":null}}]}},"s":{"0":0,"1":0,"2":0,"3":0,"4":0,"5":0,"6":0,"7":0,"8":0,"9":0,"10":0,"11":0,"12":0,"13":0,"14":0,"15":0,"16":0,"17":0,"18":0,"19":0,"20":0,"21":0,"22":0,"23":0,"24":0,"25":0,"26":0,"27":0},"f":{"0":0,"1":0,"2":0,"3":0,"4":0,"5":0},"b":{"0":[0,0],"1":[0,0,0],"2":[0,0],"3":[0,0],"4":[0,0],"5":[0,0]}}
,"F:\\SVN\\UpinstarH5\\src\\pages\\activitys\\ClassfiyGoods.vue": {"path":"F:\\SVN\\UpinstarH5\\src\\pages\\activitys\\ClassfiyGoods.vue","statementMap":{"0":{"start":{"line":34,"column":0},"end":{"line":34,"column":null}},"1":{"start":{"line":35,"column":0},"end":{"line":35,"column":null}},"2":{"start":{"line":36,"column":0},"end":{"line":36,"column":null}},"3":{"start":{"line":37,"column":0},"end":{"line":37,"column":null}},"4":{"start":{"line":38,"column":0},"end":{"line":38,"column":null}},"5":{"start":{"line":39,"column":0},"end":{"line":39,"column":null}},"6":{"start":{"line":40,"column":0},"end":{"line":40,"column":null}},"7":{"start":{"line":41,"column":0},"end":{"line":41,"column":null}},"8":{"start":{"line":42,"column":0},"end":{"line":42,"column":null}},"9":{"start":{"line":43,"column":0},"end":{"line":43,"column":null}},"10":{"start":{"line":47,"column":0},"end":{"line":47,"column":null}},"11":{"start":{"line":61,"column":0},"end":{"line":61,"column":null}},"12":{"start":{"line":66,"column":0},"end":{"line":66,"column":null}},"13":{"start":{"line":69,"column":0},"end":{"line":69,"column":null}},"14":{"start":{"line":70,"column":0},"end":{"line":70,"column":null}},"15":{"start":{"line":71,"column":0},"end":{"line":74,"column":null}},"16":{"start":{"line":72,"column":0},"end":{"line":72,"column":null}},"17":{"start":{"line":73,"column":0},"end":{"line":73,"column":null}},"18":{"start":{"line":75,"column":0},"end":{"line":75,"column":null}},"19":{"start":{"line":76,"column":0},"end":{"line":76,"column":null}},"20":{"start":{"line":77,"column":0},"end":{"line":77,"column":null}},"21":{"start":{"line":82,"column":0},"end":{"line":86,"column":null}},"22":{"start":{"line":83,"column":0},"end":{"line":85,"column":null}},"23":{"start":{"line":84,"column":0},"end":{"line":84,"column":null}},"24":{"start":{"line":90,"column":0},"end":{"line":90,"column":null}},"25":{"start":{"line":91,"column":0},"end":{"line":91,"column":null}},"26":{"start":{"line":92,"column":0},"end":{"line":92,"column":null}},"27":{"start":{"line":93,"column":0},"end":{"line":93,"column":null}},"28":{"start":{"line":94,"column":0},"end":{"line":94,"column":null}},"29":{"start":{"line":97,"column":0},"end":{"line":97,"column":null}},"30":{"start":{"line":98,"column":0},"end":{"line":98,"column":null}},"31":{"start":{"line":99,"column":0},"end":{"line":99,"column":null}},"32":{"start":{"line":100,"column":0},"end":{"line":105,"column":null}},"33":{"start":{"line":101,"column":0},"end":{"line":101,"column":null}},"34":{"start":{"line":102,"column":0},"end":{"line":102,"column":null}},"35":{"start":{"line":104,"column":0},"end":{"line":104,"column":null}},"36":{"start":{"line":106,"column":0},"end":{"line":106,"column":null}},"37":{"start":{"line":109,"column":0},"end":{"line":109,"column":null}},"38":{"start":{"line":110,"column":0},"end":{"line":115,"column":null}},"39":{"start":{"line":111,"column":0},"end":{"line":111,"column":null}},"40":{"start":{"line":117,"column":0},"end":{"line":117,"column":null}},"41":{"start":{"line":118,"column":0},"end":{"line":118,"column":null}},"42":{"start":{"line":119,"column":0},"end":{"line":119,"column":null}},"43":{"start":{"line":120,"column":0},"end":{"line":123,"column":null}},"44":{"start":{"line":121,"column":0},"end":{"line":121,"column":null}},"45":{"start":{"line":122,"column":0},"end":{"line":122,"column":null}},"46":{"start":{"line":126,"column":0},"end":{"line":126,"column":null}}},"fnMap":{"0":{"name":"data","decl":{"start":{"line":46,"column":0},"end":{"line":46,"column":null}},"loc":{"start":{"line":46,"column":0},"end":{"line":54,"column":null}}},"1":{"name":"$route","decl":{"start":{"line":60,"column":0},"end":{"line":60,"column":null}},"loc":{"start":{"line":60,"column":0},"end":{"line":62,"column":null}}},"2":{"name":"returnTitle","decl":{"start":{"line":65,"column":0},"end":{"line":65,"column":null}},"loc":{"start":{"line":65,"column":0},"end":{"line":68,"column":null}}},"3":{"name":"(anonymous_5)","decl":{"start":{"line":66,"column":0},"end":{"line":66,"column":null}},"loc":{"start":{"line":66,"column":0},"end":{"line":66,"column":null}}},"4":{"name":"classfiyGoodsRender","decl":{"start":{"line":69,"column":0},"end":{"line":69,"column":null}},"loc":{"start":{"line":69,"column":0},"end":{"line":87,"column":null}}},"5":{"name":"(anonymous_7)","decl":{"start":{"line":82,"column":0},"end":{"line":82,"column":null}},"loc":{"start":{"line":82,"column":0},"end":{"line":86,"column":null}}},"6":{"name":"countDown","decl":{"start":{"line":89,"column":0},"end":{"line":89,"column":null}},"loc":{"start":{"line":89,"column":0},"end":{"line":95,"column":null}}},"7":{"name":"setNewSwiperData","decl":{"start":{"line":96,"column":0},"end":{"line":96,"column":null}},"loc":{"start":{"line":96,"column":0},"end":{"line":107,"column":null}}},"8":{"name":"created","decl":{"start":{"line":109,"column":0},"end":{"line":109,"column":null}},"loc":{"start":{"line":109,"column":0},"end":{"line":116,"column":null}}},"9":{"name":"(anonymous_11)","decl":{"start":{"line":110,"column":0},"end":{"line":110,"column":null}},"loc":{"start":{"line":110,"column":0},"end":{"line":115,"column":null}}},"10":{"name":"mounted","decl":{"start":{"line":117,"column":0},"end":{"line":117,"column":null}},"loc":{"start":{"line":117,"column":0},"end":{"line":124,"column":null}}},"11":{"name":"(anonymous_13)","decl":{"start":{"line":120,"column":0},"end":{"line":120,"column":null}},"loc":{"start":{"line":120,"column":0},"end":{"line":123,"column":null}}},"12":{"name":"destroyed","decl":{"start":{"line":125,"column":0},"end":{"line":125,"column":null}},"loc":{"start":{"line":125,"column":0},"end":{"line":127,"column":null}}}},"branchMap":{"0":{"loc":{"start":{"line":71,"column":0},"end":{"line":74,"column":null}},"type":"if","locations":[{"start":{"line":71,"column":0},"end":{"line":74,"column":null}},{"start":{"line":71,"column":0},"end":{"line":74,"column":null}}]},"1":{"loc":{"start":{"line":71,"column":0},"end":{"line":71,"column":null}},"type":"binary-expr","locations":[{"start":{"line":71,"column":0},"end":{"line":71,"column":null}},{"start":{"line":71,"column":0},"end":{"line":71,"column":null}},{"start":{"line":71,"column":0},"end":{"line":71,"column":null}}]},"2":{"loc":{"start":{"line":83,"column":0},"end":{"line":85,"column":null}},"type":"if","locations":[{"start":{"line":83,"column":0},"end":{"line":85,"column":null}},{"start":{"line":83,"column":0},"end":{"line":85,"column":null}}]},"3":{"loc":{"start":{"line":91,"column":0},"end":{"line":91,"column":null}},"type":"cond-expr","locations":[{"start":{"line":91,"column":0},"end":{"line":91,"column":null}},{"start":{"line":91,"column":0},"end":{"line":91,"column":null}}]},"4":{"loc":{"start":{"line":92,"column":0},"end":{"line":92,"column":null}},"type":"cond-expr","locations":[{"start":{"line":92,"column":0},"end":{"line":92,"column":null}},{"start":{"line":92,"column":0},"end":{"line":92,"column":null}}]},"5":{"loc":{"start":{"line":93,"column":0},"end":{"line":93,"column":null}},"type":"cond-expr","locations":[{"start":{"line":93,"column":0},"end":{"line":93,"column":null}},{"start":{"line":93,"column":0},"end":{"line":93,"column":null}}]},"6":{"loc":{"start":{"line":100,"column":0},"end":{"line":105,"column":null}},"type":"if","locations":[{"start":{"line":100,"column":0},"end":{"line":105,"column":null}},{"start":{"line":100,"column":0},"end":{"line":105,"column":null}}]}},"s":{"0":0,"1":0,"2":0,"3":0,"4":0,"5":0,"6":0,"7":0,"8":0,"9":0,"10":0,"11":0,"12":0,"13":0,"14":0,"15":0,"16":0,"17":0,"18":0,"19":0,"20":0,"21":0,"22":0,"23":0,"24":0,"25":0,"26":0,"27":0,"28":0,"29":0,"30":0,"31":0,"32":0,"33":0,"34":0,"35":0,"36":0,"37":0,"38":0,"39":0,"40":0,"41":0,"42":0,"43":0,"44":0,"45":0,"46":0},"f":{"0":0,"1":0,"2":0,"3":0,"4":0,"5":0,"6":0,"7":0,"8":0,"9":0,"10":0,"11":0,"12":0},"b":{"0":[0,0],"1":[0,0,0],"2":[0,0],"3":[0,0],"4":[0,0],"5":[0,0],"6":[0,0]}}
,"F:\\SVN\\UpinstarH5\\src\\pages\\activitys\\components\\ActivityCategory.vue": {"path":"F:\\SVN\\UpinstarH5\\src\\pages\\activitys\\components\\ActivityCategory.vue","statementMap":{"0":{"start":{"line":30,"column":0},"end":{"line":30,"column":null}},"1":{"start":{"line":31,"column":0},"end":{"line":31,"column":null}},"2":{"start":{"line":32,"column":0},"end":{"line":32,"column":null}},"3":{"start":{"line":33,"column":0},"end":{"line":33,"column":null}},"4":{"start":{"line":34,"column":0},"end":{"line":34,"column":null}},"5":{"start":{"line":35,"column":0},"end":{"line":35,"column":null}},"6":{"start":{"line":42,"column":0},"end":{"line":42,"column":null}},"7":{"start":{"line":55,"column":0},"end":{"line":55,"column":null}},"8":{"start":{"line":56,"column":0},"end":{"line":56,"column":null}},"9":{"start":{"line":60,"column":0},"end":{"line":60,"column":null}},"10":{"start":{"line":61,"column":0},"end":{"line":70,"column":null}},"11":{"start":{"line":62,"column":0},"end":{"line":62,"column":null}},"12":{"start":{"line":65,"column":0},"end":{"line":70,"column":null}},"13":{"start":{"line":66,"column":0},"end":{"line":66,"column":null}},"14":{"start":{"line":69,"column":0},"end":{"line":69,"column":null}},"15":{"start":{"line":74,"column":0},"end":{"line":78,"column":null}},"16":{"start":{"line":75,"column":0},"end":{"line":75,"column":null}},"17":{"start":{"line":77,"column":0},"end":{"line":77,"column":null}},"18":{"start":{"line":79,"column":0},"end":{"line":79,"column":null}},"19":{"start":{"line":83,"column":0},"end":{"line":83,"column":null}},"20":{"start":{"line":84,"column":0},"end":{"line":84,"column":null}},"21":{"start":{"line":85,"column":0},"end":{"line":85,"column":null}},"22":{"start":{"line":86,"column":0},"end":{"line":86,"column":null}},"23":{"start":{"line":87,"column":0},"end":{"line":87,"column":null}},"24":{"start":{"line":90,"column":0},"end":{"line":90,"column":null}},"25":{"start":{"line":91,"column":0},"end":{"line":91,"column":null}},"26":{"start":{"line":92,"column":0},"end":{"line":92,"column":null}},"27":{"start":{"line":93,"column":0},"end":{"line":98,"column":null}},"28":{"start":{"line":94,"column":0},"end":{"line":94,"column":null}},"29":{"start":{"line":95,"column":0},"end":{"line":95,"column":null}},"30":{"start":{"line":97,"column":0},"end":{"line":97,"column":null}},"31":{"start":{"line":99,"column":0},"end":{"line":99,"column":null}},"32":{"start":{"line":102,"column":0},"end":{"line":102,"column":null}},"33":{"start":{"line":103,"column":0},"end":{"line":103,"column":null}},"34":{"start":{"line":104,"column":0},"end":{"line":104,"column":null}},"35":{"start":{"line":105,"column":0},"end":{"line":107,"column":null}},"36":{"start":{"line":106,"column":0},"end":{"line":106,"column":null}},"37":{"start":{"line":110,"column":0},"end":{"line":110,"column":null}}},"fnMap":{"0":{"name":"data","decl":{"start":{"line":41,"column":0},"end":{"line":41,"column":null}},"loc":{"start":{"line":41,"column":0},"end":{"line":51,"column":null}}},"1":{"name":"activityCategoryRender","decl":{"start":{"line":54,"column":0},"end":{"line":54,"column":null}},"loc":{"start":{"line":54,"column":0},"end":{"line":57,"column":null}}},"2":{"name":"activityGoodsDetails","decl":{"start":{"line":59,"column":0},"end":{"line":59,"column":null}},"loc":{"start":{"line":59,"column":0},"end":{"line":71,"column":null}}},"3":{"name":"(anonymous_5)","decl":{"start":{"line":66,"column":0},"end":{"line":66,"column":null}},"loc":{"start":{"line":66,"column":0},"end":{"line":66,"column":null}}},"4":{"name":"activityGoodsMore","decl":{"start":{"line":73,"column":0},"end":{"line":73,"column":null}},"loc":{"start":{"line":73,"column":0},"end":{"line":80,"column":null}}},"5":{"name":"countDown","decl":{"start":{"line":82,"column":0},"end":{"line":82,"column":null}},"loc":{"start":{"line":82,"column":0},"end":{"line":88,"column":null}}},"6":{"name":"setNewSwiperData","decl":{"start":{"line":89,"column":0},"end":{"line":89,"column":null}},"loc":{"start":{"line":89,"column":0},"end":{"line":100,"column":null}}},"7":{"name":"mounted","decl":{"start":{"line":102,"column":0},"end":{"line":102,"column":null}},"loc":{"start":{"line":102,"column":0},"end":{"line":108,"column":null}}},"8":{"name":"(anonymous_10)","decl":{"start":{"line":105,"column":0},"end":{"line":105,"column":null}},"loc":{"start":{"line":105,"column":0},"end":{"line":107,"column":null}}},"9":{"name":"beforeDestroy","decl":{"start":{"line":109,"column":0},"end":{"line":109,"column":null}},"loc":{"start":{"line":109,"column":0},"end":{"line":111,"column":null}}}},"branchMap":{"0":{"loc":{"start":{"line":61,"column":0},"end":{"line":70,"column":null}},"type":"if","locations":[{"start":{"line":61,"column":0},"end":{"line":70,"column":null}},{"start":{"line":61,"column":0},"end":{"line":70,"column":null}}]},"1":{"loc":{"start":{"line":65,"column":0},"end":{"line":70,"column":null}},"type":"if","locations":[{"start":{"line":65,"column":0},"end":{"line":70,"column":null}},{"start":{"line":65,"column":0},"end":{"line":70,"column":null}}]},"2":{"loc":{"start":{"line":65,"column":0},"end":{"line":65,"column":null}},"type":"binary-expr","locations":[{"start":{"line":65,"column":0},"end":{"line":65,"column":null}},{"start":{"line":65,"column":0},"end":{"line":65,"column":null}}]},"3":{"loc":{"start":{"line":74,"column":0},"end":{"line":78,"column":null}},"type":"if","locations":[{"start":{"line":74,"column":0},"end":{"line":78,"column":null}},{"start":{"line":74,"column":0},"end":{"line":78,"column":null}}]},"4":{"loc":{"start":{"line":74,"column":0},"end":{"line":74,"column":null}},"type":"binary-expr","locations":[{"start":{"line":74,"column":0},"end":{"line":74,"column":null}},{"start":{"line":74,"column":0},"end":{"line":74,"column":null}},{"start":{"line":74,"column":0},"end":{"line":74,"column":null}}]},"5":{"loc":{"start":{"line":84,"column":0},"end":{"line":84,"column":null}},"type":"cond-expr","locations":[{"start":{"line":84,"column":0},"end":{"line":84,"column":null}},{"start":{"line":84,"column":0},"end":{"line":84,"column":null}}]},"6":{"loc":{"start":{"line":85,"column":0},"end":{"line":85,"column":null}},"type":"cond-expr","locations":[{"start":{"line":85,"column":0},"end":{"line":85,"column":null}},{"start":{"line":85,"column":0},"end":{"line":85,"column":null}}]},"7":{"loc":{"start":{"line":86,"column":0},"end":{"line":86,"column":null}},"type":"cond-expr","locations":[{"start":{"line":86,"column":0},"end":{"line":86,"column":null}},{"start":{"line":86,"column":0},"end":{"line":86,"column":null}}]},"8":{"loc":{"start":{"line":93,"column":0},"end":{"line":98,"column":null}},"type":"if","locations":[{"start":{"line":93,"column":0},"end":{"line":98,"column":null}},{"start":{"line":93,"column":0},"end":{"line":98,"column":null}}]}},"s":{"0":0,"1":0,"2":0,"3":0,"4":0,"5":0,"6":0,"7":0,"8":0,"9":0,"10":0,"11":0,"12":0,"13":0,"14":0,"15":0,"16":0,"17":0,"18":0,"19":0,"20":0,"21":0,"22":0,"23":0,"24":0,"25":0,"26":0,"27":0,"28":0,"29":0,"30":0,"31":0,"32":0,"33":0,"34":0,"35":0,"36":0,"37":0},"f":{"0":0,"1":0,"2":0,"3":0,"4":0,"5":0,"6":0,"7":0,"8":0,"9":0},"b":{"0":[0,0],"1":[0,0],"2":[0,0],"3":[0,0],"4":[0,0,0],"5":[0,0],"6":[0,0],"7":[0,0],"8":[0,0]}}
,"F:\\SVN\\UpinstarH5\\src\\pages\\activitys\\components\\ActivityElies.vue": {"path":"F:\\SVN\\UpinstarH5\\src\\pages\\activitys\\components\\ActivityElies.vue","statementMap":{"0":{"start":{"line":9,"column":0},"end":{"line":9,"column":null}},"1":{"start":{"line":10,"column":0},"end":{"line":10,"column":null}},"2":{"start":{"line":17,"column":0},"end":{"line":17,"column":null}},"3":{"start":{"line":25,"column":0},"end":{"line":25,"column":null}},"4":{"start":{"line":26,"column":0},"end":{"line":30,"column":null}},"5":{"start":{"line":27,"column":0},"end":{"line":27,"column":null}},"6":{"start":{"line":29,"column":0},"end":{"line":29,"column":null}}},"fnMap":{"0":{"name":"data","decl":{"start":{"line":16,"column":0},"end":{"line":16,"column":null}},"loc":{"start":{"line":16,"column":0},"end":{"line":21,"column":null}}},"1":{"name":"activityInfoDetails","decl":{"start":{"line":24,"column":0},"end":{"line":24,"column":null}},"loc":{"start":{"line":24,"column":0},"end":{"line":31,"column":null}}}},"branchMap":{"0":{"loc":{"start":{"line":26,"column":0},"end":{"line":30,"column":null}},"type":"if","locations":[{"start":{"line":26,"column":0},"end":{"line":30,"column":null}},{"start":{"line":26,"column":0},"end":{"line":30,"column":null}}]},"1":{"loc":{"start":{"line":26,"column":0},"end":{"line":26,"column":null}},"type":"binary-expr","locations":[{"start":{"line":26,"column":0},"end":{"line":26,"column":null}},{"start":{"line":26,"column":0},"end":{"line":26,"column":null}},{"start":{"line":26,"column":0},"end":{"line":26,"column":null}}]}},"s":{"0":0,"1":0,"2":0,"3":0,"4":0,"5":0,"6":0},"f":{"0":0,"1":0},"b":{"0":[0,0],"1":[0,0,0]}}
,"F:\\SVN\\UpinstarH5\\src\\pages\\activitys\\components\\ActivityGoods.vue": {"path":"F:\\SVN\\UpinstarH5\\src\\pages\\activitys\\components\\ActivityGoods.vue","statementMap":{"0":{"start":{"line":16,"column":0},"end":{"line":16,"column":null}},"1":{"start":{"line":17,"column":0},"end":{"line":17,"column":null}},"2":{"start":{"line":18,"column":0},"end":{"line":18,"column":null}},"3":{"start":{"line":19,"column":0},"end":{"line":19,"column":null}},"4":{"start":{"line":24,"column":0},"end":{"line":24,"column":null}},"5":{"start":{"line":34,"column":0},"end":{"line":34,"column":null}},"6":{"start":{"line":35,"column":0},"end":{"line":44,"column":null}},"7":{"start":{"line":36,"column":0},"end":{"line":36,"column":null}},"8":{"start":{"line":39,"column":0},"end":{"line":44,"column":null}},"9":{"start":{"line":40,"column":0},"end":{"line":40,"column":null}},"10":{"start":{"line":43,"column":0},"end":{"line":43,"column":null}},"11":{"start":{"line":47,"column":0},"end":{"line":47,"column":null}},"12":{"start":{"line":48,"column":0},"end":{"line":48,"column":null}},"13":{"start":{"line":49,"column":0},"end":{"line":49,"column":null}},"14":{"start":{"line":50,"column":0},"end":{"line":50,"column":null}},"15":{"start":{"line":51,"column":0},"end":{"line":51,"column":null}},"16":{"start":{"line":54,"column":0},"end":{"line":54,"column":null}},"17":{"start":{"line":55,"column":0},"end":{"line":55,"column":null}},"18":{"start":{"line":56,"column":0},"end":{"line":56,"column":null}},"19":{"start":{"line":57,"column":0},"end":{"line":62,"column":null}},"20":{"start":{"line":58,"column":0},"end":{"line":58,"column":null}},"21":{"start":{"line":59,"column":0},"end":{"line":59,"column":null}},"22":{"start":{"line":61,"column":0},"end":{"line":61,"column":null}},"23":{"start":{"line":63,"column":0},"end":{"line":63,"column":null}},"24":{"start":{"line":66,"column":0},"end":{"line":66,"column":null}},"25":{"start":{"line":67,"column":0},"end":{"line":67,"column":null}},"26":{"start":{"line":68,"column":0},"end":{"line":70,"column":null}},"27":{"start":{"line":69,"column":0},"end":{"line":69,"column":null}},"28":{"start":{"line":73,"column":0},"end":{"line":73,"column":null}}},"fnMap":{"0":{"name":"data","decl":{"start":{"line":23,"column":0},"end":{"line":23,"column":null}},"loc":{"start":{"line":23,"column":0},"end":{"line":30,"column":null}}},"1":{"name":"activityGoodsDetails","decl":{"start":{"line":33,"column":0},"end":{"line":33,"column":null}},"loc":{"start":{"line":33,"column":0},"end":{"line":45,"column":null}}},"2":{"name":"(anonymous_4)","decl":{"start":{"line":40,"column":0},"end":{"line":40,"column":null}},"loc":{"start":{"line":40,"column":0},"end":{"line":40,"column":null}}},"3":{"name":"countDown","decl":{"start":{"line":46,"column":0},"end":{"line":46,"column":null}},"loc":{"start":{"line":46,"column":0},"end":{"line":52,"column":null}}},"4":{"name":"setNewSwiperData","decl":{"start":{"line":53,"column":0},"end":{"line":53,"column":null}},"loc":{"start":{"line":53,"column":0},"end":{"line":64,"column":null}}},"5":{"name":"mounted","decl":{"start":{"line":66,"column":0},"end":{"line":66,"column":null}},"loc":{"start":{"line":66,"column":0},"end":{"line":71,"column":null}}},"6":{"name":"(anonymous_8)","decl":{"start":{"line":68,"column":0},"end":{"line":68,"column":null}},"loc":{"start":{"line":68,"column":0},"end":{"line":70,"column":null}}},"7":{"name":"beforeDestroy","decl":{"start":{"line":72,"column":0},"end":{"line":72,"column":null}},"loc":{"start":{"line":72,"column":0},"end":{"line":74,"column":null}}}},"branchMap":{"0":{"loc":{"start":{"line":35,"column":0},"end":{"line":44,"column":null}},"type":"if","locations":[{"start":{"line":35,"column":0},"end":{"line":44,"column":null}},{"start":{"line":35,"column":0},"end":{"line":44,"column":null}}]},"1":{"loc":{"start":{"line":39,"column":0},"end":{"line":44,"column":null}},"type":"if","locations":[{"start":{"line":39,"column":0},"end":{"line":44,"column":null}},{"start":{"line":39,"column":0},"end":{"line":44,"column":null}}]},"2":{"loc":{"start":{"line":39,"column":0},"end":{"line":39,"column":null}},"type":"binary-expr","locations":[{"start":{"line":39,"column":0},"end":{"line":39,"column":null}},{"start":{"line":39,"column":0},"end":{"line":39,"column":null}}]},"3":{"loc":{"start":{"line":48,"column":0},"end":{"line":48,"column":null}},"type":"cond-expr","locations":[{"start":{"line":48,"column":0},"end":{"line":48,"column":null}},{"start":{"line":48,"column":0},"end":{"line":48,"column":null}}]},"4":{"loc":{"start":{"line":49,"column":0},"end":{"line":49,"column":null}},"type":"cond-expr","locations":[{"start":{"line":49,"column":0},"end":{"line":49,"column":null}},{"start":{"line":49,"column":0},"end":{"line":49,"column":null}}]},"5":{"loc":{"start":{"line":50,"column":0},"end":{"line":50,"column":null}},"type":"cond-expr","locations":[{"start":{"line":50,"column":0},"end":{"line":50,"column":null}},{"start":{"line":50,"column":0},"end":{"line":50,"column":null}}]},"6":{"loc":{"start":{"line":57,"column":0},"end":{"line":62,"column":null}},"type":"if","locations":[{"start":{"line":57,"column":0},"end":{"line":62,"column":null}},{"start":{"line":57,"column":0},"end":{"line":62,"column":null}}]}},"s":{"0":0,"1":0,"2":0,"3":0,"4":0,"5":0,"6":0,"7":0,"8":0,"9":0,"10":0,"11":0,"12":0,"13":0,"14":0,"15":0,"16":0,"17":0,"18":0,"19":0,"20":0,"21":0,"22":0,"23":0,"24":0,"25":0,"26":0,"27":0,"28":0},"f":{"0":0,"1":0,"2":0,"3":0,"4":0,"5":0,"6":0,"7":0},"b":{"0":[0,0],"1":[0,0],"2":[0,0],"3":[0,0],"4":[0,0],"5":[0,0],"6":[0,0]}}
,"F:\\SVN\\UpinstarH5\\src\\pages\\afterSale\\AfterEvaluation.vue": {"path":"F:\\SVN\\UpinstarH5\\src\\pages\\afterSale\\AfterEvaluation.vue","statementMap":{"0":{"start":{"line":20,"column":0},"end":{"line":20,"column":null}},"1":{"start":{"line":24,"column":0},"end":{"line":24,"column":null}},"2":{"start":{"line":27,"column":0},"end":{"line":27,"column":null}},"3":{"start":{"line":36,"column":0},"end":{"line":36,"column":null}},"4":{"start":{"line":45,"column":0},"end":{"line":45,"column":null}},"5":{"start":{"line":46,"column":0},"end":{"line":46,"column":null}},"6":{"start":{"line":47,"column":0},"end":{"line":54,"column":null}},"7":{"start":{"line":48,"column":0},"end":{"line":48,"column":null}},"8":{"start":{"line":53,"column":0},"end":{"line":53,"column":null}},"9":{"start":{"line":55,"column":0},"end":{"line":66,"column":null}},"10":{"start":{"line":56,"column":0},"end":{"line":65,"column":null}},"11":{"start":{"line":57,"column":0},"end":{"line":57,"column":null}},"12":{"start":{"line":62,"column":0},"end":{"line":64,"column":null}},"13":{"start":{"line":63,"column":0},"end":{"line":63,"column":null}}},"fnMap":{"0":{"name":"data","decl":{"start":{"line":35,"column":0},"end":{"line":35,"column":null}},"loc":{"start":{"line":35,"column":0},"end":{"line":42,"column":null}}},"1":{"name":"sureRefundOper","decl":{"start":{"line":45,"column":0},"end":{"line":45,"column":null}},"loc":{"start":{"line":45,"column":0},"end":{"line":67,"column":null}}},"2":{"name":"(anonymous_4)","decl":{"start":{"line":55,"column":0},"end":{"line":55,"column":null}},"loc":{"start":{"line":55,"column":0},"end":{"line":66,"column":null}}},"3":{"name":"(anonymous_5)","decl":{"start":{"line":62,"column":0},"end":{"line":62,"column":null}},"loc":{"start":{"line":62,"column":0},"end":{"line":64,"column":null}}}},"branchMap":{"0":{"loc":{"start":{"line":47,"column":0},"end":{"line":54,"column":null}},"type":"if","locations":[{"start":{"line":47,"column":0},"end":{"line":54,"column":null}},{"start":{"line":47,"column":0},"end":{"line":54,"column":null}}]},"1":{"loc":{"start":{"line":56,"column":0},"end":{"line":65,"column":null}},"type":"if","locations":[{"start":{"line":56,"column":0},"end":{"line":65,"column":null}},{"start":{"line":56,"column":0},"end":{"line":65,"column":null}}]}},"s":{"0":0,"1":0,"2":0,"3":0,"4":0,"5":0,"6":0,"7":0,"8":0,"9":0,"10":0,"11":0,"12":0,"13":0},"f":{"0":0,"1":0,"2":0,"3":0},"b":{"0":[0,0],"1":[0,0]}}
,"F:\\SVN\\UpinstarH5\\src\\pages\\afterSale\\AfterSaleDetails.vue": {"path":"F:\\SVN\\UpinstarH5\\src\\pages\\afterSale\\AfterSaleDetails.vue","statementMap":{"0":{"start":{"line":100,"column":0},"end":{"line":100,"column":null}},"1":{"start":{"line":101,"column":0},"end":{"line":101,"column":null}},"2":{"start":{"line":102,"column":0},"end":{"line":102,"column":null}},"3":{"start":{"line":105,"column":0},"end":{"line":105,"column":null}},"4":{"start":{"line":108,"column":0},"end":{"line":108,"column":null}},"5":{"start":{"line":111,"column":0},"end":{"line":111,"column":null}},"6":{"start":{"line":120,"column":0},"end":{"line":120,"column":null}},"7":{"start":{"line":121,"column":0},"end":{"line":121,"column":null}},"8":{"start":{"line":131,"column":0},"end":{"line":131,"column":null}},"9":{"start":{"line":141,"column":0},"end":{"line":143,"column":null}},"10":{"start":{"line":142,"column":0},"end":{"line":142,"column":null}},"11":{"start":{"line":148,"column":0},"end":{"line":148,"column":null}},"12":{"start":{"line":149,"column":0},"end":{"line":149,"column":null}},"13":{"start":{"line":150,"column":0},"end":{"line":150,"column":null}},"14":{"start":{"line":151,"column":0},"end":{"line":154,"column":null}},"15":{"start":{"line":152,"column":0},"end":{"line":152,"column":null}},"16":{"start":{"line":153,"column":0},"end":{"line":153,"column":null}},"17":{"start":{"line":158,"column":0},"end":{"line":158,"column":null}},"18":{"start":{"line":162,"column":0},"end":{"line":162,"column":null}},"19":{"start":{"line":163,"column":0},"end":{"line":163,"column":null}},"20":{"start":{"line":164,"column":0},"end":{"line":164,"column":null}},"21":{"start":{"line":165,"column":0},"end":{"line":165,"column":null}},"22":{"start":{"line":166,"column":0},"end":{"line":166,"column":null}},"23":{"start":{"line":167,"column":0},"end":{"line":167,"column":null}},"24":{"start":{"line":171,"column":0},"end":{"line":171,"column":null}},"25":{"start":{"line":175,"column":0},"end":{"line":175,"column":null}},"26":{"start":{"line":178,"column":0},"end":{"line":178,"column":null}},"27":{"start":{"line":179,"column":0},"end":{"line":191,"column":null}},"28":{"start":{"line":180,"column":0},"end":{"line":180,"column":null}},"29":{"start":{"line":181,"column":0},"end":{"line":190,"column":null}},"30":{"start":{"line":182,"column":0},"end":{"line":182,"column":null}},"31":{"start":{"line":187,"column":0},"end":{"line":189,"column":null}},"32":{"start":{"line":188,"column":0},"end":{"line":188,"column":null}},"33":{"start":{"line":195,"column":0},"end":{"line":195,"column":null}},"34":{"start":{"line":196,"column":0},"end":{"line":196,"column":null}},"35":{"start":{"line":194,"column":0},"end":{"line":194,"column":null}},"36":{"start":{"line":197,"column":0},"end":{"line":199,"column":null}},"37":{"start":{"line":197,"column":0},"end":{"line":197,"column":null}},"38":{"start":{"line":198,"column":0},"end":{"line":198,"column":null}},"39":{"start":{"line":200,"column":0},"end":{"line":200,"column":null}},"40":{"start":{"line":204,"column":0},"end":{"line":204,"column":null}},"41":{"start":{"line":205,"column":0},"end":{"line":205,"column":null}},"42":{"start":{"line":209,"column":0},"end":{"line":209,"column":null}},"43":{"start":{"line":213,"column":0},"end":{"line":213,"column":null}},"44":{"start":{"line":216,"column":0},"end":{"line":216,"column":null}},"45":{"start":{"line":217,"column":0},"end":{"line":228,"column":null}},"46":{"start":{"line":218,"column"
[...]
{"line":112,"column":0},"end":{"line":115,"column":null}}},"10":{"name":"(anonymous_12)","decl":{"start":{"line":115,"column":0},"end":{"line":115,"column":null}},"loc":{"start":{"line":115,"column":0},"end":{"line":118,"column":null}}},"11":{"name":"scrollInit","decl":{"start":{"line":120,"column":0},"end":{"line":120,"column":null}},"loc":{"start":{"line":120,"column":0},"end":{"line":133,"column":null}}},"12":{"name":"created","decl":{"start":{"line":135,"column":0},"end":{"line":135,"column":null}},"loc":{"start":{"line":135,"column":0},"end":{"line":139,"column":null}}},"13":{"name":"updated","decl":{"start":{"line":140,"column":0},"end":{"line":140,"column":null}},"loc":{"start":{"line":140,"column":0},"end":{"line":156,"column":null}}},"14":{"name":"(anonymous_16)","decl":{"start":{"line":141,"column":0},"end":{"line":141,"column":null}},"loc":{"start":{"line":141,"column":0},"end":{"line":155,"column":null}}},"15":{"name":"(anonymous_17)","decl":{"start":{"line":146,"column":0},"end":{"line":146,"column":null}},"loc":{"start":{"line":146,"column":0},"end":{"line":153,"column":null}}},"16":{"name":"beforeDestroy","decl":{"start":{"line":157,"column":0},"end":{"line":157,"column":null}},"loc":{"start":{"line":157,"column":0},"end":{"line":159,"column":null}}}},"branchMap":{"0":{"loc":{"start":{"line":78,"column":0},"end":{"line":84,"column":null}},"type":"if","locations":[{"start":{"line":78,"column":0},"end":{"line":84,"column":null}},{"start":{"line":78,"column":0},"end":{"line":84,"column":null}}]},"1":{"loc":{"start":{"line":80,"column":0},"end":{"line":84,"column":null}},"type":"if","locations":[{"start":{"line":80,"column":0},"end":{"line":84,"column":null}},{"start":{"line":80,"column":0},"end":{"line":84,"column":null}}]},"2":{"loc":{"start":{"line":82,"column":0},"end":{"line":84,"column":null}},"type":"if","locations":[{"start":{"line":82,"column":0},"end":{"line":84,"column":null}},{"start":{"line":82,"column":0},"end":{"line":84,"column":null}}]},"3":{"loc":{"start":{"line":121,"column":0},"end":{"line":132,"column":null}},"type":"if","locations":[{"start":{"line":121,"column":0},"end":{"line":132,"column":null}},{"start":{"line":121,"column":0},"end":{"line":132,"column":null}}]},"4":{"loc":{"start":{"line":145,"column":0},"end":{"line":154,"column":null}},"type":"if","locations":[{"start":{"line":145,"column":0},"end":{"line":154,"column":null}},{"start":{"line":145,"column":0},"end":{"line":154,"column":null}}]},"5":{"loc":{"start":{"line":147,"column":0},"end":{"line":152,"column":null}},"type":"if","locations":[{"start":{"line":147,"column":0},"end":{"line":152,"column":null}},{"start":{"line":147,"column":0},"end":{"line":152,"column":null}}]},"6":{"loc":{"start":{"line":150,"column":0},"end":{"line":152,"column":null}},"type":"if","locations":[{"start":{"line":150,"column":0},"end":{"line":152,"column":null}},{"start":{"line":150,"column":0},"end":{"line":152,"column":null}}]}},"s":{"0":0,"1":0,"2":0,"3":0,"4":0,"5":0,"6":0,"7":0,"8":0,"9":0,"10":0,"11":0,"12":0,"13":0,"14":0,"15":0,"16":0,"17":0,"18":0,"19":0,"20":0,"21":0,"22":0,"23":0,"24":0,"25":0,"26":0,"27":0,"28":0,"29":0,"30":0,"31":0,"32":0,"33":0,"34":0,"35":0,"36":0,"37":0,"38":0,"39":0,"40":0,"41":0,"42":0,"43":0,"44":0,"45":0,"46":0,"47":0,"48":0,"49":0,"50":0,"51":0,"52":0,"53":0},"f":{"0":0,"1":0,"2":0,"3":0,"4":0,"5":0,"6":0,"7":0,"8":0,"9":0,"10":0,"11":0,"12":0,"13":0,"14":0,"15":0,"16":0},"b":{"0":[0,0],"1":[0,0],"2":[0,0],"3":[0,0],"4":[0,0],"5":[0,0],"6":[0,0]}}
,"F:\\SVN\\UpinstarH5\\src\\pages\\storyDetails\\HotelDetails.vue": {"path":"F:\\SVN\\UpinstarH5\\src\\pages\\storyDetails\\HotelDetails.vue","statementMap":{"0":{"start":{"line":27,"column":0},"end":{"line":27,"column":null}},"1":{"start":{"line":30,"column":0},"end":{"line":30,"column":null}},"2":{"start":{"line":33,"column":0},"end":{"line":33,"column":null}},"3":{"start":{"line":36,"column":0},"end":{"line":36,"column":null}},"4":{"start":{"line":37,"column":0},"end":{"line":37,"column":null}},"5":{"start":{"line":38,"column":0},"end":{"line":38,"column":null}},"6":{"start":{"line":39,"column":0},"end":{"line":39,"column":null}},"7":{"start":{"line":40,"column":0},"end":{"line":40,"column":null}},"8":{"start":{"line":41,"column":0},"end":{"line":41,"column":null}},"9":{"start":{"line":42,"column":0},"end":{"line":42,"column":null}},"10":{"start":{"line":52,"column":0},"end":{"line":52,"column":null}},"11":{"start":{"line":66,"column":0},"end":{"line":66,"column":null}},"12":{"start":{"line":71,"column":0},"end":{"line":71,"column":null}},"13":{"start":{"line":75,"column":0},"end":{"line":75,"column":null}},"14":{"start":{"line":76,"column":0},"end":{"line":78,"column":null}},"15":{"start":{"line":77,"column":0},"end":{"line":77,"column":null}},"16":{"start":{"line":80,"column":0},"end":{"line":80,"column":null}},"17":{"start":{"line":81,"column":0},"end":{"line":81,"column":null}},"18":{"start":{"line":82,"column":0},"end":{"line":94,"column":null}},"19":{"start":{"line":84,"column":0},"end":{"line":84,"column":null}},"20":{"start":{"line":85,"column":0},"end":{"line":85,"column":null}},"21":{"start":{"line":86,"column":0},"end":{"line":86,"column":null}},"22":{"start":{"line":87,"column":0},"end":{"line":90,"column":null}},"23":{"start":{"line":88,"column":0},"end":{"line":88,"column":null}},"24":{"start":{"line":89,"column":0},"end":{"line":89,"column":null}},"25":{"start":{"line":93,"column":0},"end":{"line":93,"column":null}},"26":{"start":{"line":97,"column":0},"end":{"line":108,"column":null}},"27":{"start":{"line":98,"column":0},"end":{"line":98,"column":null}},"28":{"start":{"line":107,"column":0},"end":{"line":107,"column":null}},"29":{"start":{"line":112,"column":0},"end":{"line":112,"column":null}},"30":{"start":{"line":113,"column":0},"end":{"line":113,"column":null}},"31":{"start":{"line":115,"column":0},"end":{"line":115,"column":null}},"32":{"start":{"line":116,"column":0},"end":{"line":116,"column":null}},"33":{"start":{"line":117,"column":0},"end":{"line":117,"column":null}},"34":{"start":{"line":118,"column":0},"end":{"line":118,"column":null}},"35":{"start":{"line":119,"column":0},"end":{"line":128,"column":null}},"36":{"start":{"line":120,"column":0},"end":{"line":127,"column":null}},"37":{"start":{"line":121,"column":0},"end":{"line":126,"column":null}},"38":{"start":{"line":122,"column":0},"end":{"line":122,"column":null}},"39":{"start":{"line":123,"column":0},"end":{"line":123,"column":null}},"40":{"start":{"line":124,"column":0},"end":{"line":126,"column":null}},"41":{"start":{"line":125,"column":0},"end":{"line":125,"column":null}},"42":{"start":{"line":131,"column":0},"end":{"line":131,"column":null}}},"fnMap":{"0":{"name":"data","decl":{"start":{"line":51,"column":0},"end":{"line":51,"column":null}},"loc":{"start":{"line":51,"column":0},"end":{"line":63,"column":null}}},"1":{"name":"$route","decl":{"start":{"line":65,"column":0},"end":{"line":65,"column":null}},"loc":{"start":{"line":65,"column":0},"end":{"line":67,"column":null}}},"2":{"name":"returnTitle","decl":{"start":{"line":70,"column":0},"end":{"line":70,"column":null}},"loc":{"start":{"line":70,"column":0},"end":{"line":73,"column":null}}},"3":{"name":"(anonymous_5)","decl":{"start":{"line":71,"column":0},"end":{"line":71,"column":null}},"loc":{"start":{"line":71,"column":0},"end":{"line":71,"column":null}}},"4":{"name":"hideHeads","decl":{"start":{"line":74,"column":0},"end":{"line":74,"column":null}},"loc":{"start":{"line":74,"column":0},"end":{"line":79,"column":null}}},"5":{"name":"getStoryDetails","decl":{"start":{"line":80,"column":0},"end":{"line":80,"column":null}},"loc":{"start":{"line":80,"column":0},"end":{"line":95,"column":null}}},"6":{"name":"(anonymous_8)","decl":{"start":{"line":82,"column":0},"end":{"line":82,"column":null}},"loc":{"start":{"line":82,"column":0},"end":{"line":91,"column":null}}},"7":{"name":"(anonymous_9)","decl":{"start":{"line":87,"column":0},"end":{"line":87,"column":null}},"loc":{"start":{"line":87,"column":0},"end":{"line":90,"column":null}}},"8":{"name":"(anonymous_10)","decl":{"start":{"line":91,"column":0},"end":{"line":91,"column":null}},"loc":{"start":{"line":91,"column":0},"end":{"line":94,"column":null}}},"9":{"name":"scrollInit","decl":{"start":{"line":96,"column":0},"end":{"line":96,"column":null}},"loc":{"start":{"line":96,"column":0},"end":{"line":109,"column":null}}},"10":{"name":"mounted","decl":{"start":{"line":111,"column":0},"end":{"line":111,"column":null}},"loc":{"start":{"line":111,"column":0},"end":{"line":114,"column":null}}},"11":{"name":"updated","decl":{"start":{"line":115,"column":0},"end":{"line":115,"column":null}},"loc":{"start":{"line":115,"column":0},"end":{"line":129,"column":null}}},"12":{"name":"(anonymous_14)","decl":{"start":{"line":120,"column":0},"end":{"line":120,"column":null}},"loc":{"start":{"line":120,"column":0},"end":{"line":127,"column":null}}},"13":{"name":"beforeDestroy","decl":{"start":{"line":130,"column":0},"end":{"line":130,"column":null}},"loc":{"start":{"line":130,"column":0},"end":{"line":132,"column":null}}}},"branchMap":{"0":{"loc":{"start":{"line":76,"column":0},"end":{"line":78,"column":null}},"type":"if","locations":[{"start":{"line":76,"column":0},"end":{"line":78,"column":null}},{"start":{"line":76,"column":0},"end":{"line":78,"column":null}}]},"1":{"loc":{"start":{"line":76,"column":0},"end":{"line":76,"column":null}},"type":"binary-expr","locations":[{"start":{"line":76,"column":0},"end":{"line":76,"column":null}},{"start":{"line":76,"column":0},"end":{"line":76,"column":null}}]},"2":{"loc":{"start":{"line":97,"column":0},"end":{"line":108,"column":null}},"type":"if","locations":[{"start":{"line":97,"column":0},"end":{"line":108,"column":null}},{"start":{"line":97,"column":0},"end":{"line":108,"column":null}}]},"3":{"loc":{"start":{"line":119,"column":0},"end":{"line":128,"column":null}},"type":"if","locations":[{"start":{"line":119,"column":0},"end":{"line":128,"column":null}},{"start":{"line":119,"column":0},"end":{"line":128,"column":null}}]},"4":{"loc":{"start":{"line":121,"column":0},"end":{"line":126,"column":null}},"type":"if","locations":[{"start":{"line":121,"column":0},"end":{"line":126,"column":null}},{"start":{"line":121,"column":0},"end":{"line":126,"column":null}}]},"5":{"loc":{"start":{"line":124,"column":0},"end":{"line":126,"column":null}},"type":"if","locations":[{"start":{"line":124,"column":0},"end":{"line":126,"column":null}},{"start":{"line":124,"column":0},"end":{"line":126,"column":null}}]}},"s":{"0":0,"1":0,"2":0,"3":0,"4":0,"5":0,"6":0,"7":0,"8":0,"9":0,"10":0,"11":0,"12":0,"13":0,"14":0,"15":0,"16":0,"17":0,"18":0,"19":0,"20":0,"21":0,"22":0,"23":0,"24":0,"25":0,"26":0,"27":0,"28":0,"29":0,"30":0,"31":0,"32":0,"33":0,"34":0,"35":0,"36":0,"37":0,"38":0,"39":0,"40":0,"41":0,"42":0},"f":{"0":0,"1":0,"2":0,"3":0,"4":0,"5":0,"6":0,"7":0,"8":0,"9":0,"10":0,"11":0,"12":0,"13":0},"b":{"0":[0,0],"1":[0,0],"2":[0,0],"3":[0,0],"4":[0,0],"5":[0,0]}}
,"F:\\SVN\\UpinstarH5\\src\\pages\\storyDetails\\StoryDetails.vue": {"path":"F:\\SVN\\UpinstarH5\\src\\pages\\storyDetails\\StoryDetails.vue","statementMap":{"0":{"start":{"line":16,"column":0},"end":{"line":16,"column":null}},"1":{"start":{"line":19,"column":0},"end":{"line":19,"column":null}},"2":{"start":{"line":22,"column":0},"end":{"line":22,"column":null}},"3":{"start":{"line":25,"column":0},"end":{"line":25,"column":null}},"4":{"start":{"line":26,"column":0},"end":{"line":26,"column":null}},"5":{"start":{"line":27,"column":0},"end":{"line":27,"column":null}},"6":{"start":{"line":28,"column":0},"end":{"line":28,"column":null}},"7":{"start":{"line":29,"column":0},"end":{"line":29,"column":null}},"8":{"start":{"line":39,"column":0},"end":{"line":39,"column":null}},"9":{"start":{"line":50,"column":0},"end":{"line":50,"column":null}},"10":{"start":{"line":55,"column":0},"end":{"line":55,"column":null}},"11":{"start":{"line":56,"column":0},"end":{"line":58,"column":null}},"12":{"start":{"line":57,"column":0},"end":{"line":57,"column":null}},"13":{"start":{"line":60,"column":0},"end":{"line":60,"column":null}},"14":{"start":{"line":61,"column":0},"end":{"line":61,"column":null}},"15":{"start":{"line":62,"column":0},"end":{"line":74,"column":null}},"16":{"start":{"line":64,"column":0},"end":{"line":64,"column":null}},"17":{"start":{"line":65,"column":0},"end":{"line":65,"column":null}},"18":{"start":{"line":66,"column":0},"end":{"line":66,"column":null}},"19":{"start":{"line":67,"column":0},"end":{"line":70,"column":null}},"20":{"start":{"line":68,"column":0},"end":{"line":68,"column":null}},"21":{"start":{"line":69,"column":0},"end":{"line":69,"column":null}},"22":{"start":{"line":73,"column":0},"end":{"line":73,"column":null}},"23":{"start":{"line":77,"column":0},"end":{"line":88,"column":null}},"24":{"start":{"line":78,"column":0},"end":{"line":78,"column":null}},"25":{"start":{"line":87,"column":0},"end":{"line":87,"column":null}},"26":{"start":{"line":92,"column":0},"end":{"line":92,"column":null}},"27":{"start":{"line":93,"column":0},"end":{"line":93,"column":null}},"28":{"start":{"line":94,"column":0},"end":{"line":94,"column":null}},"29":{"start":{"line":95,"column":0},"end":{"line":95,"column":null}},"30":{"start":{"line":98,"column":0},"end":{"line":98,"column":null}},"31":{"start":{"line":99,"column":0},"end":{"line":99,"column":null}},"32":{"start":{"line":102,"column":0},"end":{"line":116,"column":null}},"33":{"start":{"line":102,"column":0},"end":{"line":102,"column":null}},"34":{"start":{"line":103,"column":0},"end":{"line":103,"column":null}},"35":{"start":{"line":104,"column":0},"end":{"line":104,"column":null}},"36":{"start":{"line":105,"column":0},"end":{"line":105,"column":null}},"37":{"start":{"line":106,"column":0},"end":{"line":115,"column":null}},"38":{"start":{"line":107,"column":0},"end":{"line":114,"column":null}},"39":{"start":{"line":108,"column":0},"end":{"line":113,"column":null}},"40":{"start":{"line":109,"column":0},"end":{"line":109,"column":null}},"41":{"start":{"line":110,"column":0},"end":{"line":110,"column":null}},"42":{"start":{"line":111,"column":0},"end":{"line":113,"column":null}},"43":{"start":{"line":112,"column":0},"end":{"line":112,"column":null}}},"fnMap":{"0":{"name":"data","decl":{"start":{"line":38,"column":0},"end":{"line":38,"column":null}},"loc":{"start":{"line":38,"column":0},"end":{"line":47,"column":null}}},"1":{"name":"$route","decl":{"start":{"line":49,"column":0},"end":{"line":49,"column":null}},"loc":{"start":{"line":49,"column":0},"end":{"line":51,"column":null}}},"2":{"name":"hideHeads","decl":{"start":{"line":54,"column":0},"end":{"line":54,"column":null}},"loc":{"start":{"line":54,"column":0},"end":{"line":59,"column":null}}},"3":{"name":"getStoryDetails","decl":{"start":{"line":60,"column":0},"end":{"line":60,"column":null}},"loc":{"start":{"line":60,"column":0},"end":{"line":75,"column":null}}},"4":{"name":"(anonymous_6)","decl":{"start":{"line":62,"column":0},"end":{"line":62,"column":null}},"loc":{"start":{"line":62,"column":0},"end":{"line":71,"column":null}}},"5":{"name":"(anonymous_7)","decl":{"start":{"line":67,"column":0},"end":{"line":67,"column":null}},"loc":{"start":{"line":67,"column":0},"end":{"line":70,"column":null}}},"6":{"name":"(anonymous_8)","decl":{"start":{"line":71,"column":0},"end":{"line":71,"column":null}},"loc":{"start":{"line":71,"column":0},"end":{"line":74,"column":null}}},"7":{"name":"scrollInit","decl":{"start":{"line":76,"column":0},"end":{"line":76,"column":null}},"loc":{"start":{"line":76,"column":0},"end":{"line":89,"column":null}}},"8":{"name":"mounted","decl":{"start":{"line":91,"column":0},"end":{"line":91,"column":null}},"loc":{"start":{"line":91,"column":0},"end":{"line":96,"column":null}}},"9":{"name":"destroyed","decl":{"start":{"line":97,"column":0},"end":{"line":97,"column":null}},"loc":{"start":{"line":97,"column":0},"end":{"line":100,"column":null}}},"10":{"name":"updated","decl":{"start":{"line":101,"column":0},"end":{"line":101,"column":null}},"loc":{"start":{"line":101,"column":0},"end":{"line":117,"column":null}}},"11":{"name":"(anonymous_13)","decl":{"start":{"line":102,"column":0},"end":{"line":102,"column":null}},"loc":{"start":{"line":102,"column":0},"end":{"line":116,"column":null}}},"12":{"name":"(anonymous_14)","decl":{"start":{"line":107,"column":0},"end":{"line":107,"column":null}},"loc":{"start":{"line":107,"column":0},"end":{"line":114,"column":null}}}},"branchMap":{"0":{"loc":{"start":{"line":56,"column":0},"end":{"line":58,"column":null}},"type":"if","locations":[{"start":{"line":56,"column":0},"end":{"line":58,"column":null}},{"start":{"line":56,"column":0},"end":{"line":58,"column":null}}]},"1":{"loc":{"start":{"line":56,"column":0},"end":{"line":56,"column":null}},"type":"binary-expr","locations":[{"start":{"line":56,"column":0},"end":{"line":56,"column":null}},{"start":{"line":56,"column":0},"end":{"line":56,"column":null}},{"start":{"line":56,"column":0},"end":{"line":56,"column":null}}]},"2":{"loc":{"start":{"line":77,"column":0},"end":{"line":88,"column":null}},"type":"if","locations":[{"start":{"line":77,"column":0},"end":{"line":88,"column":null}},{"start":{"line":77,"column":0},"end":{"line":88,"column":null}}]},"3":{"loc":{"start":{"line":106,"column":0},"end":{"line":115,"column":null}},"type":"if","locations":[{"start":{"line":106,"column":0},"end":{"line":115,"column":null}},{"start":{"line":106,"column":0},"end":{"line":115,"column":null}}]},"4":{"loc":{"start":{"line":108,"column":0},"end":{"line":113,"column":null}},"type":"if","locations":[{"start":{"line":108,"column":0},"end":{"line":113,"column":null}},{"start":{"line":108,"column":0},"end":{"line":113,"column":null}}]},"5":{"loc":{"start":{"line":111,"column":0},"end":{"line":113,"column":null}},"type":"if","locations":[{"start":{"line":111,"column":0},"end":{"line":113,"column":null}},{"start":{"line":111,"column":0},"end":{"line":113,"column":null}}]}},"s":{"0":0,"1":0,"2":0,"3":0,"4":0,"5":0,"6":0,"7":0,"8":0,"9":0,"10":0,"11":0,"12":0,"13":0,"14":0,"15":0,"16":0,"17":0,"18":0,"19":0,"20":0,"21":0,"22":0,"23":0,"24":0,"25":0,"26":0,"27":0,"28":0,"29":0,"30":0,"31":0,"32":0,"33":0,"34":0,"35":0,"36":0,"37":0,"38":0,"39":0,"40":0,"41":0,"42":0,"43":0},"f":{"0":0,"1":0,"2":0,"3":0,"4":0,"5":0,"6":0,"7":0,"8":0,"9":0,"10":0,"11":0,"12":0},"b":{"0":[0,0],"1":[0,0,0],"2":[0,0],"3":[0,0],"4":[0,0],"5":[0,0]}}
,"F:\\SVN\\UpinstarH5\\src\\pages\\storyDetails\\components\\StoryDetailsHeader.vue": {"path":"F:\\SVN\\UpinstarH5\\src\\pages\\storyDetails\\components\\StoryDetailsHeader.vue","statementMap":{"0":{"start":{"line":19,"column":0},"end":{"line":19,"column":null}},"1":{"start":{"line":20,"column":0},"end":{"line":20,"column":null}},"2":{"start":{"line":23,"column":0},"end":{"line":23,"column":null}},"3":{"start":{"line":40,"column":0},"end":{"line":40,"column":null}},"4":{"start":{"line":48,"column":0},"end":{"line":50,"column":null}},"5":{"start":{"line":49,"column":0},"end":{"line":49,"column":null}},"6":{"start":{"line":54,"column":0},"end":{"line":54,"column":null}}},"fnMap":{"0":{"name":"data","decl":{"start":{"line":39,"column":0},"end":{"line":39,"column":null}},"loc":{"start":{"line":39,"column":0},"end":{"line":45,"column":null}}},"1":{"name":"storyDetailsHeaderRender","decl":{"start":{"line":47,"column":0},"end":{"line":47,"column":null}},"loc":{"start":{"line":47,"column":0},"end":{"line":51,"column":null}}},"2":{"name":"mounted","decl":{"start":{"line":53,"column":0},"end":{"line":53,"column":null}},"loc":{"start":{"line":53,"column":0},"end":{"line":55,"column":null}}}},"branchMap":{"0":{"loc":{"start":{"line":48,"column":0},"end":{"line":50,"column":null}},"type":"if","locations":[{"start":{"line":48,"column":0},"end":{"line":50,"column":null}},{"start":{"line":48,"column":0},"end":{"line":50,"column":null}}]}},"s":{"0":0,"1":0,"2":0,"3":0,"4":0,"5":0,"6":0},"f":{"0":0,"1":0,"2":0},"b":{"0":[0,0]}}
}
