TN:
SF:F:\SVN\UpinstarH5\src\App.vue
FN:12,data
FN:18,reload
FN:20,(anonymous_3)
FNF:3
FNH:0
FNDA:0,data
FNDA:0,reload
FNDA:0,(anonymous_3)
DA:13,0
DA:18,0
DA:19,0
DA:20,0
LF:4
LH:0
BRF:0
BRH:0
end_of_record
TN:
SF:F:\SVN\UpinstarH5\src\common\commonArticleRec\CommonArticleRec.vue
FN:25,data
FNF:1
FNH:0
FNDA:0,data
DA:16,0
DA:26,0
LF:2
LH:0
BRF:0
BRH:0
end_of_record
TN:
SF:F:\SVN\UpinstarH5\src\common\commonBanner\CommonBanner.vue
FN:37,data
FNF:1
FNH:0
FNDA:0,data
DA:23,0
DA:38,0
LF:2
LH:0
BRF:0
BRH:0
end_of_record
TN:
SF:F:\SVN\UpinstarH5\src\common\commonCard\Card.vue
FN:133,data
FN:137,timeFilter
FN:145,receiveCard
FN:149,useClick
FN:153,cardDetailsPages
FNF:5
FNH:0
FNDA:0,data
FNDA:0,timeFilter
FNDA:0,receiveCard
FNDA:0,useClick
FNDA:0,cardDetailsPages
DA:116,0
DA:134,0
DA:138,0
DA:139,0
DA:140,0
DA:146,0
DA:150,0
DA:154,0
DA:155,0
LF:9
LH:0
BRDA:138,0,0,0
BRDA:138,0,1,0
BRF:2
BRH:0
end_of_record
TN:
SF:F:\SVN\UpinstarH5\src\common\commonCollection\CommonCollection.vue
FN:22,data
FN:30,hasCollection
FN:33,(anonymous_4)
FN:35,(anonymous_5)
FN:40,doCollection
FN:41,(anonymous_7)
FN:49,(anonymous_8)
FN:55,created
FN:61,mounted
FNF:9
FNH:0
FNDA:0,data
FNDA:0,hasCollection
FNDA:0,(anonymous_4)
FNDA:0,(anonymous_5)
FNDA:0,doCollection
FNDA:0,(anonymous_7)
FNDA:0,(anonymous_8)
FNDA:0,created
FNDA:0,mounted
DA:7,0
DA:23,0
DA:30,0
DA:31,0
DA:32,0
DA:33,0
DA:34,0
DA:36,0
DA:40,0
DA:41,0
DA:42,0
DA:43,0
DA:48,0
DA:50,0
DA:56,0
DA:62,0
LF:16
LH:0
BRDA:32,0,0,0
BRDA:32,0,1,0
BRDA:42,1,0,0
BRDA:42,1,1,0
BRF:4
BRH:0
end_of_record
TN:
SF:F:\SVN\UpinstarH5\src\common\commonContent\CommonContent.vue
FN:40,data
FN:51,_default
FN:59,returnTitle
FN:60,(anonymous_5)
FN:63,goodsDetail
FN:70,(anonymous_7)
FN:76,addMethods
FN:82,(anonymous_10)
FN:89,updateContent
FN:114,mounted
FN:118,updated
FNF:11
FNH:0
FNDA:0,data
FNDA:0,_default
FNDA:0,returnTitle
FNDA:0,(anonymous_5)
FNDA:0,goodsDetail
FNDA:0,(anonymous_7)
FNDA:0,addMethods
FNDA:0,(anonymous_10)
FNDA:0,updateContent
FNDA:0,mounted
FNDA:0,updated
DA:32,0
DA:33,0
DA:34,0
DA:35,0
DA:41,0
DA:52,0
DA:60,0
DA:64,0
DA:65,0
DA:66,0
DA:69,0
DA:70,0
DA:73,0
DA:76,0
DA:77,0
DA:78,0
DA:79,0
DA:80,0
DA:81,0
DA:82,0
DA:83,0
DA:90,0
DA:91,0
DA:92,0
DA:93,0
DA:94,0
DA:95,0
DA:96,0
DA:97,0
DA:101,0
DA:102,0
DA:103,0
DA:104,0
DA:105,0
DA:106,0
DA:109,0
DA:110,0
DA:115,0
DA:116,0
DA:119,0
LF:40
LH:0
BRDA:65,0,0,0
BRDA:65,0,1,0
BRDA:69,1,0,0
BRDA:69,1,1,0
BRDA:69,2,0,0
BRDA:69,2,1,0
BRDA:81,3,0,0
BRDA:81,3,1,0
BRDA:96,4,0,0
BRDA:96,4,1,0
BRDA:103,5,0,0
BRDA:103,5,1,0
BRDA:104,6,0,0
BRDA:104,6,1,0
BRF:14
BRH:0
end_of_record
TN:
SF:F:\SVN\UpinstarH5\src\common\commonEmpty\CommonEmpty.vue
FN:13,data
FNF:1
FNH:0
FNDA:0,data
DA:14,0
LF:1
LH:0
BRF:0
BRH:0
end_of_record
TN:
SF:F:\SVN\UpinstarH5\src\common\commonHeader\CommonBlackHeader.vue
FN:21,goBack
FNF:1
FNH:0
FNDA:0,goBack
DA:22,0
DA:23,0
DA:25,0
LF:3
LH:0
BRDA:22,0,0,0
BRDA:22,0,1,0
BRF:2
BRH:0
end_of_record
TN:
SF:F:\SVN\UpinstarH5\src\common\commonHeader\CommonHeadLink.vue
FN:48,goBack
FN:51,customerService
FNF:2
FNH:0
FNDA:0,goBack
FNDA:0,customerService
DA:32,0
DA:35,0
DA:49,0
DA:52,0
LF:4
LH:0
BRF:0
BRH:0
end_of_record
TN:
SF:F:\SVN\UpinstarH5\src\common\commonHeader\CommonHeader.vue
FN:32,data
FN:38,getCartNum
FN:39,(anonymous_3)
FN:41,(anonymous_4)
FN:46,mounted
FNF:5
FNH:0
FNDA:0,data
FNDA:0,getCartNum
FNDA:0,(anonymous_3)
FNDA:0,(anonymous_4)
FNDA:0,mounted
DA:16,0
DA:19,0
DA:22,0
DA:23,0
DA:33,0
DA:38,0
DA:39,0
DA:40,0
DA:42,0
DA:47,0
DA:48,0
LF:11
LH:0
BRDA:47,0,0,0
BRDA:47,0,1,0
BRF:2
BRH:0
end_of_record
TN:
SF:F:\SVN\UpinstarH5\src\common\commonHeader\CommonNavHeader.vue
FN:21,goBack
FNF:1
FNH:0
FNDA:0,goBack
DA:22,0
DA:23,0
DA:25,0
DA:26,0
DA:28,0
LF:5
LH:0
BRDA:22,0,0,0
BRDA:22,0,1,0
BRDA:25,1,0,0
BRDA:25,1,1,0
BRF:4
BRH:0
end_of_record
TN:
SF:F:\SVN\UpinstarH5\src\common\commonHeader\CommonNavNoMemory.vue
FN:18,goBack
FNF:1
FNH:0
FNDA:0,goBack
DA:19,0
LF:1
LH:0
BRF:0
BRH:0
end_of_record
TN:
SF:F:\SVN\UpinstarH5\src\common\commonHeader\CommonNavSearch.vue
FN:31,data
FN:37,goBack
FN:40,getCartNum
FN:41,(anonymous_4)
FN:43,(anonymous_5)
FN:48,mounted
FNF:6
FNH:0
FNDA:0,data
FNDA:0,goBack
FNDA:0,getCartNum
FNDA:0,(anonymous_4)
FNDA:0,(anonymous_5)
FNDA:0,mounted
DA:13,0
DA:16,0
DA:19,0
DA:20,0
DA:32,0
DA:38,0
DA:40,0
DA:41,0
DA:42,0
DA:44,0
DA:49,0
DA:50,0
LF:12
LH:0
BRDA:49,0,0,0
BRDA:49,0,1,0
BRF:2
BRH:0
end_of_record
TN:
SF:F:\SVN\UpinstarH5\src\common\commonHeader\CommonOpaHeader.vue
FN:21,goBack
FNF:1
FNH:0
FNDA:0,goBack
DA:22,0
DA:23,0
DA:25,0
LF:3
LH:0
BRDA:22,0,0,0
BRDA:22,0,1,0
BRF:2
BRH:0
end_of_record
TN:
SF:F:\SVN\UpinstarH5\src\common\commonImgPrices\CommonImgPrices.vue
FN:37,data
FN:45,getImg
FN:52,goodsDetail
FN:59,(anonymous_5)
FN:66,mounted
FNF:5
FNH:0
FNDA:0,data
FNDA:0,getImg
FNDA:0,goodsDetail
FNDA:0,(anonymous_5)
FNDA:0,mounted
DA:20,0
DA:21,0
DA:22,0
DA:23,0
DA:38,0
DA:46,0
DA:47,0
DA:49,0
DA:53,0
DA:54,0
DA:55,0
DA:58,0
DA:59,0
DA:62,0
DA:67,0
DA:68,0
DA:70,0
LF:17
LH:0
BRDA:46,0,0,0
BRDA:46,0,1,0
BRDA:54,1,0,0
BRDA:54,1,1,0
BRDA:58,2,0,0
BRDA:58,2,1,0
BRDA:58,3,0,0
BRDA:58,3,1,0
BRDA:67,4,0,0
BRDA:67,4,1,0
BRF:10
BRH:0
end_of_record
TN:
SF:F:\SVN\UpinstarH5\src\common\commonNum\CommonNum.vue
FN:18,cartCount
FN:23,addCount
FN:38,subCount
FNF:3
FNH:0
FNDA:0,cartCount
FNDA:0,addCount
FNDA:0,subCount
DA:19,0
DA:24,0
DA:25,0
DA:30,0
DA:31,0
DA:33,0
DA:35,0
DA:39,0
DA:40,0
DA:41,0
DA:42,0
LF:11
LH:0
BRDA:24,0,0,0
BRDA:24,0,1,0
BRDA:30,1,0,0
BRDA:30,1,1,0
BRDA:40,2,0,0
BRDA:40,2,1,0
BRF:6
BRH:0
end_of_record
TN:
SF:F:\SVN\UpinstarH5\src\common\commonSearch\CommonSearch.vue
FN:12,data
FN:17,searchActive
FNF:2
FNH:0
FNDA:0,data
FNDA:0,searchActive
DA:9,0
DA:13,0
DA:17,0
LF:3
LH:0
BRF:0
BRH:0
end_of_record
TN:
SF:F:\SVN\UpinstarH5\src\common\commonSwiper\CommonSwiper.vue
FN:24,mounted
FN:26,data
FNF:2
FNH:0
FNDA:0,mounted
FNDA:0,data
DA:12,0
DA:13,0
DA:14,0
DA:27,0
LF:4
LH:0
BRF:0
BRH:0
end_of_record
TN:
SF:F:\SVN\UpinstarH5\src\common\commonTextarea\CommonTextarea.vue
FN:34,created
FN:37,data
FN:43,mounted
FN:46,value
FN:52,currentValue
FN:70,clear
FNF:6
FNH:0
FNDA:0,created
FNDA:0,data
FNDA:0,mounted
FNDA:0,value
FNDA:0,currentValue
FNDA:0,clear
DA:8,0
DA:35,0
DA:38,0
DA:47,0
DA:48,0
DA:49,0
DA:53,0
DA:54,0
DA:55,0
DA:61,0
DA:62,0
DA:64,0
DA:66,0
DA:71,0
LF:14
LH:0
BRDA:48,0,0,0
BRDA:48,0,1,0
BRDA:53,1,0,0
BRDA:53,1,1,0
BRDA:53,2,0,0
BRDA:53,2,1,0
BRDA:53,2,2,0
BRDA:61,3,0,0
BRDA:61,3,1,0
BRF:9
BRH:0
end_of_record
TN:
SF:F:\SVN\UpinstarH5\src\pages\Index.vue
FN:28,data
FNF:1
FNH:0
FNDA:0,data
DA:15,0
DA:16,0
DA:17,0
DA:18,0
DA:19,0
DA:20,0
DA:21,0
DA:22,0
DA:23,0
DA:24,0
DA:29,0
LF:11
LH:0
BRF:0
BRH:0
end_of_record
TN:
SF:F:\SVN\UpinstarH5\src\pages\activityTemps\ActivityTemps.vue
FN:35,data
FN:44,activitiesRender
FN:50,(anonymous_4)
FN:59,created
FN:64,(anonymous_6)
FN:66,(anonymous_7)
FN:72,(anonymous_8)
FN:76,(anonymous_9)
FN:81,(anonymous_10)
FN:95,(anonymous_11)
FNF:10
FNH:0
FNDA:0,data
FNDA:0,activitiesRender
FNDA:0,(anonymous_4)
FNDA:0,created
FNDA:0,(anonymous_6)
FNDA:0,(anonymous_7)
FNDA:0,(anonymous_8)
FNDA:0,(anonymous_9)
FNDA:0,(anonymous_10)
FNDA:0,(anonymous_11)
DA:10,0
DA:12,0
DA:15,0
DA:22,0
DA:25,0
DA:26,0
DA:27,0
DA:36,0
DA:44,0
DA:45,0
DA:46,0
DA:47,0
DA:48,0
DA:50,0
DA:51,0
DA:52,0
DA:53,0
DA:54,0
DA:60,0
DA:63,0
DA:64,0
DA:65,0
DA:66,0
DA:69,0
DA:72,0
DA:73,0
DA:76,0
DA:77,0
DA:80,0
DA:81,0
DA:82,0
DA:83,0
DA:89,0
DA:96,0
DA:99,0
LF:35
LH:0
BRDA:47,0,0,0
BRDA:47,0,1,0
BRDA:47,1,0,0
BRDA:47,1,1,0
BRDA:47,1,2,0
BRDA:52,2,0,0
BRDA:52,2,1,0
BRDA:65,3,0,0
BRDA:65,3,1,0
BRDA:65,4,0,0
BRDA:65,4,1,0
BRDA:80,5,0,0
BRDA:80,5,1,0
BRDA:82,6,0,0
BRDA:82,6,1,0
BRF:15
BRH:0
end_of_record
TN:
SF:F:\SVN\UpinstarH5\src\pages\activitys\ActivitiesInterest.vue
FN:21,data
FN:33,returnTitle
FN:34,(anonymous_4)
FN:37,activitiesInterestRender
FN:43,(anonymous_6)
FN:52,created
FN:53,(anonymous_8)
FN:60,mounted
FNF:8
FNH:0
FNDA:0,data
FNDA:0,returnTitle
FNDA:0,(anonymous_4)
FNDA:0,activitiesInterestRender
FNDA:0,(anonymous_6)
FNDA:0,created
FNDA:0,(anonymous_8)
FNDA:0,mounted
DA:12,0
DA:13,0
DA:14,0
DA:15,0
DA:16,0
DA:17,0
DA:18,0
DA:22,0
DA:34,0
DA:37,0
DA:38,0
DA:39,0
DA:40,0
DA:41,0
DA:43,0
DA:44,0
DA:45,0
DA:46,0
DA:47,0
DA:52,0
DA:53,0
DA:54,0
DA:61,0
LF:23
LH:0
BRDA:39,0,0,0
BRDA:39,0,1,0
BRDA:39,1,0,0
BRDA:39,1,1,0
BRDA:39,1,2,0
BRDA:45,2,0,0
BRDA:45,2,1,0
BRF:7
BRH:0
end_of_record
TN:
SF:F:\SVN\UpinstarH5\src\pages\activitys\ActivitysList.vue
FN:47,data
FN:76,returnTitle
FN:77,(anonymous_4)
FN:81,activitysRender
FN:91,(anonymous_6)
FN:109,mounted
FNF:6
FNH:0
FNDA:0,data
FNDA:0,returnTitle
FNDA:0,(anonymous_4)
FNDA:0,activitysRender
FNDA:0,(anonymous_6)
FNDA:0,mounted
DA:35,0
DA:36,0
DA:37,0
DA:38,0
DA:39,0
DA:40,0
DA:41,0
DA:42,0
DA:43,0
DA:44,0
DA:48,0
DA:77,0
DA:81,0
DA:82,0
DA:83,0
DA:88,0
DA:89,0
DA:91,0
DA:92,0
DA:93,0
DA:94,0
DA:95,0
DA:96,0
DA:97,0
DA:99,0
DA:100,0
DA:103,0
DA:110,0
LF:28
LH:0
BRDA:83,0,0,0
BRDA:83,0,1,0
BRDA:83,1,0,0
BRDA:83,1,1,0
BRDA:83,1,2,0
BRDA:93,2,0,0
BRDA:93,2,1,0
BRDA:95,3,0,0
BRDA:95,3,1,0
BRDA:96,4,0,0
BRDA:96,4,1,0
BRDA:99,5,0,0
BRDA:99,5,1,0
BRF:13
BRH:0
end_of_record
TN:
SF:F:\SVN\UpinstarH5\src\pages\activitys\ClassfiyGoods.vue
FN:46,data
FN:60,$route
FN:65,returnTitle
FN:66,(anonymous_5)
FN:69,classfiyGoodsRender
FN:82,(anonymous_7)
FN:89,countDown
FN:96,setNewSwiperData
FN:109,created
FN:110,(anonymous_11)
FN:117,mounted
FN:120,(anonymous_13)
FN:125,destroyed
FNF:13
FNH:0
FNDA:0,data
FNDA:0,$route
FNDA:0,returnTitle
FNDA:0,(anonymous_5)
FNDA:0,classfiyGoodsRender
FNDA:0,(anonymous_7)
FNDA:0,countDown
FNDA:0,setNewSwiperData
FNDA:0,created
FNDA:0,(anonymous_11)
FNDA:0,mounted
FNDA:0,(anonymous_13)
FNDA:0,destroyed
DA:34,0
DA:35,0
DA:36,0
DA:37,0
DA:38,0
DA:39,0
DA:40,0
DA:41,0
DA:42,0
DA:43,0
DA:47,0
DA:61,0
DA:66,0
DA:69,0
DA:70,0
DA:71,0
DA:72,0
DA:73,0
DA:75,0
DA:76,0
DA:77,0
DA:82,0
DA:83,0
DA:84,0
DA:90,0
DA:91,0
DA:92,0
DA:93,0
DA:94,0
DA:97,0
DA:98,0
DA:99,0
DA:100,0
DA:101,0
DA:102,0
DA:104,0
DA:106,0
DA:109,0
DA:110,0
DA:111,0
DA:117,0
DA:118,0
DA:119,0
DA:120,0
DA:121,0
DA:122,0
DA:126,0
LF:47
LH:0
BRDA:71,0,0,0
BRDA:71,0,1,0
BRDA:71,1,0,0
BRDA:71,1,1,0
BRDA:71,1,2,0
BRDA:83,2,0,0
BRDA:83,2,1,0
BRDA:91,3,0,0
BRDA:91,3,1,0
BRDA:92,4,0,0
BRDA:92,4,1,0
BRDA:93,5,0,0
BRDA:93,5,1,0
BRDA:100,6,0,0
BRDA:100,6,1,0
BRF:15
BRH:0
end_of_record
TN:
SF:F:\SVN\UpinstarH5\src\pages\activitys\components\ActivityCategory.vue
FN:41,data
FN:54,activityCategoryRender
FN:59,activityGoodsDetails
FN:66,(anonymous_5)
FN:73,activityGoodsMore
FN:82,countDown
FN:89,setNewSwiperData
FN:102,mounted
FN:105,(anonymous_10)
FN:109,beforeDestroy
FNF:10
FNH:0
FNDA:0,data
FNDA:0,activityCategoryRender
FNDA:0,activityGoodsDetails
FNDA:0,(anonymous_5)
FNDA:0,activityGoodsMore
FNDA:0,countDown
FNDA:0,setNewSwiperData
FNDA:0,mounted
FNDA:0,(anonymous_10)
FNDA:0,beforeDestroy
DA:30,0
DA:31,0
DA:32,0
DA:33,0
DA:34,0
DA:35,0
DA:42,0
DA:55,0
DA:56,0
DA:60,0
DA:61,0
DA:62,0
DA:65,0
DA:66,0
DA:69,0
DA:74,0
DA:75,0
DA:77,0
DA:79,0
DA:83,0
DA:84,0
DA:85,0
DA:86,0
DA:87,0
DA:90,0
DA:91,0
DA:92,0
DA:93,0
DA:94,0
DA:95,0
DA:97,0
DA:99,0
DA:102,0
DA:103,0
DA:104,0
DA:105,0
DA:106,0
DA:110,0
LF:38
LH:0
BRDA:61,0,0,0
BRDA:61,0,1,0
BRDA:65,1,0,0
BRDA:65,1,1,0
BRDA:65,2,0,0
BRDA:65,2,1,0
BRDA:74,3,0,0
BRDA:74,3,1,0
BRDA:74,4,0,0
BRDA:74,4,1,0
BRDA:74,4,2,0
BRDA:84,5,0,0
BRDA:84,5,1,0
BRDA:85,6,0,0
BRDA:85,6,1,0
BRDA:86,7,0,0
BRDA:86,7,1,0
BRDA:93,8,0,0
BRDA:93,8,1,0
BRF:19
BRH:0
end_of_record
TN:
SF:F:\SVN\UpinstarH5\src\pages\activitys\components\ActivityElies.vue
FN:16,data
FN:24,activityInfoDetails
FNF:2
FNH:0
FNDA:0,data
FNDA:0,activityInfoDetails
DA:9,0
DA:10,0
DA:17,0
DA:25,0
DA:26,0
DA:27,0
DA:29,0
LF:7
LH:0
BRDA:26,0,0,0
BRDA:26,0,1,0
BRDA:26,1,0,0
BRDA:26,1,1,0
BRDA:26,1,2,0
BRF:5
BRH:0
end_of_record
TN:
SF:F:\SVN\UpinstarH5\src\pages\activitys\components\ActivityGoods.vue
FN:23,data
FN:33,activityGoodsDetails
FN:40,(anonymous_4)
FN:46,countDown
FN:53,setNewSwiperData
FN:66,mounted
FN:68,(anonymous_8)
FN:72,beforeDestroy
FNF:8
FNH:0
FNDA:0,data
FNDA:0,activityGoodsDetails
FNDA:0,(anonymous_4)
FNDA:0,countDown
FNDA:0,setNewSwiperData
FNDA:0,mounted
FNDA:0,(anonymous_8)
FNDA:0,beforeDestroy
DA:16,0
DA:17,0
DA:18,0
DA:19,0
DA:24,0
DA:34,0
DA:35,0
DA:36,0
DA:39,0
DA:40,0
DA:43,0
DA:47,0
DA:48,0
DA:49,0
DA:50,0
DA:51,0
DA:54,0
DA:55,0
DA:56,0
DA:57,0
DA:58,0
DA:59,0
DA:61,0
DA:63,0
DA:66,0
DA:67,0
DA:68,0
DA:69,0
DA:73,0
LF:29
LH:0
BRDA:35,0,0,0
BRDA:35,0,1,0
BRDA:39,1,0,0
BRDA:39,1,1,0
BRDA:39,2,0,0
BRDA:39,2,1,0
BRDA:48,3,0,0
BRDA:48,3,1,0
BRDA:49,4,0,0
BRDA:49,4,1,0
BRDA:50,5,0,0
BRDA:50,5,1,0
BRDA:57,6,0,0
BRDA:57,6,1,0
BRF:14
BRH:0
end_of_record
TN:
SF:F:\SVN\UpinstarH5\src\pages\afterSale\AfterEvaluation.vue
FN:35,data
FN:45,sureRefundOper
FN:55,(anonymous_4)
FN:62,(anonymous_5)
FNF:4
FNH:0
FNDA:0,data
FNDA:0,sureRefundOper
FNDA:0,(anonymous_4)
FNDA:0,(anonymous_5)
DA:20,0
DA:24,0
DA:27,0
DA:36,0
DA:45,0
DA:46,0
DA:47,0
DA:48,0
DA:53,0
DA:55,0
DA:56,0
DA:57,0
DA:62,0
DA:63,0
LF:14
LH:0
BRDA:47,0,0,0
BRDA:47,0,1,0
BRDA:56,1,0,0
BRDA:56,1,1,0
BRF:4
BRH:0
end_of_record
TN:
SF:F:\SVN\UpinstarH5\src\pages\afterSale\AfterSaleDetails.vue
FN:130,data
FN:140,$route
FN:148,orderDetailRender
FN:151,(anonymous_5)
FN:157,fromatTime
FN:161,customerService
FN:170,revokeSure
FN:174,delSure
FN:178,orderRevoke
FN:179,(anonymous_11)
FN:187,(anonymous_12)
FN:194,formatSpec
FN:203,modifyOrder
FN:208,appealOrder
FN:212,afterEval
FN:216,delOrder
FN:217,(anonymous_18)
FN:224,(anonymous_19)
FN:231,mounted
FNF:19
FNH:0
FNDA:0,data
FNDA:0,$route
FNDA:0,orderDetailRender
FNDA:0,(anonymous_5)
FNDA:0,fromatTime
FNDA:0,customerService
FNDA:0,revokeSure
FNDA:0,delSure
FNDA:0,orderRevoke
FNDA:0,(anonymous_11)
FNDA:0,(anonymous_12)
FNDA:0,formatSpec
FNDA:0,modifyOrder
FNDA:0,appealOrder
FNDA:0,afterEval
FNDA:0,delOrder
FNDA:0,(anonymous_18)
FNDA:0,(anonymous_19)
FNDA:0,mounted
DA:100,0
DA:101,0
DA:102,0
DA:105,0
DA:108,0
DA:111,0
DA:120,0
DA:121,0
DA:131,0
DA:141,0
DA:142,0
DA:148,0
DA:149,0
DA:150,0
DA:151,0
DA:152,0
DA:153,0
DA:158,0
DA:162,0
DA:163,0
DA:164,0
DA:165,0
DA:166,0
DA:167,0
DA:171,0
DA:175,0
DA:178,0
DA:179,0
DA:180,0
DA:181,0
DA:182,0
DA:187,0
DA:188,0
DA:194,0
DA:195,0
DA:196,0
DA:197,0
DA:198,0
DA:200,0
DA:204,0
DA:205,0
DA:209,0
DA:213,0
DA:216,0
DA:217,0
DA:218,0
DA:219,0
DA:224,0
DA:225,0
DA:232,0
LF:50
LH:0
BRDA:141,0,0,0
BRDA:141,0,1,0
BRDA:158,1,0,0
BRDA:158,1,1,0
BRDA:181,2,0,0
BRDA:181,2,1,0
BRDA:194,3,0,0
BRDA:194,3,1,0
BRDA:218,4,0,0
BRDA:218,4,1,0
BRF:10
BRH:0
end_of_record
TN:
SF:F:\SVN\UpinstarH5\src\pages\afterSale\AfterSaleList.vue
FN:41,data
FN:59,$route
FN:70,getList
FN:76,(anonymous_5)
FN:91,scrollInit
FN:106,(anonymous_7)
FN:116,mounted
FNF:7
FNH:0
FNDA:0,data
FNDA:0,$route
FNDA:0,getList
FNDA:0,(anonymous_5)
FNDA:0,scrollInit
FNDA:0,(anonymous_7)
FNDA:0,mounted
DA:19,0
DA:20,0
DA:23,0
DA:26,0
DA:29,0
DA:30,0
DA:31,0
DA:32,0
DA:42,0
DA:60,0
DA:61,0
DA:62,0
DA:63,0
DA:64,0
DA:70,0
DA:71,0
DA:75,0
DA:76,0
DA:77,0
DA:78,0
DA:79,0
DA:80,0
DA:81,0
DA:82,0
DA:83,0
DA:85,0
DA:86,0
DA:91,0
DA:92,0
DA:93,0
DA:106,0
DA:107,0
DA:108,0
DA:111,0
DA:112,0
DA:117,0
LF:36
LH:0
BRDA:60,0,0,0
BRDA:60,0,1,0
BRDA:75,1,0,0
BRDA:75,1,1,0
BRDA:78,2,0,0
BRDA:78,2,1,0
BRDA:79,3,0,0
BRDA:79,3,1,0
BRDA:79,4,0,0
BRDA:79,4,1,0
BRDA:92,5,0,0
BRDA:92,5,1,0
BRF:12
BRH:0
end_of_record
TN:
SF:F:\SVN\UpinstarH5\src\pages\afterSale\AfterSaleSelect.vue
FN:47,data
FN:58,$route
FN:66,returngoodsRender
FN:71,returnType
FN:77,mounted
FNF:5
FNH:0
FNDA:0,data
FNDA:0,$route
FNDA:0,returngoodsRender
FNDA:0,returnType
FNDA:0,mounted
DA:34,0
DA:35,0
DA:39,0
DA:42,0
DA:48,0
DA:59,0
DA:60,0
DA:67,0
DA:68,0
DA:72,0
DA:73,0
DA:74,0
DA:78,0
LF:13
LH:0
BRDA:59,0,0,0
BRDA:59,0,1,0
BRF:2
BRH:0
end_of_record
TN:
SF:F:\SVN\UpinstarH5\src\pages\afterSale\Appeal.vue
FN:63,data
FN:79,checkLength
FN:88,uploadPic
FN:98,(anonymous_5)
FN:102,(anonymous_6)
FN:107,deletePic
FN:111,sureRefundOper
FN:146,(anonymous_9)
FN:153,(anonymous_10)
FNF:9
FNH:0
FNDA:0,data
FNDA:0,checkLength
FNDA:0,uploadPic
FNDA:0,(anonymous_5)
FNDA:0,(anonymous_6)
FNDA:0,deletePic
FNDA:0,sureRefundOper
FNDA:0,(anonymous_9)
FNDA:0,(anonymous_10)
DA:37,0
DA:38,0
DA:41,0
DA:44,0
DA:47,0
DA:51,0
DA:54,0
DA:57,0
DA:64,0
DA:80,0
DA:81,0
DA:88,0
DA:89,0
DA:90,0
DA:91,0
DA:92,0
DA:98,0
DA:99,0
DA:100,0
DA:103,0
DA:108,0
DA:111,0
DA:112,0
DA:113,0
DA:118,0
DA:120,0
DA:121,0
DA:126,0
DA:128,0
DA:129,0
DA:134,0
DA:136,0
DA:137,0
DA:142,0
DA:144,0
DA:145,0
DA:146,0
DA:147,0
DA:148,0
DA:153,0
DA:154,0
LF:41
LH:0
BRDA:80,0,0,0
BRDA:80,0,1,0
BRDA:99,1,0,0
BRDA:99,1,1,0
BRDA:112,2,0,0
BRDA:112,2,1,0
BRDA:120,3,0,0
BRDA:120,3,1,0
BRDA:128,4,0,0
BRDA:128,4,1,0
BRDA:136,5,0,0
BRDA:136,5,1,0
BRDA:136,6,0,0
BRDA:136,6,1,0
BRDA:147,7,0,0
BRDA:147,7,1,0
BRF:16
BRH:0
end_of_record
TN:
SF:F:\SVN\UpinstarH5\src\pages\afterSale\ApplyAfterSales.vue
FN:152,data
FN:194,$route
FN:204,applyRefundRender
FN:234,addCount
FN:239,subCount
FN:243,changeStyle
FN:268,checkLength
FN:277,uploadPic
FN:287,(anonymous_10)
FN:291,(anonymous_11)
FN:296,deletePic
FN:300,sureRefundOper
FN:372,(anonymous_14)
FN:379,(anonymous_15)
FN:386,changePopStatus
FN:408,reasonChoice
FN:412,showSelectReason
FN:422,mounted
FNF:18
FNH:0
FNDA:0,data
FNDA:0,$route
FNDA:0,applyRefundRender
FNDA:0,addCount
FNDA:0,subCount
FNDA:0,changeStyle
FNDA:0,checkLength
FNDA:0,uploadPic
FNDA:0,(anonymous_10)
FNDA:0,(anonymous_11)
FNDA:0,deletePic
FNDA:0,sureRefundOper
FNDA:0,(anonymous_14)
FNDA:0,(anonymous_15)
FNDA:0,changePopStatus
FNDA:0,reasonChoice
FNDA:0,showSelectReason
FNDA:0,mounted
DA:123,0
DA:124,0
DA:125,0
DA:128,0
DA:131,0
DA:138,0
DA:141,0
DA:144,0
DA:148,0
DA:149,0
DA:153,0
DA:195,0
DA:196,0
DA:197,0
DA:205,0
DA:206,0
DA:207,0
DA:208,0
DA:209,0
DA:210,0
DA:211,0
DA:212,0
DA:213,0
DA:214,0
DA:215,0
DA:217,0
DA:220,0
DA:221,0
DA:223,0
DA:226,0
DA:227,0
DA:228,0
DA:229,0
DA:231,0
DA:235,0
DA:236,0
DA:240,0
DA:241,0
DA:244,0
DA:245,0
DA:246,0
DA:251,0
DA:253,0
DA:254,0
DA:255,0
DA:256,0
DA:257,0
DA:263,0
DA:269,0
DA:270,0
DA:277,0
DA:278,0
DA:279,0
DA:280,0
DA:281,0
DA:287,0
DA:288,0
DA:289,0
DA:292,0
DA:297,0
DA:300,0
DA:301,0
DA:313,0
DA:314,0
DA:316,0
DA:317,0
DA:318,0
DA:323,0
DA:325,0
DA:327,0
DA:328,0
DA:329,0
DA:334,0
DA:338,0
DA:339,0
DA:344,0
DA:346,0
DA:347,0
DA:352,0
DA:354,0
DA:355,0
DA:360,0
DA:362,0
DA:363,0
DA:368,0
DA:372,0
DA:373,0
DA:374,0
DA:379,0
DA:380,0
DA:388,0
DA:389,0
DA:390,0
DA:391,0
DA:396,0
DA:398,0
DA:400,0
DA:401,0
DA:405,0
DA:409,0
DA:410,0
DA:413,0
DA:414,0
DA:423,0
LF:104
LH:0
BRDA:195,0,0,0
BRDA:195,0,1,0
BRDA:210,1,0,0
BRDA:210,1,1,0
BRDA:211,2,0,0
BRDA:211,2,1,0
BRDA:213,3,0,0
BRDA:213,3,1,0
BRDA:214,4,0,0
BRDA:214,4,1,0
BRDA:220,5,0,0
BRDA:220,5,1,0
BRDA:226,6,0,0
BRDA:226,6,1,0
BRDA:228,7,0,0
BRDA:228,7,1,0
BRDA:244,8,0,0
BRDA:244,8,1,0
BRDA:254,9,0,0
BRDA:254,9,1,0
BRDA:269,10,0,0
BRDA:269,10,1,0
BRDA:288,11,0,0
BRDA:288,11,1,0
BRDA:313,12,0,0
BRDA:313,12,1,0
BRDA:313,13,0,0
BRDA:313,13,1,0
BRDA:316,14,0,0
BRDA:316,14,1,0
BRDA:316,15,0,0
BRDA:316,15,1,0
BRDA:317,16,0,0
BRDA:317,16,1,0
BRDA:327,17,0,0
BRDA:327,17,1,0
BRDA:327,18,0,0
BRDA:327,18,1,0
BRDA:328,19,0,0
BRDA:328,19,1,0
BRDA:338,20,0,0
BRDA:338,20,1,0
BRDA:346,21,0,0
BRDA:346,21,1,0
BRDA:354,22,0,0
BRDA:354,22,1,0
BRDA:362,23,0,0
BRDA:362,23,1,0
BRDA:362,24,0,0
BRDA:362,24,1,0
BRDA:373,25,0,0
BRDA:373,25,1,0
BRDA:388,26,0,0
BRDA:388,26,1,0
BRDA:388,27,0,0
BRDA:388,27,1,0
BRDA:389,28,0,0
BRDA:389,28,1,0
BRDA:390,29,0,0
BRDA:390,29,1,0
BRDA:400,30,0,0
BRDA:400,30,1,0
BRDA:400,31,0,0
BRDA:400,31,1,0
BRDA:413,32,0,0
BRDA:413,32,1,0
BRF:66
BRH:0
end_of_record
TN:
SF:F:\SVN\UpinstarH5\src\pages\afterSale\ModifyAfterSales.vue
FN:186,data
FN:236,$route
FN:244,applyRefundRender
FN:268,addCount
FN:273,subCount
FN:277,changeStyle
FN:300,uploadPic
FN:310,(anonymous_9)
FN:314,(anonymous_10)
FN:319,deletePic
FN:323,sureRefundOper
FN:402,(anonymous_13)
FN:409,(anonymous_14)
FN:416,changePopStatus
FN:446,reasonChoice
FN:451,mounted
FNF:16
FNH:0
FNDA:0,data
FNDA:0,$route
FNDA:0,applyRefundRender
FNDA:0,addCount
FNDA:0,subCount
FNDA:0,changeStyle
FNDA:0,uploadPic
FNDA:0,(anonymous_9)
FNDA:0,(anonymous_10)
FNDA:0,deletePic
FNDA:0,sureRefundOper
FNDA:0,(anonymous_13)
FNDA:0,(anonymous_14)
FNDA:0,changePopStatus
FNDA:0,reasonChoice
FNDA:0,mounted
DA:157,0
DA:158,0
DA:159,0
DA:162,0
DA:165,0
DA:172,0
DA:175,0
DA:178,0
DA:182,0
DA:183,0
DA:187,0
DA:237,0
DA:238,0
DA:245,0
DA:246,0
DA:247,0
DA:249,0
DA:250,0
DA:251,0
DA:252,0
DA:253,0
DA:254,0
DA:255,0
DA:256,0
DA:258,0
DA:261,0
DA:262,0
DA:264,0
DA:266,0
DA:269,0
DA:270,0
DA:274,0
DA:275,0
DA:278,0
DA:279,0
DA:280,0
DA:285,0
DA:287,0
DA:288,0
DA:289,0
DA:290,0
DA:296,0
DA:300,0
DA:301,0
DA:302,0
DA:303,0
DA:304,0
DA:310,0
DA:311,0
DA:312,0
DA:315,0
DA:320,0
DA:323,0
DA:324,0
DA:336,0
DA:337,0
DA:338,0
DA:343,0
DA:346,0
DA:347,0
DA:348,0
DA:353,0
DA:355,0
DA:356,0
DA:361,0
DA:365,0
DA:366,0
DA:371,0
DA:373,0
DA:374,0
DA:379,0
DA:381,0
DA:382,0
DA:387,0
DA:389,0
DA:390,0
DA:395,0
DA:398,0
DA:399,0
DA:400,0
DA:402,0
DA:403,0
DA:404,0
DA:409,0
DA:410,0
DA:417,0
DA:418,0
DA:419,0
DA:421,0
DA:422,0
DA:424,0
DA:427,0
DA:428,0
DA:440,0
DA:441,0
DA:443,0
DA:447,0
DA:448,0
DA:452,0
LF:99
LH:0
BRDA:237,0,0,0
BRDA:237,0,1,0
BRDA:246,1,0,0
BRDA:246,1,1,0
BRDA:251,2,0,0
BRDA:251,2,1,0
BRDA:252,3,0,0
BRDA:252,3,1,0
BRDA:254,4,0,0
BRDA:254,4,1,0
BRDA:255,5,0,0
BRDA:255,5,1,0
BRDA:261,6,0,0
BRDA:261,6,1,0
BRDA:278,7,0,0
BRDA:278,7,1,0
BRDA:287,8,0,0
BRDA:287,8,1,0
BRDA:311,9,0,0
BRDA:311,9,1,0
BRDA:336,10,0,0
BRDA:336,10,1,0
BRDA:336,11,0,0
BRDA:336,11,1,0
BRDA:337,12,0,0
BRDA:337,12,1,0
BRDA:346,13,0,0
BRDA:346,13,1,0
BRDA:346,14,0,0
BRDA:346,14,1,0
BRDA:347,15,0,0
BRDA:347,15,1,0
BRDA:355,16,0,0
BRDA:355,16,1,0
BRDA:365,17,0,0
BRDA:365,17,1,0
BRDA:373,18,0,0
BRDA:373,18,1,0
BRDA:381,19,0,0
BRDA:381,19,1,0
BRDA:389,20,0,0
BRDA:389,20,1,0
BRDA:389,21,0,0
BRDA:389,21,1,0
BRDA:399,22,0,0
BRDA:399,22,1,0
BRDA:403,23,0,0
BRDA:403,23,1,0
BRDA:417,24,0,0
BRDA:417,24,1,0
BRDA:418,25,0,0
BRDA:418,25,1,0
BRDA:421,26,0,0
BRDA:421,26,1,0
BRDA:427,27,0,0
BRDA:427,27,1,0
BRDA:440,28,0,0
BRDA:440,28,1,0
BRDA:440,29,0,0
BRDA:440,29,1,0
BRF:60
BRH:0
end_of_record
TN:
SF:F:\SVN\UpinstarH5\src\pages\afterSale\Record.vue
FN:40,data
FN:55,fromatTime
FN:61,contactService
FN:66,getList
FN:68,(anonymous_6)
FN:71,(anonymous_7)
FN:77,created
FNF:7
FNH:0
FNDA:0,data
FNDA:0,fromatTime
FNDA:0,contactService
FNDA:0,getList
FNDA:0,(anonymous_6)
FNDA:0,(anonymous_7)
FNDA:0,created
DA:27,0
DA:28,0
DA:32,0
DA:41,0
DA:56,0
DA:62,0
DA:66,0
DA:67,0
DA:68,0
DA:69,0
DA:70,0
DA:72,0
DA:78,0
LF:13
LH:0
BRDA:56,0,0,0
BRDA:56,0,1,0
BRF:2
BRH:0
end_of_record
TN:
SF:F:\SVN\UpinstarH5\src\pages\afterSale\ReturnLogistics.vue
FN:70,data
FN:85,openPop
FN:89,closePop
FN:94,getExpressList
FN:95,(anonymous_6)
FN:100,(anonymous_7)
FN:104,toastShow
FN:112,validate
FN:127,submit
FN:129,(anonymous_11)
FN:137,created
FNF:11
FNH:0
FNDA:0,data
FNDA:0,openPop
FNDA:0,closePop
FNDA:0,getExpressList
FNDA:0,(anonymous_6)
FNDA:0,(anonymous_7)
FNDA:0,toastShow
FNDA:0,validate
FNDA:0,submit
FNDA:0,(anonymous_11)
FNDA:0,created
DA:44,0
DA:49,0
DA:55,0
DA:58,0
DA:59,0
DA:71,0
DA:86,0
DA:90,0
DA:94,0
DA:95,0
DA:96,0
DA:97,0
DA:98,0
DA:101,0
DA:105,0
DA:113,0
DA:114,0
DA:115,0
DA:116,0
DA:117,0
DA:118,0
DA:122,0
DA:123,0
DA:124,0
DA:127,0
DA:128,0
DA:129,0
DA:130,0
DA:131,0
DA:138,0
DA:139,0
LF:31
LH:0
BRDA:97,0,0,0
BRDA:97,0,1,0
BRDA:115,1,0,0
BRDA:115,1,1,0
BRDA:116,2,0,0
BRDA:116,2,1,0
BRDA:122,3,0,0
BRDA:122,3,1,0
BRDA:122,4,0,0
BRDA:122,4,1,0
BRDA:128,5,0,0
BRDA:128,5,1,0
BRDA:130,6,0,0
BRDA:130,6,1,0
BRF:14
BRH:0
end_of_record
TN:
SF:F:\SVN\UpinstarH5\src\pages\afterSale\components\DetailsItem.vue
FN:32,data
FN:40,formatSpec
FN:55,goDetails
FNF:3
FNH:0
FNDA:0,data
FNDA:0,formatSpec
FNDA:0,goDetails
DA:22,0
DA:33,0
DA:41,0
DA:42,0
DA:43,0
DA:44,0
DA:45,0
DA:46,0
DA:48,0
DA:50,0
DA:56,0
LF:11
LH:0
BRDA:43,0,0,0
BRDA:43,0,1,0
BRDA:43,1,0,0
BRDA:43,1,1,0
BRF:4
BRH:0
end_of_record
TN:
SF:F:\SVN\UpinstarH5\src\pages\afterSale\components\GoodsItem.vue
FN:32,data
FN:40,formatSpec
FN:55,goDetails
FNF:3
FNH:0
FNDA:0,data
FNDA:0,formatSpec
FNDA:0,goDetails
DA:22,0
DA:33,0
DA:41,0
DA:42,0
DA:43,0
DA:44,0
DA:45,0
DA:46,0
DA:48,0
DA:50,0
DA:56,0
LF:11
LH:0
BRDA:43,0,0,0
BRDA:43,0,1,0
BRDA:43,1,0,0
BRDA:43,1,1,0
BRF:4
BRH:0
end_of_record
TN:
SF:F:\SVN\UpinstarH5\src\pages\afterSale\components\OrderItem.vue
FN:43,formatSpec
FN:58,goDetails
FN:62,data
FNF:3
FNH:0
FNDA:0,formatSpec
FNDA:0,goDetails
FNDA:0,data
DA:31,0
DA:44,0
DA:45,0
DA:46,0
DA:47,0
DA:48,0
DA:49,0
DA:51,0
DA:53,0
DA:59,0
DA:63,0
LF:11
LH:0
BRDA:46,0,0,0
BRDA:46,0,1,0
BRDA:46,1,0,0
BRDA:46,1,1,0
BRF:4
BRH:0
end_of_record
TN:
SF:F:\SVN\UpinstarH5\src\pages\brand\Brand.vue
FN:19,data
FN:25,getBrandList
FN:30,(anonymous_4)
FN:32,(anonymous_5)
FN:37,mounted
FNF:5
FNH:0
FNDA:0,data
FNDA:0,getBrandList
FNDA:0,(anonymous_4)
FNDA:0,(anonymous_5)
FNDA:0,mounted
DA:9,0
DA:10,0
DA:11,0
DA:12,0
DA:20,0
DA:25,0
DA:26,0
DA:30,0
DA:31,0
DA:33,0
DA:38,0
LF:11
LH:0
BRF:0
BRH:0
end_of_record
TN:
SF:F:\SVN\UpinstarH5\src\pages\brand\components\BrandImgName.vue
FN:26,data
FN:33,scrollInit
FN:48,mounted
FNF:3
FNH:0
FNDA:0,data
FNDA:0,scrollInit
FNDA:0,mounted
DA:16,0
DA:17,0
DA:27,0
DA:34,0
DA:35,0
DA:44,0
DA:49,0
LF:7
LH:0
BRDA:34,0,0,0
BRDA:34,0,1,0
BRF:2
BRH:0
end_of_record
TN:
SF:F:\SVN\UpinstarH5\src\pages\brandDetails\BrandDetails.vue
FN:43,data
FN:56,$route
FN:63,hideHeads
FN:69,getBrandDetail
FN:71,(anonymous_6)
FN:75,(anonymous_7)
FN:79,(anonymous_8)
FN:84,scrollInit
FN:100,mounted
FN:106,destroyed
FN:111,updated
FN:112,(anonymous_13)
FN:117,(anonymous_14)
FNF:13
FNH:0
FNDA:0,data
FNDA:0,$route
FNDA:0,hideHeads
FNDA:0,getBrandDetail
FNDA:0,(anonymous_6)
FNDA:0,(anonymous_7)
FNDA:0,(anonymous_8)
FNDA:0,scrollInit
FNDA:0,mounted
FNDA:0,destroyed
FNDA:0,updated
FNDA:0,(anonymous_13)
FNDA:0,(anonymous_14)
DA:20,0
DA:23,0
DA:26,0
DA:29,0
DA:30,0
DA:31,0
DA:32,0
DA:33,0
DA:34,0
DA:44,0
DA:57,0
DA:58,0
DA:64,0
DA:65,0
DA:66,0
DA:69,0
DA:70,0
DA:71,0
DA:73,0
DA:74,0
DA:75,0
DA:76,0
DA:77,0
DA:81,0
DA:85,0
DA:86,0
DA:95,0
DA:101,0
DA:102,0
DA:103,0
DA:104,0
DA:107,0
DA:108,0
DA:109,0
DA:112,0
DA:113,0
DA:114,0
DA:115,0
DA:116,0
DA:117,0
DA:118,0
DA:119,0
DA:120,0
DA:121,0
DA:122,0
LF:45
LH:0
BRDA:57,0,0,0
BRDA:57,0,1,0
BRDA:65,1,0,0
BRDA:65,1,1,0
BRDA:65,2,0,0
BRDA:65,2,1,0
BRDA:85,3,0,0
BRDA:85,3,1,0
BRDA:116,4,0,0
BRDA:116,4,1,0
BRDA:118,5,0,0
BRDA:118,5,1,0
BRDA:121,6,0,0
BRDA:121,6,1,0
BRF:14
BRH:0
end_of_record
TN:
SF:F:\SVN\UpinstarH5\src\pages\brandDetails\components\DetailsHeader.vue
FN:26,data
FN:35,mounted
FNF:2
FNH:0
FNDA:0,data
FNDA:0,mounted
DA:17,0
DA:20,0
DA:27,0
LF:3
LH:0
BRF:0
BRH:0
end_of_record
TN:
SF:F:\SVN\UpinstarH5\src\pages\cart\Cart.vue
FN:86,data
FN:113,goodsList
FN:124,$route
FN:130,isAllSelect
FN:141,goodsList
FN:142,isAllSelect
FN:143,clearNum
FN:149,reselect
FN:155,(anonymous_10)
FN:161,(anonymous_11)
FN:164,(anonymous_12)
FN:167,(anonymous_13)
FN:174,addCart
FN:177,scrollInit
FN:193,(anonymous_16)
FN:203,changeData
FN:214,(anonymous_18)
FN:245,remove
FN:279,orderPopUpShow
FN:284,getCartList
FN:290,(anonymous_22)
FN:326,(anonymous_23)
FN:331,changeShowModify
FN:341,sureEmpty
FN:345,emptyNoInventory
FN:351,(anonymous_27)
FN:361,(anonymous_28)
FN:366,chooseCoupons
FN:378,mounted
FN:388,destroyed
FNF:30
FNH:0
FNDA:0,data
FNDA:0,goodsList
FNDA:0,$route
FNDA:0,isAllSelect
FNDA:0,goodsList
FNDA:0,isAllSelect
FNDA:0,clearNum
FNDA:0,reselect
FNDA:0,(anonymous_10)
FNDA:0,(anonymous_11)
FNDA:0,(anonymous_12)
FNDA:0,(anonymous_13)
FNDA:0,addCart
FNDA:0,scrollInit
FNDA:0,(anonymous_16)
FNDA:0,changeData
FNDA:0,(anonymous_18)
FNDA:0,remove
FNDA:0,orderPopUpShow
FNDA:0,getCartList
FNDA:0,(anonymous_22)
FNDA:0,(anonymous_23)
FNDA:0,changeShowModify
FNDA:0,sureEmpty
FNDA:0,emptyNoInventory
FNDA:0,(anonymous_27)
FNDA:0,(anonymous_28)
FNDA:0,chooseCoupons
FNDA:0,mounted
FNDA:0,destroyed
DA:39,0
DA:40,0
DA:41,0
DA:42,0
DA:43,0
DA:44,0
DA:45,0
DA:50,0
DA:51,0
DA:54,0
DA:57,0
DA:62,0
DA:67,0
DA:68,0
DA:71,0
DA:87,0
DA:114,0
DA:115,0
DA:116,0
DA:117,0
DA:118,0
DA:120,0
DA:125,0
DA:126,0
DA:127,0
DA:131,0
DA:132,0
DA:133,0
DA:134,0
DA:136,0
DA:141,0
DA:142,0
DA:143,0
DA:149,0
DA:150,0
DA:151,0
DA:152,0
DA:154,0
DA:155,0
DA:157,0
DA:158,0
DA:159,0
DA:160,0
DA:161,0
DA:162,0
DA:163,0
DA:165,0
DA:169,0
DA:175,0
DA:177,0
DA:178,0
DA:179,0
DA:193,0
DA:194,0
DA:195,0
DA:196,0
DA:199,0
DA:200,0
DA:203,0
DA:204,0
DA:208,0
DA:214,0
DA:215,0
DA:216,0
DA:217,0
DA:218,0
DA:219,0
DA:220,0
DA:221,0
DA:225,0
DA:226,0
DA:227,0
DA:228,0
DA:229,0
DA:230,0
DA:231,0
DA:233,0
DA:238,0
DA:239,0
DA:240,0
DA:246,0
DA:247,0
DA:248,0
DA:249,0
DA:250,0
DA:253,0
DA:254,0
DA:255,0
DA:258,0
DA:259,0
DA:260,0
DA:265,0
DA:266,0
DA:280,0
DA:281,0
DA:284,0
DA:285,0
DA:289,0
DA:290,0
DA:291,0
DA:292,0
DA:293,0
DA:294,0
DA:295,0
DA:296,0
DA:298,0
DA:299,0
DA:301,0
DA:302,0
DA:304,0
DA:305,0
DA:307,0
DA:308,0
DA:312,0
DA:313,0
DA:314,0
DA:316,0
DA:317,0
DA:319,0
DA:323,0
DA:324,0
DA:327,0
DA:332,0
DA:333,0
DA:334,0
DA:335,0
DA:338,0
DA:342,0
DA:345,0
DA:346,0
DA:347,0
DA:348,0
DA:350,0
DA:351,0
DA:352,0
DA:353,0
DA:358,0
DA:359,0
DA:362,0
DA:367,0
DA:368,0
DA:369,0
DA:374,0
DA:375,0
DA:379,0
DA:384,0
DA:385,0
DA:386,0
DA:389,0
DA:394,0
DA:395,0
LF:151
LH:0
BRDA:117,0,0,0
BRDA:117,0,1,0
BRDA:125,1,0,0
BRDA:125,1,1,0
BRDA:131,2,0,0
BRDA:131,2,1,0
BRDA:154,3,0,0
BRDA:154,3,1,0
BRDA:154,4,0,0
BRDA:154,4,1,0
BRDA:178,5,0,0
BRDA:178,5,1,0
BRDA:215,6,0,0
BRDA:215,6,1,0
BRDA:219,7,0,0
BRDA:219,7,1,0
BRDA:228,8,0,0
BRDA:228,8,1,0
BRDA:229,9,0,0
BRDA:229,9,1,0
BRDA:230,10,0,0
BRDA:230,10,1,0
BRDA:239,11,0,0
BRDA:239,11,1,0
BRDA:249,12,0,0
BRDA:249,12,1,0
BRDA:254,13,0,0
BRDA:254,13,1,0
BRDA:265,14,0,0
BRDA:265,14,1,0
BRDA:280,15,0,0
BRDA:280,15,1,0
BRDA:289,16,0,0
BRDA:289,16,1,0
BRDA:291,17,0,0
BRDA:291,17,1,0
BRDA:293,18,0,0
BRDA:293,18,1,0
BRDA:293,19,0,0
BRDA:293,19,1,0
BRDA:301,20,0,0
BRDA:301,20,1,0
BRDA:304,21,0,0
BRDA:304,21,1,0
BRDA:307,22,0,0
BRDA:307,22,1,0
BRDA:313,23,0,0
BRDA:313,23,1,0
BRDA:316,24,0,0
BRDA:316,24,1,0
BRDA:334,25,0,0
BRDA:334,25,1,0
BRDA:352,26,0,0
BRDA:352,26,1,0
BRF:54
BRH:0
end_of_record
TN:
SF:F:\SVN\UpinstarH5\src\pages\cart\components\CartOperate.vue
FN:47,data
FN:56,goodsList
FN:57,clearNum
FN:58,isAllSelect
FN:61,isAllSelect
FN:64,check
FN:67,$route
FN:71,handler
FN:87,showModify
FN:102,checkAll
FN:116,collectBatch
FN:128,(anonymous_13)
FN:133,(anonymous_14)
FN:138,sureDel
FN:153,delCheck
FN:167,(anonymous_17)
FN:179,(anonymous_18)
FN:184,buy
FN:191,mounted
FNF:19
FNH:0
FNDA:0,data
FNDA:0,goodsList
FNDA:0,clearNum
FNDA:0,isAllSelect
FNDA:0,isAllSelect
FNDA:0,check
FNDA:0,$route
FNDA:0,handler
FNDA:0,showModify
FNDA:0,checkAll
FNDA:0,collectBatch
FNDA:0,(anonymous_13)
FNDA:0,(anonymous_14)
FNDA:0,sureDel
FNDA:0,delCheck
FNDA:0,(anonymous_17)
FNDA:0,(anonymous_18)
FNDA:0,buy
FNDA:0,mounted
DA:18,0
DA:21,0
DA:25,0
DA:31,0
DA:35,0
DA:48,0
DA:56,0
DA:57,0
DA:58,0
DA:62,0
DA:65,0
DA:68,0
DA:72,0
DA:73,0
DA:75,0
DA:77,0
DA:78,0
DA:79,0
DA:81,0
DA:82,0
DA:88,0
DA:89,0
DA:90,0
DA:91,0
DA:92,0
DA:95,0
DA:103,0
DA:104,0
DA:105,0
DA:106,0
DA:107,0
DA:109,0
DA:110,0
DA:113,0
DA:116,0
DA:117,0
DA:118,0
DA:119,0
DA:121,0
DA:122,0
DA:128,0
DA:129,0
DA:130,0
DA:131,0
DA:134,0
DA:138,0
DA:139,0
DA:140,0
DA:141,0
DA:142,0
DA:143,0
DA:145,0
DA:153,0
DA:154,0
DA:155,0
DA:156,0
DA:157,0
DA:158,0
DA:159,0
DA:160,0
DA:162,0
DA:165,0
DA:166,0
DA:167,0
DA:168,0
DA:169,0
DA:170,0
DA:177,0
DA:180,0
DA:185,0
DA:186,0
DA:188,0
DA:192,0
LF:73
LH:0
BRDA:72,0,0,0
BRDA:72,0,1,0
BRDA:88,1,0,0
BRDA:88,1,1,0
BRDA:91,2,0,0
BRDA:91,2,1,0
BRDA:105,3,0,0
BRDA:105,3,1,0
BRDA:116,4,0,0
BRDA:116,4,1,0
BRDA:121,5,0,0
BRDA:121,5,1,0
BRDA:129,6,0,0
BRDA:129,6,1,0
BRDA:141,7,0,0
BRDA:141,7,1,0
BRDA:138,8,0,0
BRDA:138,8,1,0
BRDA:153,9,0,0
BRDA:153,9,1,0
BRDA:158,10,0,0
BRDA:158,10,1,0
BRDA:158,11,0,0
BRDA:158,11,1,0
BRDA:166,12,0,0
BRDA:166,12,1,0
BRDA:168,13,0,0
BRDA:168,13,1,0
BRDA:169,14,0,0
BRDA:169,14,1,0
BRDA:185,15,0,0
BRDA:185,15,1,0
BRF:32
BRH:0
end_of_record
TN:
SF:F:\SVN\UpinstarH5\src\pages\cart\components\GoodsItem.vue
FN:104,data
FN:122,clearNum
FN:123,goodsList
FN:124,isAllSelect
FN:128,handler
FN:153,reselect
FN:157,getSpecs
FN:164,doCollection
FN:176,(anonymous_10)
FN:185,(anonymous_11)
FN:190,contactService
FN:199,delCheck
FN:210,(anonymous_14)
FN:229,(anonymous_15)
FN:234,addCount
FN:239,subCount
FN:243,changeStyle
FN:275,doUpdateCart
FN:284,(anonymous_20)
FN:291,mounted
FNF:20
FNH:0
FNDA:0,data
FNDA:0,clearNum
FNDA:0,goodsList
FNDA:0,isAllSelect
FNDA:0,handler
FNDA:0,reselect
FNDA:0,getSpecs
FNDA:0,doCollection
FNDA:0,(anonymous_10)
FNDA:0,(anonymous_11)
FNDA:0,contactService
FNDA:0,delCheck
FNDA:0,(anonymous_14)
FNDA:0,(anonymous_15)
FNDA:0,addCount
FNDA:0,subCount
FNDA:0,changeStyle
FNDA:0,doUpdateCart
FNDA:0,(anonymous_20)
FNDA:0,mounted
DA:76,0
DA:79,0
DA:85,0
DA:88,0
DA:91,0
DA:105,0
DA:122,0
DA:123,0
DA:124,0
DA:129,0
DA:130,0
DA:131,0
DA:132,0
DA:133,0
DA:134,0
DA:135,0
DA:140,0
DA:144,0
DA:154,0
DA:158,0
DA:159,0
DA:160,0
DA:164,0
DA:165,0
DA:170,0
DA:171,0
DA:172,0
DA:173,0
DA:176,0
DA:177,0
DA:178,0
DA:183,0
DA:186,0
DA:191,0
DA:192,0
DA:193,0
DA:194,0
DA:195,0
DA:196,0
DA:199,0
DA:200,0
DA:201,0
DA:202,0
DA:203,0
DA:204,0
DA:206,0
DA:209,0
DA:210,0
DA:211,0
DA:213,0
DA:214,0
DA:220,0
DA:227,0
DA:230,0
DA:235,0
DA:236,0
DA:240,0
DA:241,0
DA:244,0
DA:245,0
DA:246,0
DA:251,0
DA:253,0
DA:254,0
DA:257,0
DA:258,0
DA:260,0
DA:261,0
DA:263,0
DA:264,0
DA:265,0
DA:272,0
DA:276,0
DA:277,0
DA:278,0
DA:279,0
DA:280,0
DA:284,0
DA:285,0
DA:292,0
DA:293,0
LF:81
LH:0
BRDA:133,0,0,0
BRDA:133,0,1,0
BRDA:133,1,0,0
BRDA:133,1,1,0
BRDA:134,2,0,0
BRDA:134,2,1,0
BRDA:172,3,0,0
BRDA:172,3,1,0
BRDA:177,4,0,0
BRDA:177,4,1,0
BRDA:199,5,0,0
BRDA:199,5,1,0
BRDA:203,6,0,0
BRDA:203,6,1,0
BRDA:209,7,0,0
BRDA:209,7,1,0
BRDA:211,8,0,0
BRDA:211,8,1,0
BRDA:213,9,0,0
BRDA:213,9,1,0
BRDA:244,10,0,0
BRDA:244,10,1,0
BRDA:253,11,0,0
BRDA:253,11,1,0
BRDA:260,12,0,0
BRDA:260,12,1,0
BRDA:263,13,0,0
BRDA:263,13,1,0
BRDA:276,14,0,0
BRDA:276,14,1,0
BRDA:276,15,0,0
BRDA:276,15,1,0
BRDA:279,16,0,0
BRDA:279,16,1,0
BRF:34
BRH:0
end_of_record
TN:
SF:F:\SVN\UpinstarH5\src\pages\cart\components\OrderPopUp.vue
FN:54,data
FN:61,remove
FN:64,toCart
FN:68,created
FNF:4
FNH:0
FNDA:0,data
FNDA:0,remove
FNDA:0,toCart
FNDA:0,created
DA:45,0
DA:55,0
DA:62,0
DA:65,0
DA:69,0
DA:70,0
DA:71,0
DA:72,0
DA:73,0
LF:9
LH:0
BRF:0
BRH:0
end_of_record
TN:
SF:F:\SVN\UpinstarH5\src\pages\classify\Classify.vue
FN:44,data
FN:53,changeToggle
FN:62,scrollInit
FN:76,getTreeData
FN:77,(anonymous_6)
FN:82,(anonymous_7)
FN:87,created
FNF:7
FNH:0
FNDA:0,data
FNDA:0,changeToggle
FNDA:0,scrollInit
FNDA:0,getTreeData
FNDA:0,(anonymous_6)
FNDA:0,(anonymous_7)
FNDA:0,created
DA:26,0
DA:27,0
DA:28,0
DA:29,0
DA:30,0
DA:33,0
DA:36,0
DA:45,0
DA:54,0
DA:55,0
DA:57,0
DA:60,0
DA:63,0
DA:64,0
DA:73,0
DA:76,0
DA:77,0
DA:78,0
DA:79,0
DA:80,0
DA:81,0
DA:83,0
DA:88,0
LF:23
LH:0
BRDA:54,0,0,0
BRDA:54,0,1,0
BRDA:63,1,0,0
BRDA:63,1,1,0
BRF:4
BRH:0
end_of_record
TN:
SF:F:\SVN\UpinstarH5\src\pages\collect\Collect.vue
FN:65,data
FN:93,onItemClick
FN:105,getGoods
FN:111,(anonymous_5)
FN:128,getContent
FN:134,(anonymous_7)
FN:146,(anonymous_8)
FN:152,scrollInit
FN:165,(anonymous_10)
FN:179,mounted
FNF:10
FNH:0
FNDA:0,data
FNDA:0,onItemClick
FNDA:0,getGoods
FNDA:0,(anonymous_5)
FNDA:0,getContent
FNDA:0,(anonymous_7)
FNDA:0,(anonymous_8)
FNDA:0,scrollInit
FNDA:0,(anonymous_10)
FNDA:0,mounted
DA:33,0
DA:34,0
DA:39,0
DA:42,0
DA:45,0
DA:49,0
DA:50,0
DA:51,0
DA:52,0
DA:53,0
DA:66,0
DA:94,0
DA:95,0
DA:96,0
DA:97,0
DA:98,0
DA:99,0
DA:101,0
DA:102,0
DA:105,0
DA:106,0
DA:110,0
DA:111,0
DA:112,0
DA:113,0
DA:114,0
DA:116,0
DA:117,0
DA:118,0
DA:119,0
DA:120,0
DA:121,0
DA:122,0
DA:124,0
DA:128,0
DA:129,0
DA:133,0
DA:134,0
DA:136,0
DA:137,0
DA:138,0
DA:139,0
DA:141,0
DA:142,0
DA:143,0
DA:145,0
DA:148,0
DA:152,0
DA:153,0
DA:154,0
DA:165,0
DA:166,0
DA:167,0
DA:168,0
DA:170,0
DA:174,0
DA:175,0
DA:181,0
DA:182,0
DA:183,0
DA:185,0
LF:61
LH:0
BRDA:97,0,0,0
BRDA:97,0,1,0
BRDA:110,1,0,0
BRDA:110,1,1,0
BRDA:112,2,0,0
BRDA:112,2,1,0
BRDA:112,3,0,0
BRDA:112,3,1,0
BRDA:133,4,0,0
BRDA:133,4,1,0
BRDA:137,5,0,0
BRDA:137,5,1,0
BRDA:137,6,0,0
BRDA:137,6,1,0
BRDA:153,7,0,0
BRDA:153,7,1,0
BRDA:167,8,0,0
BRDA:167,8,1,0
BRDA:182,9,0,0
BRDA:182,9,1,0
BRF:20
BRH:0
end_of_record
TN:
SF:F:\SVN\UpinstarH5\src\pages\comment\Comment.vue
FN:51,data
FN:66,getThumbBoundsFn
FN:85,show
FN:89,mounted
FNF:4
FNH:0
FNDA:0,data
FNDA:0,getThumbBoundsFn
FNDA:0,show
FNDA:0,mounted
DA:27,0
DA:30,0
DA:33,0
DA:36,0
DA:39,0
DA:40,0
DA:41,0
DA:42,0
DA:52,0
DA:67,0
DA:68,0
DA:69,0
DA:70,0
DA:86,0
DA:90,0
DA:91,0
DA:92,0
DA:93,0
LF:18
LH:0
BRDA:68,0,0,0
BRDA:68,0,1,0
BRDA:91,1,0,0
BRDA:91,1,1,0
BRF:4
BRH:0
end_of_record
TN:
SF:F:\SVN\UpinstarH5\src\pages\createOrder\ChooseCoupons.vue
FN:48,data
FN:71,timeFormat
FN:79,headleTabsChange
FN:81,(anonymous_5)
FN:98,(anonymous_6)
FN:104,useCoupon
FN:122,noCoupons
FN:132,receiveCard
FN:136,(anonymous_10)
FN:146,(anonymous_11)
FN:151,created
FNF:11
FNH:0
FNDA:0,data
FNDA:0,timeFormat
FNDA:0,headleTabsChange
FNDA:0,(anonymous_5)
FNDA:0,(anonymous_6)
FNDA:0,useCoupon
FNDA:0,noCoupons
FNDA:0,receiveCard
FNDA:0,(anonymous_10)
FNDA:0,(anonymous_11)
FNDA:0,created
DA:20,0
DA:21,0
DA:25,0
DA:30,0
DA:33,0
DA:36,0
DA:40,0
DA:41,0
DA:42,0
DA:49,0
DA:72,0
DA:73,0
DA:74,0
DA:79,0
DA:80,0
DA:81,0
DA:82,0
DA:83,0
DA:84,0
DA:85,0
DA:86,0
DA:87,0
DA:88,0
DA:89,0
DA:91,0
DA:92,0
DA:93,0
DA:99,0
DA:105,0
DA:106,0
DA:107,0
DA:108,0
DA:109,0
DA:111,0
DA:112,0
DA:113,0
DA:114,0
DA:116,0
DA:117,0
DA:123,0
DA:124,0
DA:125,0
DA:126,0
DA:127,0
DA:132,0
DA:133,0
DA:136,0
DA:137,0
DA:138,0
DA:139,0
DA:144,0
DA:147,0
DA:152,0
DA:153,0
DA:154,0
DA:155,0
DA:156,0
DA:157,0
DA:158,0
DA:159,0
DA:160,0
DA:161,0
DA:162,0
DA:163,0
DA:164,0
LF:65
LH:0
BRDA:72,0,0,0
BRDA:72,0,1,0
BRDA:82,1,0,0
BRDA:82,1,1,0
BRDA:85,2,0,0
BRDA:85,2,1,0
BRDA:87,3,0,0
BRDA:87,3,1,0
BRDA:87,4,0,0
BRDA:87,4,1,0
BRDA:88,5,0,0
BRDA:88,5,1,0
BRDA:91,6,0,0
BRDA:91,6,1,0
BRDA:92,7,0,0
BRDA:92,7,1,0
BRDA:82,8,0,0
BRDA:82,8,1,0
BRDA:106,9,0,0
BRDA:106,9,1,0
BRDA:107,10,0,0
BRDA:107,10,1,0
BRDA:123,11,0,0
BRDA:123,11,1,0
BRDA:138,12,0,0
BRDA:138,12,1,0
BRDA:153,13,0,0
BRDA:153,13,1,0
BRDA:157,14,0,0
BRDA:157,14,1,0
BRDA:161,15,0,0
BRDA:161,15,1,0
BRF:32
BRH:0
end_of_record
TN:
SF:F:\SVN\UpinstarH5\src\pages\createOrder\CreateOrder.vue
FN:180,data
FN:221,$route
FN:239,invoiceStatusSelect
FN:256,beforeRouteEnter
FN:264,changeDesc
FN:268,openType
FN:272,closeType
FN:275,remove
FN:295,getDetails
FN:317,(anonymous_11)
FN:361,(anonymous_12)
FN:367,getOrderInfo
FN:375,(anonymous_14)
FN:263,_callee
FN:401,(anonymous_17)
FN:413,(anonymous_18)
FN:417,toastShow
FN:425,(anonymous_21)
FN:436,(anonymous_25)
FN:441,chooseCoupons
FN:452,chooseCouponsGoods
FN:456,chooseCouponsDelivery
FN:461,created
FNF:23
FNH:0
FNDA:0,data
FNDA:0,$route
FNDA:0,invoiceStatusSelect
FNDA:0,beforeRouteEnter
FNDA:0,changeDesc
FNDA:0,openType
FNDA:0,closeType
FNDA:0,remove
FNDA:0,getDetails
FNDA:0,(anonymous_11)
FNDA:0,(anonymous_12)
FNDA:0,getOrderInfo
FNDA:0,(anonymous_14)
FNDA:0,_callee
FNDA:0,(anonymous_17)
FNDA:0,(anonymous_18)
FNDA:0,toastShow
FNDA:0,(anonymous_21)
FNDA:0,(anonymous_25)
FNDA:0,chooseCoupons
FNDA:0,chooseCouponsGoods
FNDA:0,chooseCouponsDelivery
FNDA:0,created
DA:139,0
DA:140,0
DA:141,0
DA:142,0
DA:147,0
DA:151,0
DA:154,0
DA:159,0
DA:162,0
DA:181,0
DA:222,0
DA:223,0
DA:224,0
DA:225,0
DA:226,0
DA:227,0
DA:228,0
DA:229,0
DA:230,0
DA:232,0
DA:233,0
DA:234,0
DA:235,0
DA:240,0
DA:241,0
DA:242,0
DA:245,0
DA:246,0
DA:248,0
DA:249,0
DA:250,0
DA:251,0
DA:252,0
DA:253,0
DA:258,0
DA:259,0
DA:261,0
DA:263,0
DA:265,0
DA:269,0
DA:273,0
DA:276,0
DA:277,0
DA:278,0
DA:279,0
DA:280,0
DA:281,0
DA:282,0
DA:285,0
DA:286,0
DA:287,0
DA:289,0
DA:295,0
DA:296,0
DA:297,0
DA:298,0
DA:299,0
DA:300,0
DA:302,0
DA:303,0
DA:304,0
DA:306,0
DA:307,0
DA:309,0
DA:310,0
DA:311,0
DA:312,0
DA:313,0
DA:314,0
DA:317,0
DA:318,0
DA:319,0
DA:320,0
DA:321,0
DA:322,0
DA:323,0
DA:324,0
DA:325,0
DA:326,0
DA:327,0
DA:328,0
DA:329,0
DA:330,0
DA:331,0
DA:332,0
DA:333,0
DA:334,0
DA:335,0
DA:336,0
DA:339,0
DA:340,0
DA:341,0
DA:342,0
DA:343,0
DA:344,0
DA:345,0
DA:349,0
DA:350,0
DA:351,0
DA:352,0
DA:355,0
DA:362,0
DA:368,0
DA:369,0
DA:370,0
DA:371,0
DA:376,0
DA:377,0
DA:378,0
DA:380,0
DA:381,0
DA:382,0
DA:384,0
DA:385,0
DA:386,0
DA:387,0
DA:389,0
DA:392,0
DA:397,0
DA:401,0
DA:402,0
DA:403,0
DA:404,0
DA:405,0
DA:406,0
DA:407,0
DA:414,0
DA:418,0
DA:427,0
DA:428,0
DA:429,0
DA:430,0
DA:431,0
DA:432,0
DA:434,0
DA:437,0
DA:442,0
DA:443,0
DA:448,0
DA:449,0
DA:453,0
DA:457,0
DA:462,0
DA:463,0
LF:144
LH:0
BRDA:222,0,0,0
BRDA:222,0,1,0
BRDA:222,1,0,0
BRDA:222,1,1,0
BRDA:225,2,0,0
BRDA:225,2,1,0
BRDA:225,3,0,0
BRDA:225,3,1,0
BRDA:232,4,0,0
BRDA:232,4,1,0
BRDA:232,5,0,0
BRDA:232,5,1,0
BRDA:240,6,0,0
BRDA:240,6,1,0
BRDA:248,7,0,0
BRDA:248,7,1,0
BRDA:258,8,0,0
BRDA:258,8,1,0
BRDA:258,9,0,0
BRDA:258,9,1,0
BRDA:277,10,0,0
BRDA:277,10,1,0
BRDA:281,11,0,0
BRDA:281,11,1,0
BRDA:302,12,0,0
BRDA:302,12,1,0
BRDA:303,13,0,0
BRDA:303,13,1,0
BRDA:306,14,0,0
BRDA:306,14,1,0
BRDA:309,15,0,0
BRDA:309,15,1,0
BRDA:313,16,0,0
BRDA:313,16,1,0
BRDA:318,17,0,0
BRDA:318,17,1,0
BRDA:343,18,0,0
BRDA:343,18,1,0
BRDA:368,19,0,0
BRDA:368,19,1,0
BRDA:370,20,0,0
BRDA:370,20,1,0
BRDA:263,21,0,0
BRDA:263,21,1,0
BRDA:263,21,2,0
BRDA:263,21,3,0
BRDA:263,21,4,0
BRDA:380,22,0,0
BRDA:380,22,1,0
BRDA:381,23,0,0
BRDA:381,23,1,0
BRDA:381,23,2,0
BRDA:381,23,3,0
BRDA:382,24,0,0
BRDA:382,24,1,0
BRDA:385,25,0,0
BRDA:385,25,1,0
BRDA:386,26,0,0
BRDA:386,26,1,0
BRDA:387,27,0,0
BRDA:387,27,1,0
BRDA:263,28,0,0
BRDA:263,28,1,0
BRDA:263,29,0,0
BRDA:263,29,1,0
BRDA:263,29,2,0
BRDA:402,30,0,0
BRDA:402,30,1,0
BRDA:406,31,0,0
BRDA:406,31,1,0
BRDA:263,32,0,0
BRDA:263,32,1,0
BRDA:263,32,2,0
BRDA:427,33,0,0
BRDA:427,33,1,0
BRDA:427,34,0,0
BRDA:427,34,1,0
BRDA:429,35,0,0
BRDA:429,35,1,0
BRF:79
BRH:0
end_of_record
TN:
SF:F:\SVN\UpinstarH5\src\pages\createOrder\SendWay.vue
FN:17,data
FNF:1
FNH:0
FNDA:0,data
DA:13,0
DA:18,0
LF:2
LH:0
BRF:0
BRH:0
end_of_record
TN:
SF:F:\SVN\UpinstarH5\src\pages\createOrder\StoreAddress.vue
FN:34,data
FN:42,getAddress
FN:43,(anonymous_4)
FN:45,(anonymous_5)
FN:49,setAddress
FN:57,created
FNF:6
FNH:0
FNDA:0,data
FNDA:0,getAddress
FNDA:0,(anonymous_4)
FNDA:0,(anonymous_5)
FNDA:0,setAddress
FNDA:0,created
DA:16,0
DA:17,0
DA:20,0
DA:23,0
DA:26,0
DA:35,0
DA:42,0
DA:43,0
DA:44,0
DA:46,0
DA:50,0
DA:51,0
DA:52,0
DA:53,0
DA:54,0
DA:58,0
LF:16
LH:0
BRDA:50,0,0,0
BRDA:50,0,1,0
BRF:2
BRH:0
end_of_record
TN:
SF:F:\SVN\UpinstarH5\src\pages\createOrder\components\OrderItem.vue
FN:39,data
FNF:1
FNH:0
FNDA:0,data
DA:29,0
DA:40,0
LF:2
LH:0
BRF:0
BRH:0
end_of_record
TN:
SF:F:\SVN\UpinstarH5\src\pages\createOrder\components\OrderPopUp.vue
FN:49,data
FN:57,remove
FN:60,toCart
FN:64,created
FNF:4
FNH:0
FNDA:0,data
FNDA:0,remove
FNDA:0,toCart
FNDA:0,created
DA:40,0
DA:50,0
DA:58,0
DA:61,0
DA:65,0
DA:66,0
DA:67,0
DA:68,0
DA:69,0
LF:9
LH:0
BRF:0
BRH:0
end_of_record
TN:
SF:F:\SVN\UpinstarH5\src\pages\details\Details.vue
FN:88,data
FN:127,popupVisible
FN:128,coupponVisible
FN:132,$route
FN:135,popupVisible
FN:145,pushKeys
FN:238,initScroll
FN:255,(anonymous_9)
FN:262,initDeatils
FN:267,(anonymous_11)
FN:294,(anonymous_12)
FN:301,receiveCellInfo
FN:306,(anonymous_14)
FN:318,receiveCoupons
FN:327,mounted
FN:334,created
FNF:16
FNH:0
FNDA:0,data
FNDA:0,popupVisible
FNDA:0,coupponVisible
FNDA:0,$route
FNDA:0,popupVisible
FNDA:0,pushKeys
FNDA:0,initScroll
FNDA:0,(anonymous_9)
FNDA:0,initDeatils
FNDA:0,(anonymous_11)
FNDA:0,(anonymous_12)
FNDA:0,receiveCellInfo
FNDA:0,(anonymous_14)
FNDA:0,receiveCoupons
FNDA:0,mounted
FNDA:0,created
DA:41,0
DA:42,0
DA:43,0
DA:44,0
DA:45,0
DA:46,0
DA:47,0
DA:48,0
DA:49,0
DA:50,0
DA:51,0
DA:52,0
DA:53,0
DA:54,0
DA:55,0
DA:59,0
DA:62,0
DA:66,0
DA:69,0
DA:89,0
DA:127,0
DA:128,0
DA:133,0
DA:136,0
DA:137,0
DA:139,0
DA:146,0
DA:147,0
DA:149,0
DA:150,0
DA:151,0
DA:152,0
DA:155,0
DA:156,0
DA:159,0
DA:160,0
DA:161,0
DA:162,0
DA:163,0
DA:164,0
DA:165,0
DA:166,0
DA:167,0
DA:168,0
DA:170,0
DA:171,0
DA:173,0
DA:174,0
DA:175,0
DA:176,0
DA:177,0
DA:178,0
DA:179,0
DA:180,0
DA:186,0
DA:187,0
DA:189,0
DA:191,0
DA:192,0
DA:194,0
DA:205,0
DA:207,0
DA:208,0
DA:210,0
DA:211,0
DA:220,0
DA:221,0
DA:222,0
DA:223,0
DA:225,0
DA:228,0
DA:229,0
DA:235,0
DA:236,0
DA:239,0
DA:240,0
DA:251,0
DA:254,0
DA:255,0
DA:256,0
DA:257,0
DA:258,0
DA:262,0
DA:263,0
DA:264,0
DA:266,0
DA:267,0
DA:269,0
DA:270,0
DA:271,0
DA:272,0
DA:273,0
DA:274,0
DA:275,0
DA:278,0
DA:279,0
DA:280,0
DA:281,0
DA:282,0
DA:283,0
DA:284,0
DA:285,0
DA:286,0
DA:287,0
DA:288,0
DA:289,0
DA:291,0
DA:292,0
DA:293,0
DA:296,0
DA:301,0
DA:302,0
DA:303,0
DA:306,0
DA:307,0
DA:308,0
DA:309,0
DA:310,0
DA:311,0
DA:319,0
DA:320,0
DA:321,0
DA:323,0
DA:328,0
DA:329,0
DA:330,0
DA:332,0
DA:335,0
LF:128
LH:0
BRDA:136,0,0,0
BRDA:136,0,1,0
BRDA:146,1,0,0
BRDA:146,1,1,0
BRDA:151,2,0,0
BRDA:151,2,1,0
BRDA:155,3,0,0
BRDA:155,3,1,0
BRDA:173,4,0,0
BRDA:173,4,1,0
BRDA:175,5,0,0
BRDA:175,5,1,0
BRDA:177,6,0,0
BRDA:177,6,1,0
BRDA:186,7,0,0
BRDA:186,7,1,0
BRDA:191,8,0,0
BRDA:191,8,1,0
BRDA:207,9,0,0
BRDA:207,9,1,0
BRDA:210,10,0,0
BRDA:210,10,1,0
BRDA:222,11,0,0
BRDA:222,11,1,0
BRDA:239,12,0,0
BRDA:239,12,1,0
BRDA:256,13,0,0
BRDA:256,13,1,0
BRDA:266,14,0,0
BRDA:266,14,1,0
BRDA:266,15,0,0
BRDA:266,15,1,0
BRDA:271,16,0,0
BRDA:271,16,1,0
BRDA:273,17,0,0
BRDA:273,17,1,0
BRDA:275,18,0,0
BRDA:275,18,1,0
BRDA:288,19,0,0
BRDA:288,19,1,0
BRDA:302,20,0,0
BRDA:302,20,1,0
BRDA:307,21,0,0
BRDA:307,21,1,0
BRDA:309,22,0,0
BRDA:309,22,1,0
BRDA:320,23,0,0
BRDA:320,23,1,0
BRDA:329,24,0,0
BRDA:329,24,1,0
BRF:50
BRH:0
end_of_record
TN:
SF:F:\SVN\UpinstarH5\src\pages\details\components\DetailsCommentSwiper.vue
FN:56,goodsComment
FN:66,show
FN:70,mounted
FN:78,data
FN:86,getThumbBoundsFn
FNF:5
FNH:0
FNDA:0,goodsComment
FNDA:0,show
FNDA:0,mounted
FNDA:0,data
FNDA:0,getThumbBoundsFn
DA:27,0
DA:28,0
DA:32,0
DA:35,0
DA:38,0
DA:57,0
DA:58,0
DA:59,0
DA:60,0
DA:61,0
DA:67,0
DA:71,0
DA:72,0
DA:73,0
DA:74,0
DA:75,0
DA:79,0
DA:87,0
DA:88,0
DA:89,0
DA:90,0
LF:21
LH:0
BRDA:58,0,0,0
BRDA:58,0,1,0
BRDA:72,1,0,0
BRDA:72,1,1,0
BRDA:88,2,0,0
BRDA:88,2,1,0
BRF:6
BRH:0
end_of_record
TN:
SF:F:\SVN\UpinstarH5\src\pages\details\components\DetailsCoupon.vue
FN:29,data
FN:35,coupon
FN:42,timeFilter
FN:50,receiveCard
FN:55,(anonymous_6)
FN:65,(anonymous_7)
FNF:6
FNH:0
FNDA:0,data
FNDA:0,coupon
FNDA:0,timeFilter
FNDA:0,receiveCard
FNDA:0,(anonymous_6)
FNDA:0,(anonymous_7)
DA:15,0
DA:16,0
DA:17,0
DA:18,0
DA:30,0
DA:35,0
DA:43,0
DA:44,0
DA:45,0
DA:50,0
DA:51,0
DA:52,0
DA:55,0
DA:56,0
DA:57,0
DA:63,0
DA:66,0
LF:17
LH:0
BRDA:43,0,0,0
BRDA:43,0,1,0
BRDA:56,1,0,0
BRDA:56,1,1,0
BRF:4
BRH:0
end_of_record
TN:
SF:F:\SVN\UpinstarH5\src\pages\details\components\DetailsDes.vue
FN:23,_default
FN:27,data
FNF:2
FNH:0
FNDA:0,_default
FNDA:0,data
DA:28,0
LF:1
LH:0
BRF:0
BRH:0
end_of_record
TN:
SF:F:\SVN\UpinstarH5\src\pages\details\components\DetailsImgPrice.vue
FN:27,data
FN:34,nowPrice
FNF:2
FNH:0
FNDA:0,data
FNDA:0,nowPrice
DA:15,0
DA:18,0
DA:28,0
DA:34,0
LF:4
LH:0
BRF:0
BRH:0
end_of_record
TN:
SF:F:\SVN\UpinstarH5\src\pages\details\components\DetailsOperate.vue
FN:43,data
FN:57,details
FN:58,maxCount
FN:59,cartNum
FN:60,popupVisible
FN:64,$route
FN:69,popupVisible
FN:77,hasCollection
FN:80,(anonymous_10)
FN:82,(anonymous_11)
FN:87,doCollection
FN:88,(anonymous_13)
FN:96,(anonymous_14)
FN:100,getCartNum
FN:101,(anonymous_16)
FN:103,(anonymous_17)
FN:107,popUpShow
FN:113,popUpShowBuy
FN:120,contactService
FN:128,created
FN:134,mounted
FNF:21
FNH:0
FNDA:0,data
FNDA:0,details
FNDA:0,maxCount
FNDA:0,cartNum
FNDA:0,popupVisible
FNDA:0,$route
FNDA:0,popupVisible
FNDA:0,hasCollection
FNDA:0,(anonymous_10)
FNDA:0,(anonymous_11)
FNDA:0,doCollection
FNDA:0,(anonymous_13)
FNDA:0,(anonymous_14)
FNDA:0,getCartNum
FNDA:0,(anonymous_16)
FNDA:0,(anonymous_17)
FNDA:0,popUpShow
FNDA:0,popUpShowBuy
FNDA:0,contactService
FNDA:0,created
FNDA:0,mounted
DA:18,0
DA:22,0
DA:26,0
DA:32,0
DA:36,0
DA:39,0
DA:40,0
DA:44,0
DA:57,0
DA:58,0
DA:59,0
DA:60,0
DA:65,0
DA:66,0
DA:70,0
DA:71,0
DA:77,0
DA:78,0
DA:79,0
DA:80,0
DA:81,0
DA:83,0
DA:87,0
DA:88,0
DA:89,0
DA:90,0
DA:95,0
DA:97,0
DA:100,0
DA:101,0
DA:102,0
DA:104,0
DA:108,0
DA:109,0
DA:110,0
DA:114,0
DA:115,0
DA:116,0
DA:121,0
DA:122,0
DA:123,0
DA:124,0
DA:125,0
DA:129,0
DA:135,0
DA:136,0
DA:137,0
LF:47
LH:0
BRDA:65,0,0,0
BRDA:65,0,1,0
BRDA:70,1,0,0
BRDA:70,1,1,0
BRDA:79,2,0,0
BRDA:79,2,1,0
BRDA:89,3,0,0
BRDA:89,3,1,0
BRDA:108,4,0,0
BRDA:108,4,1,0
BRDA:114,5,0,0
BRDA:114,5,1,0
BRDA:136,6,0,0
BRDA:136,6,1,0
BRF:14
BRH:0
end_of_record
TN:
SF:F:\SVN\UpinstarH5\src\pages\details\components\DetailsPopUp.vue
FN:73,data
FN:90,cartCount
FN:113,maxCount
FN:118,details
FN:119,maxCount
FN:120,from
FN:124,addCount
FN:127,setCartCount
FN:130,subCount
FN:133,changeStyle
FN:145,isAllCheck
FN:177,buy
FN:194,addCart
FN:201,(anonymous_15)
FN:217,(anonymous_16)
FN:222,isContained
FN:231,children
FN:259,queryDGoodsById
FN:271,getObjKeys
FN:283,add2SKUResult
FN:304,initSKU
FN:312,(anonymous_23)
FN:337,combInArray
FN:363,getCombFlags
FN:406,tabInfoChange
FN:440,(anonymous_27)
FN:507,(anonymous_28)
FN:532,created
FN:535,mounted
FNF:29
FNH:0
FNDA:0,data
FNDA:0,cartCount
FNDA:0,maxCount
FNDA:0,details
FNDA:0,maxCount
FNDA:0,from
FNDA:0,addCount
FNDA:0,setCartCount
FNDA:0,subCount
FNDA:0,changeStyle
FNDA:0,isAllCheck
FNDA:0,buy
FNDA:0,addCart
FNDA:0,(anonymous_15)
FNDA:0,(anonymous_16)
FNDA:0,isContained
FNDA:0,children
FNDA:0,queryDGoodsById
FNDA:0,getObjKeys
FNDA:0,add2SKUResult
FNDA:0,initSKU
FNDA:0,(anonymous_23)
FNDA:0,combInArray
FNDA:0,getCombFlags
FNDA:0,tabInfoChange
FNDA:0,(anonymous_27)
FNDA:0,(anonymous_28)
FNDA:0,created
FNDA:0,mounted
DA:37,0
DA:40,0
DA:47,0
DA:51,0
DA:54,0
DA:57,0
DA:74,0
DA:91,0
DA:92,0
DA:93,0
DA:98,0
DA:99,0
DA:101,0
DA:102,0
DA:104,0
DA:105,0
DA:106,0
DA:114,0
DA:118,0
DA:119,0
DA:120,0
DA:125,0
DA:131,0
DA:134,0
DA:135,0
DA:137,0
DA:139,0
DA:140,0
DA:142,0
DA:146,0
DA:147,0
DA:149,0
DA:150,0
DA:151,0
DA:152,0
DA:153,0
DA:154,0
DA:155,0
DA:158,0
DA:159,0
DA:160,0
DA:163,0
DA:164,0
DA:169,0
DA:171,0
DA:172,0
DA:174,0
DA:178,0
DA:179,0
DA:184,0
DA:185,0
DA:190,0
DA:191,0
DA:194,0
DA:195,0
DA:196,0
DA:201,0
DA:202,0
DA:203,0
DA:208,0
DA:209,0
DA:211,0
DA:218,0
DA:223,0
DA:224,0
DA:225,0
DA:226,0
DA:227,0
DA:229,0
DA:232,0
DA:233,0
DA:234,0
DA:235,0
DA:236,0
DA:237,0
DA:238,0
DA:242,0
DA:246,0
DA:247,0
DA:248,0
DA:249,0
DA:250,0
DA:251,0
DA:256,0
DA:260,0
DA:262,0
DA:263,0
DA:264,0
DA:265,0
DA:272,0
DA:273,0
DA:274,0
DA:275,0
DA:276,0
DA:279,0
DA:284,0
DA:285,0
DA:287,0
DA:288,0
DA:289,0
DA:290,0
DA:291,0
DA:293,0
DA:305,0
DA:306,0
DA:307,0
DA:308,0
DA:309,0
DA:310,0
DA:311,0
DA:312,0
DA:313,0
DA:317,0
DA:318,0
DA:319,0
DA:323,0
DA:338,0
DA:339,0
DA:342,0
DA:343,0
DA:345,0
DA:346,0
DA:347,0
DA:348,0
DA:349,0
DA:350,0
DA:351,0
DA:353,0
DA:356,0
DA:364,0
DA:365,0
DA:368,0
DA:369,0
DA:370,0
DA:371,0
DA:373,0
DA:374,0
DA:377,0
DA:379,0
DA:380,0
DA:381,0
DA:382,0
DA:383,0
DA:384,0
DA:386,0
DA:387,0
DA:388,0
DA:389,0
DA:390,0
DA:396,0
DA:398,0
DA:400,0
DA:403,0
DA:408,0
DA:411,0
DA:412,0
DA:413,0
DA:415,0
DA:416,0
DA:418,0
DA:423,0
DA:424,0
DA:425,0
DA:426,0
DA:427,0
DA:432,0
DA:433,0
DA:434,0
DA:435,0
DA:436,0
DA:440,0
DA:441,0
DA:443,0
DA:444,0
DA:445,0
DA:446,0
DA:447,0
DA:448,0
DA:450,0
DA:451,0
DA:453,0
DA:454,0
DA:455,0
DA:457,0
DA:458,0
DA:459,0
DA:460,0
DA:461,0
DA:466,0
DA:467,0
DA:468,0
DA:469,0
DA:470,0
DA:473,0
DA:478,0
DA:482,0
DA:483,0
DA:484,0
DA:485,0
DA:488,0
DA:489,0
DA:490,0
DA:491,0
DA:492,0
DA:493,0
DA:496,0
DA:497,0
DA:498,0
DA:502,0
DA:504,0
DA:507,0
DA:508,0
DA:510,0
DA:511,0
DA:512,0
DA:514,0
DA:519,0
DA:520,0
DA:521,0
DA:522,0
DA:524,0
DA:525,0
DA:533,0
DA:536,0
DA:537,0
DA:538,0
DA:539,0
DA:540,0
DA:541,0
DA:542,0
DA:543,0
LF:231
LH:0
BRDA:92,0,0,0
BRDA:92,0,1,0
BRDA:98,1,0,0
BRDA:98,1,1,0
BRDA:104,2,0,0
BRDA:104,2,1,0
BRDA:104,3,0,0
BRDA:104,3,1,0
BRDA:134,4,0,0
BRDA:134,4,1,0
BRDA:139,5,0,0
BRDA:139,5,1,0
BRDA:153,6,0,0
BRDA:153,6,1,0
BRDA:158,7,0,0
BRDA:158,7,1,0
BRDA:163,8,0,0
BRDA:163,8,1,0
BRDA:171,9,0,0
BRDA:171,9,1,0
BRDA:178,10,0,0
BRDA:178,10,1,0
BRDA:195,11,0,0
BRDA:195,11,1,0
BRDA:202,12,0,0
BRDA:202,12,1,0
BRDA:223,13,0,0
BRDA:223,13,1,0
BRDA:224,14,0,0
BRDA:224,14,1,0
BRDA:227,15,0,0
BRDA:227,15,1,0
BRDA:234,16,0,0
BRDA:234,16,1,0
BRDA:237,17,0,0
BRDA:237,17,1,0
BRDA:246,18,0,0
BRDA:246,18,1,0
BRDA:249,19,0,0
BRDA:249,19,1,0
BRDA:264,20,0,0
BRDA:264,20,1,0
BRDA:272,21,0,0
BRDA:272,21,1,0
BRDA:275,22,0,0
BRDA:275,22,1,0
BRDA:285,23,0,0
BRDA:285,23,1,0
BRDA:338,24,0,0
BRDA:338,24,1,0
BRDA:338,25,0,0
BRDA:338,25,1,0
BRDA:351,26,0,0
BRDA:351,26,1,0
BRDA:364,27,0,0
BRDA:364,27,1,0
BRDA:364,28,0,0
BRDA:364,28,1,0
BRDA:374,29,0,0
BRDA:374,29,1,0
BRDA:382,30,0,0
BRDA:382,30,1,0
BRDA:382,31,0,0
BRDA:382,31,1,0
BRDA:384,32,0,0
BRDA:384,32,1,0
BRDA:390,33,0,0
BRDA:390,33,1,0
BRDA:400,34,0,0
BRDA:400,34,1,0
BRDA:411,35,0,0
BRDA:411,35,1,0
BRDA:412,36,0,0
BRDA:412,36,1,0
BRDA:426,37,0,0
BRDA:426,37,1,0
BRDA:432,38,0,0
BRDA:432,38,1,0
BRDA:435,39,0,0
BRDA:435,39,1,0
BRDA:447,40,0,0
BRDA:447,40,1,0
BRDA:454,41,0,0
BRDA:454,41,1,0
BRDA:459,42,0,0
BRDA:459,42,1,0
BRDA:470,43,0,0
BRDA:470,43,1,0
BRDA:484,44,0,0
BRDA:484,44,1,0
BRDA:492,45,0,0
BRDA:492,45,1,0
BRDA:496,46,0,0
BRDA:496,46,1,0
BRDA:498,47,0,0
BRDA:498,47,1,0
BRDA:510,48,0,0
BRDA:510,48,1,0
BRDA:521,49,0,0
BRDA:521,49,1,0
BRDA:540,50,0,0
BRDA:540,50,1,0
BRDA:542,51,0,0
BRDA:542,51,1,0
BRF:104
BRH:0
end_of_record
TN:
SF:F:\SVN\UpinstarH5\src\pages\details\components\DetailsService.vue
FN:16,data
FNF:1
FNH:0
FNDA:0,data
DA:17,0
LF:1
LH:0
BRF:0
BRH:0
end_of_record
TN:
SF:F:\SVN\UpinstarH5\src\pages\download\AppDownload.vue
FN:21,data
FN:31,downloadRender
FN:39,(anonymous_3)
FN:66,isWeixinBrowser
FN:70,appOperClick
FN:78,(anonymous_6)
FN:104,isWeixinBrowser
FN:109,mounted
FNF:8
FNH:0
FNDA:0,data
FNDA:0,downloadRender
FNDA:0,(anonymous_3)
FNDA:0,isWeixinBrowser
FNDA:0,appOperClick
FNDA:0,(anonymous_6)
FNDA:0,isWeixinBrowser
FNDA:0,mounted
DA:22,0
DA:32,0
DA:33,0
DA:34,0
DA:36,0
DA:37,0
DA:38,0
DA:39,0
DA:40,0
DA:41,0
DA:42,0
DA:44,0
DA:46,0
DA:50,0
DA:52,0
DA:53,0
DA:54,0
DA:56,0
DA:58,0
DA:59,0
DA:61,0
DA:62,0
DA:67,0
DA:71,0
DA:72,0
DA:73,0
DA:75,0
DA:76,0
DA:77,0
DA:78,0
DA:79,0
DA:80,0
DA:82,0
DA:84,0
DA:87,0
DA:88,0
DA:89,0
DA:90,0
DA:91,0
DA:93,0
DA:94,0
DA:96,0
DA:97,0
DA:100,0
DA:105,0
LF:45
LH:0
BRDA:33,0,0,0
BRDA:33,0,1,0
BRDA:36,1,0,0
BRDA:36,1,1,0
BRDA:41,2,0,0
BRDA:41,2,1,0
BRDA:52,3,0,0
BRDA:52,3,1,0
BRDA:58,4,0,0
BRDA:58,4,1,0
BRDA:72,5,0,0
BRDA:72,5,1,0
BRDA:75,6,0,0
BRDA:75,6,1,0
BRDA:80,7,0,0
BRDA:80,7,1,0
BRDA:88,8,0,0
BRDA:88,8,1,0
BRDA:96,9,0,0
BRDA:96,9,1,0
BRF:20
BRH:0
end_of_record
TN:
SF:F:\SVN\UpinstarH5\src\pages\find\Find.vue
FN:121,data
FN:154,scrollToTop
FN:157,getFindData
FN:158,(anonymous_5)
FN:169,(anonymous_6)
FN:173,onItemClick
FN:182,getGoodsList
FN:189,(anonymous_9)
FN:195,(anonymous_10)
FN:196,(anonymous_11)
FN:210,changeStatus
FN:214,getTop
FN:228,touristToolCenter
FN:236,mounted
FN:239,destroyed
FNF:15
FNH:0
FNDA:0,data
FNDA:0,scrollToTop
FNDA:0,getFindData
FNDA:0,(anonymous_5)
FNDA:0,(anonymous_6)
FNDA:0,onItemClick
FNDA:0,getGoodsList
FNDA:0,(anonymous_9)
FNDA:0,(anonymous_10)
FNDA:0,(anonymous_11)
FNDA:0,changeStatus
FNDA:0,getTop
FNDA:0,touristToolCenter
FNDA:0,mounted
FNDA:0,destroyed
DA:73,0
DA:74,0
DA:75,0
DA:76,0
DA:77,0
DA:78,0
DA:79,0
DA:80,0
DA:81,0
DA:82,0
DA:83,0
DA:88,0
DA:91,0
DA:95,0
DA:98,0
DA:101,0
DA:122,0
DA:155,0
DA:157,0
DA:158,0
DA:159,0
DA:160,0
DA:161,0
DA:162,0
DA:163,0
DA:164,0
DA:165,0
DA:166,0
DA:168,0
DA:170,0
DA:174,0
DA:175,0
DA:176,0
DA:177,0
DA:178,0
DA:179,0
DA:182,0
DA:183,0
DA:188,0
DA:189,0
DA:190,0
DA:191,0
DA:192,0
DA:194,0
DA:195,0
DA:196,0
DA:197,0
DA:198,0
DA:199,0
DA:200,0
DA:201,0
DA:202,0
DA:204,0
DA:211,0
DA:212,0
DA:215,0
DA:216,0
DA:217,0
DA:219,0
DA:220,0
DA:221,0
DA:222,0
DA:223,0
DA:229,0
DA:230,0
DA:232,0
DA:237,0
DA:240,0
DA:241,0
DA:242,0
LF:70
LH:0
BRDA:188,0,0,0
BRDA:188,0,1,0
BRDA:191,1,0,0
BRDA:191,1,1,0
BRDA:191,2,0,0
BRDA:191,2,1,0
BRDA:200,3,0,0
BRDA:200,3,1,0
BRDA:200,4,0,0
BRDA:200,4,1,0
BRDA:216,5,0,0
BRDA:216,5,1,0
BRDA:220,6,0,0
BRDA:220,6,1,0
BRDA:221,7,0,0
BRDA:221,7,1,0
BRDA:221,8,0,0
BRDA:221,8,1,0
BRDA:229,9,0,0
BRDA:229,9,1,0
BRF:20
BRH:0
end_of_record
TN:
SF:F:\SVN\UpinstarH5\src\pages\find\components\Goods.vue
FN:79,data
FN:98,indexPage
FN:105,getTabbar
FN:106,(anonymous_5)
FN:114,onItemClick
FN:122,getGoodsList
FN:129,(anonymous_8)
FN:138,scrollInit
FN:154,(anonymous_10)
FN:169,mounted
FNF:10
FNH:0
FNDA:0,data
FNDA:0,indexPage
FNDA:0,getTabbar
FNDA:0,(anonymous_5)
FNDA:0,onItemClick
FNDA:0,getGoodsList
FNDA:0,(anonymous_8)
FNDA:0,scrollInit
FNDA:0,(anonymous_10)
FNDA:0,mounted
DA:36,0
DA:37,0
DA:38,0
DA:39,0
DA:40,0
DA:45,0
DA:48,0
DA:52,0
DA:55,0
DA:80,0
DA:99,0
DA:100,0
DA:105,0
DA:106,0
DA:107,0
DA:108,0
DA:109,0
DA:111,0
DA:115,0
DA:116,0
DA:117,0
DA:118,0
DA:119,0
DA:120,0
DA:122,0
DA:123,0
DA:128,0
DA:129,0
DA:130,0
DA:131,0
DA:132,0
DA:133,0
DA:138,0
DA:139,0
DA:140,0
DA:154,0
DA:155,0
DA:156,0
DA:159,0
DA:160,0
DA:162,0
DA:163,0
DA:170,0
LF:43
LH:0
BRDA:128,0,0,0
BRDA:128,0,1,0
BRDA:131,1,0,0
BRDA:131,1,1,0
BRDA:131,2,0,0
BRDA:131,2,1,0
BRDA:139,3,0,0
BRDA:139,3,1,0
BRDA:162,4,0,0
BRDA:162,4,1,0
BRF:10
BRH:0
end_of_record
TN:
SF:F:\SVN\UpinstarH5\src\pages\find\components\IndexContent.vue
FN:18,_default
FN:28,data
FNF:2
FNH:0
FNDA:0,_default
FNDA:0,data
DA:19,0
DA:29,0
LF:2
LH:0
BRF:0
BRH:0
end_of_record
TN:
SF:F:\SVN\UpinstarH5\src\pages\find\components\IndexGoodsLabel.vue
FN:35,data
FN:46,getRecommendData
FN:47,(anonymous_4)
FN:53,(anonymous_5)
FN:59,getTimeLimitData
FN:60,(anonymous_7)
FN:65,mounted
FNF:7
FNH:0
FNDA:0,data
FNDA:0,getRecommendData
FNDA:0,(anonymous_4)
FNDA:0,(anonymous_5)
FNDA:0,getTimeLimitData
FNDA:0,(anonymous_7)
FNDA:0,mounted
DA:16,0
DA:17,0
DA:21,0
DA:24,0
DA:36,0
DA:46,0
DA:47,0
DA:49,0
DA:50,0
DA:52,0
DA:55,0
DA:60,0
DA:66,0
DA:67,0
LF:14
LH:0
BRF:0
BRH:0
end_of_record
TN:
SF:F:\SVN\UpinstarH5\src\pages\find\components\IndexItems.vue
FN:29,data
FNF:1
FNH:0
FNDA:0,data
DA:23,0
DA:30,0
LF:2
LH:0
BRF:0
BRH:0
end_of_record
TN:
SF:F:\SVN\UpinstarH5\src\pages\find\components\IndexLimit.vue
FN:46,data
FN:65,countDown
FN:72,setNewSwiperData
FN:86,created
FN:88,(anonymous_6)
FN:92,destroyed
FNF:6
FNH:0
FNDA:0,data
FNDA:0,countDown
FNDA:0,setNewSwiperData
FNDA:0,created
FNDA:0,(anonymous_6)
FNDA:0,destroyed
DA:27,0
DA:28,0
DA:32,0
DA:35,0
DA:47,0
DA:66,0
DA:67,0
DA:68,0
DA:69,0
DA:70,0
DA:73,0
DA:74,0
DA:75,0
DA:76,0
DA:77,0
DA:78,0
DA:79,0
DA:81,0
DA:86,0
DA:87,0
DA:88,0
DA:89,0
DA:93,0
LF:23
LH:0
BRDA:67,0,0,0
BRDA:67,0,1,0
BRDA:68,1,0,0
BRDA:68,1,1,0
BRDA:69,2,0,0
BRDA:69,2,1,0
BRDA:77,3,0,0
BRDA:77,3,1,0
BRF:8
BRH:0
end_of_record
TN:
SF:F:\SVN\UpinstarH5\src\pages\find\components\IndexNavBanner.vue
FN:33,_default
FN:55,data
FNF:2
FNH:0
FNDA:0,_default
FNDA:0,data
DA:25,0
DA:26,0
DA:27,0
DA:34,0
DA:56,0
LF:5
LH:0
BRF:0
BRH:0
end_of_record
TN:
SF:F:\SVN\UpinstarH5\src\pages\find\components\IndexNavSwiper.vue
FN:49,_default
FN:61,data
FN:68,mounted
FNF:3
FNH:0
FNDA:0,_default
FNDA:0,data
FNDA:0,mounted
DA:27,0
DA:28,0
DA:32,0
DA:35,0
DA:50,0
DA:62,0
LF:6
LH:0
BRF:0
BRH:0
end_of_record
TN:
SF:F:\SVN\UpinstarH5\src\pages\find\components\IndexNewProducts.vue
FN:49,data
FN:63,mounted
FNF:2
FNH:0
FNDA:0,data
FNDA:0,mounted
DA:30,0
DA:31,0
DA:35,0
DA:38,0
DA:50,0
LF:5
LH:0
BRF:0
BRH:0
end_of_record
TN:
SF:F:\SVN\UpinstarH5\src\pages\find\components\IndexStoreActivity.vue
FN:48,resetSwiperData
FN:49,(anonymous_3)
FN:54,data
FN:69,mounted
FNF:4
FNH:0
FNDA:0,resetSwiperData
FNDA:0,(anonymous_3)
FNDA:0,data
FNDA:0,mounted
DA:28,0
DA:29,0
DA:33,0
DA:36,0
DA:49,0
DA:50,0
DA:55,0
DA:70,0
LF:8
LH:0
BRF:0
BRH:0
end_of_record
TN:
SF:F:\SVN\UpinstarH5\src\pages\find\components\IndexSwiper.vue
FN:25,data
FN:42,mounted
FN:43,(anonymous_3)
FN:45,(anonymous_4)
FNF:4
FNH:0
FNDA:0,data
FNDA:0,mounted
FNDA:0,(anonymous_3)
FNDA:0,(anonymous_4)
DA:14,0
DA:15,0
DA:16,0
DA:17,0
DA:18,0
DA:26,0
DA:42,0
DA:43,0
DA:44,0
DA:46,0
LF:10
LH:0
BRF:0
BRH:0
end_of_record
TN:
SF:F:\SVN\UpinstarH5\src\pages\find\components\template.vue
FN:8,data
FNF:1
FNH:0
FNDA:0,data
DA:9,0
LF:1
LH:0
BRF:0
BRH:0
end_of_record
TN:
SF:F:\SVN\UpinstarH5\src\pages\goods\Goods.vue
FN:72,data
FN:94,onItemClick
FN:102,getGoodsList
FN:108,(anonymous_5)
FN:118,scrollInit
FN:133,(anonymous_7)
FN:142,initData
FN:159,mounted
FNF:8
FNH:0
FNDA:0,data
FNDA:0,onItemClick
FNDA:0,getGoodsList
FNDA:0,(anonymous_5)
FNDA:0,scrollInit
FNDA:0,(anonymous_7)
FNDA:0,initData
FNDA:0,mounted
DA:37,0
DA:38,0
DA:39,0
DA:40,0
DA:41,0
DA:44,0
DA:47,0
DA:52,0
DA:55,0
DA:58,0
DA:61,0
DA:73,0
DA:95,0
DA:96,0
DA:97,0
DA:98,0
DA:99,0
DA:100,0
DA:102,0
DA:103,0
DA:108,0
DA:109,0
DA:110,0
DA:111,0
DA:112,0
DA:113,0
DA:118,0
DA:119,0
DA:120,0
DA:133,0
DA:134,0
DA:135,0
DA:138,0
DA:139,0
DA:143,0
DA:144,0
DA:145,0
DA:146,0
DA:147,0
DA:148,0
DA:149,0
DA:150,0
DA:151,0
DA:152,0
DA:154,0
DA:155,0
DA:160,0
LF:47
LH:0
BRDA:111,0,0,0
BRDA:111,0,1,0
BRDA:111,1,0,0
BRDA:111,1,1,0
BRDA:119,2,0,0
BRDA:119,2,1,0
BRF:6
BRH:0
end_of_record
TN:
SF:F:\SVN\UpinstarH5\src\pages\hall\Hall.vue
FN:49,data
FN:61,getHallData
FN:62,(anonymous_4)
FN:73,(anonymous_5)
FN:74,(anonymous_6)
FN:89,(anonymous_7)
FN:94,mounted
FNF:7
FNH:0
FNDA:0,data
FNDA:0,getHallData
FNDA:0,(anonymous_4)
FNDA:0,(anonymous_5)
FNDA:0,(anonymous_6)
FNDA:0,(anonymous_7)
FNDA:0,mounted
DA:26,0
DA:29,0
DA:32,0
DA:35,0
DA:41,0
DA:44,0
DA:45,0
DA:46,0
DA:50,0
DA:61,0
DA:62,0
DA:63,0
DA:64,0
DA:65,0
DA:66,0
DA:67,0
DA:68,0
DA:72,0
DA:73,0
DA:74,0
DA:75,0
DA:90,0
DA:95,0
LF:23
LH:0
BRDA:65,0,0,0
BRDA:65,0,1,0
BRDA:67,1,0,0
BRDA:67,1,1,0
BRF:4
BRH:0
end_of_record
TN:
SF:F:\SVN\UpinstarH5\src\pages\hall\HallAtlas.vue
FN:51,data
FN:66,initHallAtlasData
FN:95,(anonymous_4)
FN:101,onItemClick
FN:105,getImgsList
FN:110,created
FN:114,(anonymous_8)
FN:121,mounted
FNF:8
FNH:0
FNDA:0,data
FNDA:0,initHallAtlasData
FNDA:0,(anonymous_4)
FNDA:0,onItemClick
FNDA:0,getImgsList
FNDA:0,created
FNDA:0,(anonymous_8)
FNDA:0,mounted
DA:29,0
DA:30,0
DA:33,0
DA:36,0
DA:39,0
DA:43,0
DA:52,0
DA:66,0
DA:67,0
DA:68,0
DA:69,0
DA:70,0
DA:71,0
DA:72,0
DA:76,0
DA:77,0
DA:80,0
DA:81,0
DA:90,0
DA:95,0
DA:96,0
DA:97,0
DA:102,0
DA:103,0
DA:106,0
DA:107,0
DA:111,0
DA:112,0
DA:113,0
DA:114,0
DA:115,0
DA:118,0
DA:122,0
LF:33
LH:0
BRDA:71,0,0,0
BRDA:71,0,1,0
BRDA:80,1,0,0
BRDA:80,1,1,0
BRDA:96,2,0,0
BRDA:96,2,1,0
BRDA:113,3,0,0
BRDA:113,3,1,0
BRF:8
BRH:0
end_of_record
TN:
SF:F:\SVN\UpinstarH5\src\pages\hall\HallDetails.vue
FN:75,data
FN:97,zoomInit
FN:100,doPosition
FN:104,(anonymous_5)
FN:118,showDetails
FN:126,showAllDetails
FN:129,doCollection
FN:135,(anonymous_9)
FN:145,(anonymous_10)
FN:152,$route
FN:155,show
FN:163,experienceObj
FN:168,created
FN:173,(anonymous_15)
FN:183,mounted
FN:184,(anonymous_17)
FN:185,(anonymous_18)
FNF:17
FNH:0
FNDA:0,data
FNDA:0,zoomInit
FNDA:0,doPosition
FNDA:0,(anonymous_5)
FNDA:0,showDetails
FNDA:0,showAllDetails
FNDA:0,doCollection
FNDA:0,(anonymous_9)
FNDA:0,(anonymous_10)
FNDA:0,$route
FNDA:0,show
FNDA:0,experienceObj
FNDA:0,created
FNDA:0,(anonymous_15)
FNDA:0,mounted
FNDA:0,(anonymous_17)
FNDA:0,(anonymous_18)
DA:48,0
DA:52,0
DA:58,0
DA:59,0
DA:60,0
DA:63,0
DA:66,0
DA:69,0
DA:76,0
DA:98,0
DA:101,0
DA:102,0
DA:103,0
DA:104,0
DA:105,0
DA:106,0
DA:108,0
DA:109,0
DA:110,0
DA:111,0
DA:112,0
DA:113,0
DA:114,0
DA:115,0
DA:119,0
DA:120,0
DA:121,0
DA:123,0
DA:124,0
DA:127,0
DA:129,0
DA:130,0
DA:133,0
DA:134,0
DA:135,0
DA:136,0
DA:137,0
DA:138,0
DA:139,0
DA:146,0
DA:153,0
DA:156,0
DA:157,0
DA:158,0
DA:159,0
DA:164,0
DA:165,0
DA:169,0
DA:170,0
DA:172,0
DA:173,0
DA:174,0
DA:179,0
DA:180,0
DA:184,0
DA:185,0
DA:186,0
LF:57
LH:0
BRDA:134,0,0,0
BRDA:134,0,1,0
BRDA:136,1,0,0
BRDA:136,1,1,0
BRDA:137,2,0,0
BRDA:137,2,1,0
BRDA:138,3,0,0
BRDA:138,3,1,0
BRDA:156,4,0,0
BRDA:156,4,1,0
BRDA:172,5,0,0
BRDA:172,5,1,0
BRF:12
BRH:0
end_of_record
TN:
SF:F:\SVN\UpinstarH5\src\pages\hotGoods\HotGoods.vue
FN:44,data
FN:57,getGoodsList
FN:64,(anonymous_4)
FN:76,scrollInit
FN:91,(anonymous_6)
FN:103,mounted
FNF:6
FNH:0
FNDA:0,data
FNDA:0,getGoodsList
FNDA:0,(anonymous_4)
FNDA:0,scrollInit
FNDA:0,(anonymous_6)
FNDA:0,mounted
DA:26,0
DA:27,0
DA:28,0
DA:31,0
DA:34,0
DA:37,0
DA:45,0
DA:57,0
DA:58,0
DA:59,0
DA:60,0
DA:64,0
DA:65,0
DA:66,0
DA:67,0
DA:68,0
DA:69,0
DA:70,0
DA:76,0
DA:77,0
DA:78,0
DA:91,0
DA:92,0
DA:93,0
DA:94,0
DA:95,0
DA:98,0
DA:99,0
DA:104,0
LF:29
LH:0
BRDA:59,0,0,0
BRDA:59,0,1,0
BRDA:68,1,0,0
BRDA:68,1,1,0
BRDA:68,2,0,0
BRDA:68,2,1,0
BRDA:77,3,0,0
BRDA:77,3,1,0
BRF:8
BRH:0
end_of_record
TN:
SF:F:\SVN\UpinstarH5\src\pages\hotel\Hotel.vue
FN:36,data
FN:44,getHotelData
FN:45,(anonymous_4)
FN:51,(anonymous_5)
FN:56,scrollInit
FN:71,created
FNF:6
FNH:0
FNDA:0,data
FNDA:0,getHotelData
FNDA:0,(anonymous_4)
FNDA:0,(anonymous_5)
FNDA:0,scrollInit
FNDA:0,created
DA:15,0
DA:16,0
DA:17,0
DA:18,0
DA:21,0
DA:22,0
DA:25,0
DA:37,0
DA:44,0
DA:45,0
DA:47,0
DA:48,0
DA:49,0
DA:50,0
DA:53,0
DA:57,0
DA:58,0
DA:67,0
DA:72,0
LF:19
LH:0
BRDA:57,0,0,0
BRDA:57,0,1,0
BRF:2
BRH:0
end_of_record
TN:
SF:F:\SVN\UpinstarH5\src\pages\hotel\components\HotelSwiper.vue
FN:55,data
FN:67,slideChangeTransitionEnd
FN:74,mounted
FNF:3
FNH:0
FNDA:0,data
FNDA:0,slideChangeTransitionEnd
FNDA:0,mounted
DA:36,0
DA:40,0
DA:43,0
DA:55,0
DA:56,0
DA:68,0
LF:6
LH:0
BRF:0
BRH:0
end_of_record
TN:
SF:F:\SVN\UpinstarH5\src\pages\invoice\IdCodeExplain.vue
FN:27,data
FN:32,returnTitle
FN:33,(anonymous_4)
FN:37,mounted
FNF:4
FNH:0
FNDA:0,data
FNDA:0,returnTitle
FNDA:0,(anonymous_4)
FNDA:0,mounted
DA:21,0
DA:22,0
DA:28,0
DA:33,0
DA:38,0
DA:39,0
DA:40,0
LF:7
LH:0
BRDA:39,0,0,0
BRDA:39,0,1,0
BRDA:39,1,0,0
BRDA:39,1,1,0
BRDA:39,1,2,0
BRF:5
BRH:0
end_of_record
TN:
SF:F:\SVN\UpinstarH5\src\pages\invoice\Instructions.vue
FN:42,data
FN:49,scrollInit
FN:63,returnTitle
FN:64,(anonymous_5)
FN:67,hideHeads
FN:74,mounted
FN:75,(anonymous_8)
FNF:7
FNH:0
FNDA:0,data
FNDA:0,scrollInit
FNDA:0,returnTitle
FNDA:0,(anonymous_5)
FNDA:0,hideHeads
FNDA:0,mounted
FNDA:0,(anonymous_8)
DA:33,0
DA:34,0
DA:35,0
DA:36,0
DA:43,0
DA:50,0
DA:51,0
DA:60,0
DA:64,0
DA:68,0
DA:69,0
DA:70,0
DA:74,0
DA:75,0
DA:76,0
DA:77,0
DA:78,0
LF:17
LH:0
BRDA:50,0,0,0
BRDA:50,0,1,0
BRDA:69,1,0,0
BRDA:69,1,1,0
BRDA:69,2,0,0
BRDA:69,2,1,0
BRF:6
BRH:0
end_of_record
TN:
SF:F:\SVN\UpinstarH5\src\pages\invoice\Invoice.vue
FN:129,data
FN:159,toastShow
FN:166,delImg
FN:169,submit
FN:226,(anonymous_6)
FN:238,(anonymous_7)
FN:247,(anonymous_8)
FN:252,changeInvoiceType
FN:265,changeInvoiceStatus
FN:275,headerUpfile
FN:279,(anonymous_12)
FN:299,created
FNF:12
FNH:0
FNDA:0,data
FNDA:0,toastShow
FNDA:0,delImg
FNDA:0,submit
FNDA:0,(anonymous_6)
FNDA:0,(anonymous_7)
FNDA:0,(anonymous_8)
FNDA:0,changeInvoiceType
FNDA:0,changeInvoiceStatus
FNDA:0,headerUpfile
FNDA:0,(anonymous_12)
FNDA:0,created
DA:89,0
DA:90,0
DA:93,0
DA:96,0
DA:100,0
DA:103,0
DA:104,0
DA:107,0
DA:114,0
DA:130,0
DA:160,0
DA:167,0
DA:169,0
DA:170,0
DA:171,0
DA:172,0
DA:173,0
DA:174,0
DA:175,0
DA:176,0
DA:180,0
DA:181,0
DA:182,0
DA:183,0
DA:184,0
DA:189,0
DA:190,0
DA:192,0
DA:194,0
DA:195,0
DA:197,0
DA:199,0
DA:200,0
DA:202,0
DA:204,0
DA:205,0
DA:206,0
DA:210,0
DA:211,0
DA:214,0
DA:217,0
DA:221,0
DA:222,0
DA:223,0
DA:224,0
DA:225,0
DA:226,0
DA:227,0
DA:228,0
DA:229,0
DA:230,0
DA:231,0
DA:233,0
DA:234,0
DA:238,0
DA:239,0
DA:240,0
DA:241,0
DA:242,0
DA:244,0
DA:245,0
DA:248,0
DA:253,0
DA:254,0
DA:255,0
DA:256,0
DA:257,0
DA:258,0
DA:260,0
DA:261,0
DA:262,0
DA:266,0
DA:267,0
DA:268,0
DA:269,0
DA:271,0
DA:272,0
DA:275,0
DA:276,0
DA:277,0
DA:278,0
DA:279,0
DA:280,0
DA:281,0
DA:283,0
DA:284,0
DA:286,0
DA:287,0
DA:289,0
DA:290,0
DA:292,0
DA:293,0
DA:295,0
DA:300,0
DA:301,0
DA:302,0
LF:96
LH:0
BRDA:172,0,0,0
BRDA:172,0,1,0
BRDA:173,1,0,0
BRDA:173,1,1,0
BRDA:174,2,0,0
BRDA:174,2,1,0
BRDA:180,3,0,0
BRDA:180,3,1,0
BRDA:181,4,0,0
BRDA:181,4,1,0
BRDA:182,5,0,0
BRDA:182,5,1,0
BRDA:189,6,0,0
BRDA:189,6,1,0
BRDA:194,7,0,0
BRDA:194,7,1,0
BRDA:199,8,0,0
BRDA:199,8,1,0
BRDA:204,9,0,0
BRDA:204,9,1,0
BRDA:204,10,0,0
BRDA:204,10,1,0
BRDA:204,10,2,0
BRDA:204,10,3,0
BRDA:205,11,0,0
BRDA:205,11,1,0
BRDA:210,12,0,0
BRDA:210,12,1,0
BRDA:210,13,0,0
BRDA:210,13,1,0
BRDA:221,14,0,0
BRDA:221,14,1,0
BRDA:224,15,0,0
BRDA:224,15,1,0
BRDA:227,16,0,0
BRDA:227,16,1,0
BRDA:239,17,0,0
BRDA:239,17,1,0
BRDA:253,18,0,0
BRDA:253,18,1,0
BRDA:266,19,0,0
BRDA:266,19,1,0
BRDA:282,20,0,0
BRDA:282,20,1,0
BRDA:282,20,2,0
BRDA:282,20,3,0
BRDA:300,21,0,0
BRDA:300,21,1,0
BRF:48
BRH:0
end_of_record
TN:
SF:F:\SVN\UpinstarH5\src\pages\invoice\InvoiceApply.vue
FN:88,data
FN:106,$route
FN:118,invoiceStatusSelect
FN:137,openType
FN:141,closeType
FN:144,toastShow
FN:152,submit
FN:158,(anonymous_9)
FN:161,(anonymous_10)
FN:168,mounted
FNF:10
FNH:0
FNDA:0,data
FNDA:0,$route
FNDA:0,invoiceStatusSelect
FNDA:0,openType
FNDA:0,closeType
FNDA:0,toastShow
FNDA:0,submit
FNDA:0,(anonymous_9)
FNDA:0,(anonymous_10)
FNDA:0,mounted
DA:64,0
DA:69,0
DA:72,0
DA:75,0
DA:78,0
DA:81,0
DA:89,0
DA:107,0
DA:108,0
DA:109,0
DA:110,0
DA:111,0
DA:113,0
DA:114,0
DA:119,0
DA:120,0
DA:121,0
DA:124,0
DA:125,0
DA:127,0
DA:128,0
DA:129,0
DA:130,0
DA:131,0
DA:132,0
DA:138,0
DA:142,0
DA:145,0
DA:152,0
DA:154,0
DA:155,0
DA:156,0
DA:158,0
DA:159,0
DA:160,0
DA:161,0
DA:162,0
DA:170,0
DA:171,0
DA:172,0
LF:40
LH:0
BRDA:107,0,0,0
BRDA:107,0,1,0
BRDA:107,1,0,0
BRDA:107,1,1,0
BRDA:109,2,0,0
BRDA:109,2,1,0
BRDA:109,3,0,0
BRDA:109,3,1,0
BRDA:113,4,0,0
BRDA:113,4,1,0
BRDA:113,5,0,0
BRDA:113,5,1,0
BRDA:119,6,0,0
BRDA:119,6,1,0
BRDA:127,7,0,0
BRDA:127,7,1,0
BRDA:154,8,0,0
BRDA:154,8,1,0
BRDA:154,9,0,0
BRDA:154,9,1,0
BRDA:154,9,2,0
BRF:21
BRH:0
end_of_record
TN:
SF:F:\SVN\UpinstarH5\src\pages\invoice\InvoiceInfo.vue
FN:204,data
FN:250,onShadowChange
FN:253,addressHide
FN:258,explainShow
FN:261,explainHide
FN:264,changeDetails
FN:267,toastShow
FN:275,modifyStatus
FN:279,delStatus
FN:280,(anonymous_11)
FN:285,(anonymous_12)
FN:293,(anonymous_13)
FN:298,getInvoiceListData
FN:304,(anonymous_15)
FN:313,setValue
FN:335,getInvoiceInfo
FN:337,(anonymous_18)
FN:342,(anonymous_19)
FN:351,(anonymous_20)
FN:358,addNew
FN:362,validate
FN:418,setData
FN:429,submit
FN:450,(anonymous_25)
FN:452,(anonymous_26)
FN:456,(anonymous_27)
FN:459,(anonymous_28)
FN:466,goOther
FN:480,delImg
FN:484,headerUpfile
FN:487,(anonymous_32)
FN:503,created
FNF:32
FNH:0
FNDA:0,data
FNDA:0,onShadowChange
FNDA:0,addressHide
FNDA:0,explainShow
FNDA:0,explainHide
FNDA:0,changeDetails
FNDA:0,toastShow
FNDA:0,modifyStatus
FNDA:0,delStatus
FNDA:0,(anonymous_11)
FNDA:0,(anonymous_12)
FNDA:0,(anonymous_13)
FNDA:0,getInvoiceListData
FNDA:0,(anonymous_15)
FNDA:0,setValue
FNDA:0,getInvoiceInfo
FNDA:0,(anonymous_18)
FNDA:0,(anonymous_19)
FNDA:0,(anonymous_20)
FNDA:0,addNew
FNDA:0,validate
FNDA:0,setData
FNDA:0,submit
FNDA:0,(anonymous_25)
FNDA:0,(anonymous_26)
FNDA:0,(anonymous_27)
FNDA:0,(anonymous_28)
FNDA:0,goOther
FNDA:0,delImg
FNDA:0,headerUpfile
FNDA:0,(anonymous_32)
FNDA:0,created
DA:150,0
DA:151,0
DA:154,0
DA:157,0
DA:161,0
DA:164,0
DA:165,0
DA:166,0
DA:169,0
DA:180,0
DA:190,0
DA:205,0
DA:251,0
DA:254,0
DA:255,0
DA:256,0
DA:259,0
DA:262,0
DA:265,0
DA:268,0
DA:276,0
DA:279,0
DA:280,0
DA:281,0
DA:282,0
DA:283,0
DA:285,0
DA:286,0
DA:287,0
DA:289,0
DA:294,0
DA:298,0
DA:299,0
DA:304,0
DA:305,0
DA:306,0
DA:307,0
DA:308,0
DA:314,0
DA:315,0
DA:316,0
DA:317,0
DA:320,0
DA:321,0
DA:322,0
DA:323,0
DA:327,0
DA:328,0
DA:329,0
DA:330,0
DA:332,0
DA:335,0
DA:337,0
DA:338,0
DA:340,0
DA:342,0
DA:343,0
DA:344,0
DA:345,0
DA:346,0
DA:347,0
DA:349,0
DA:352,0
DA:359,0
DA:363,0
DA:364,0
DA:365,0
DA:366,0
DA:367,0
DA:368,0
DA:369,0
DA:374,0
DA:375,0
DA:376,0
DA:378,0
DA:379,0
DA:380,0
DA:382,0
DA:383,0
DA:384,0
DA:387,0
DA:388,0
DA:389,0
DA:390,0
DA:391,0
DA:396,0
DA:397,0
DA:398,0
DA:399,0
DA:403,0
DA:404,0
DA:405,0
DA:408,0
DA:409,0
DA:410,0
DA:412,0
DA:413,0
DA:414,0
DA:415,0
DA:419,0
DA:420,0
DA:421,0
DA:422,0
DA:423,0
DA:425,0
DA:427,0
DA:429,0
DA:430,0
DA:431,0
DA:432,0
DA:436,0
DA:437,0
DA:441,0
DA:442,0
DA:446,0
DA:447,0
DA:449,0
DA:450,0
DA:451,0
DA:453,0
DA:456,0
DA:457,0
DA:458,0
DA:460,0
DA:467,0
DA:468,0
DA:471,0
DA:472,0
DA:476,0
DA:481,0
DA:484,0
DA:485,0
DA:486,0
DA:487,0
DA:488,0
DA:489,0
DA:491,0
DA:492,0
DA:494,0
DA:495,0
DA:497,0
DA:498,0
DA:504,0
DA:505,0
DA:506,0
DA:508,0
DA:509,0
DA:510,0
DA:511,0
LF:149
LH:0
BRDA:279,0,0,0
BRDA:279,0,1,0
BRDA:282,1,0,0
BRDA:282,1,1,0
BRDA:286,2,0,0
BRDA:286,2,1,0
BRDA:307,3,0,0
BRDA:307,3,1,0
BRDA:316,4,0,0
BRDA:316,4,1,0
BRDA:320,5,0,0
BRDA:320,5,1,0
BRDA:320,6,0,0
BRDA:320,6,1,0
BRDA:327,7,0,0
BRDA:327,7,1,0
BRDA:338,8,0,0
BRDA:338,8,1,0
BRDA:338,9,0,0
BRDA:338,9,1,0
BRDA:343,10,0,0
BRDA:343,10,1,0
BRDA:365,11,0,0
BRDA:365,11,1,0
BRDA:366,12,0,0
BRDA:366,12,1,0
BRDA:367,13,0,0
BRDA:367,13,1,0
BRDA:374,14,0,0
BRDA:374,14,1,0
BRDA:374,15,0,0
BRDA:374,15,1,0
BRDA:378,16,0,0
BRDA:378,16,1,0
BRDA:378,17,0,0
BRDA:378,17,1,0
BRDA:382,18,0,0
BRDA:382,18,1,0
BRDA:382,19,0,0
BRDA:382,19,1,0
BRDA:387,20,0,0
BRDA:387,20,1,0
BRDA:388,21,0,0
BRDA:388,21,1,0
BRDA:389,22,0,0
BRDA:389,22,1,0
BRDA:396,23,0,0
BRDA:396,23,1,0
BRDA:396,24,0,0
BRDA:396,24,1,0
BRDA:396,24,2,0
BRDA:397,25,0,0
BRDA:397,25,1,0
BRDA:403,26,0,0
BRDA:403,26,1,0
BRDA:403,27,0,0
BRDA:403,27,1,0
BRDA:408,28,0,0
BRDA:408,28,1,0
BRDA:408,29,0,0
BRDA:408,29,1,0
BRDA:413,30,0,0
BRDA:413,30,1,0
BRDA:413,31,0,0
BRDA:413,31,1,0
BRDA:419,32,0,0
BRDA:419,32,1,0
BRDA:422,33,0,0
BRDA:422,33,1,0
BRDA:430,34,0,0
BRDA:430,34,1,0
BRDA:431,35,0,0
BRDA:431,35,1,0
BRDA:436,36,0,0
BRDA:436,36,1,0
BRDA:441,37,0,0
BRDA:441,37,1,0
BRDA:446,38,0,0
BRDA:446,38,1,0
BRDA:449,39,0,0
BRDA:449,39,1,0
BRDA:449,40,0,0
BRDA:449,40,1,0
BRDA:467,41,0,0
BRDA:467,41,1,0
BRDA:471,42,0,0
BRDA:471,42,1,0
BRDA:490,43,0,0
BRDA:490,43,1,0
BRDA:490,43,2,0
BRDA:505,44,0,0
BRDA:505,44,1,0
BRF:92
BRH:0
end_of_record
TN:
SF:F:\SVN\UpinstarH5\src\pages\login\Login.vue
FN:50,data
FN:62,beforeRouteEnter
FN:75,rightPhoneNumber
FN:79,rightPhoneCode
FN:83,rightPassword
FN:89,obtainCodeBtn
FN:94,(anonymous_8)
FN:97,(anonymous_9)
FN:114,loginPhoneCode
FN:123,(anonymous_11)
FN:155,loginPassword
FN:163,(anonymous_13)
FN:172,(anonymous_14)
FN:190,login
FN:199,toggelWay
FN:208,mounted
FNF:16
FNH:0
FNDA:0,data
FNDA:0,beforeRouteEnter
FNDA:0,rightPhoneNumber
FNDA:0,rightPhoneCode
FNDA:0,rightPassword
FNDA:0,obtainCodeBtn
FNDA:0,(anonymous_8)
FNDA:0,(anonymous_9)
FNDA:0,loginPhoneCode
FNDA:0,(anonymous_11)
FNDA:0,loginPassword
FNDA:0,(anonymous_13)
FNDA:0,(anonymous_14)
FNDA:0,login
FNDA:0,toggelWay
FNDA:0,mounted
DA:31,0
DA:35,0
DA:39,0
DA:42,0
DA:45,0
DA:51,0
DA:64,0
DA:65,0
DA:67,0
DA:76,0
DA:80,0
DA:84,0
DA:89,0
DA:90,0
DA:91,0
DA:94,0
DA:95,0
DA:96,0
DA:97,0
DA:98,0
DA:99,0
DA:100,0
DA:106,0
DA:114,0
DA:115,0
DA:116,0
DA:117,0
DA:123,0
DA:124,0
DA:125,0
DA:126,0
DA:127,0
DA:128,0
DA:129,0
DA:130,0
DA:132,0
DA:136,0
DA:139,0
DA:147,0
DA:155,0
DA:156,0
DA:157,0
DA:163,0
DA:164,0
DA:165,0
DA:166,0
DA:167,0
DA:172,0
DA:173,0
DA:174,0
DA:175,0
DA:176,0
DA:178,0
DA:182,0
DA:191,0
DA:192,0
DA:193,0
DA:195,0
DA:200,0
DA:201,0
DA:202,0
DA:204,0
DA:209,0
LF:63
LH:0
BRDA:64,0,0,0
BRDA:64,0,1,0
BRDA:90,1,0,0
BRDA:90,1,1,0
BRDA:95,2,0,0
BRDA:95,2,1,0
BRDA:99,3,0,0
BRDA:99,3,1,0
BRDA:116,4,0,0
BRDA:116,4,1,0
BRDA:116,5,0,0
BRDA:116,5,1,0
BRDA:124,6,0,0
BRDA:124,6,1,0
BRDA:125,7,0,0
BRDA:125,7,1,0
BRDA:128,8,0,0
BRDA:128,8,1,0
BRDA:164,9,0,0
BRDA:164,9,1,0
BRDA:174,10,0,0
BRDA:174,10,1,0
BRDA:192,11,0,0
BRDA:192,11,1,0
BRDA:201,12,0,0
BRDA:201,12,1,0
BRF:26
BRH:0
end_of_record
TN:
SF:F:\SVN\UpinstarH5\src\pages\login\RemberPassword.vue
FN:38,data
FN:50,rightPhoneNumber
FN:54,rightPhoneCode
FN:59,obtainCodeBtn
FN:64,(anonymous_6)
FN:67,(anonymous_7)
FN:89,submitCode
FN:92,(anonymous_9)
FN:100,(anonymous_10)
FN:123,prevOperBtn
FNF:10
FNH:0
FNDA:0,data
FNDA:0,rightPhoneNumber
FNDA:0,rightPhoneCode
FNDA:0,obtainCodeBtn
FNDA:0,(anonymous_6)
FNDA:0,(anonymous_7)
FNDA:0,submitCode
FNDA:0,(anonymous_9)
FNDA:0,(anonymous_10)
FNDA:0,prevOperBtn
DA:28,0
DA:29,0
DA:30,0
DA:33,0
DA:36,0
DA:39,0
DA:51,0
DA:55,0
DA:59,0
DA:60,0
DA:61,0
DA:64,0
DA:65,0
DA:66,0
DA:67,0
DA:68,0
DA:69,0
DA:70,0
DA:74,0
DA:82,0
DA:89,0
DA:91,0
DA:92,0
DA:93,0
DA:94,0
DA:100,0
DA:101,0
DA:102,0
DA:103,0
DA:104,0
DA:108,0
DA:116,0
DA:124,0
LF:33
LH:0
BRDA:60,0,0,0
BRDA:60,0,1,0
BRDA:65,1,0,0
BRDA:65,1,1,0
BRDA:69,2,0,0
BRDA:69,2,1,0
BRDA:91,3,0,0
BRDA:91,3,1,0
BRDA:91,4,0,0
BRDA:91,4,1,0
BRDA:93,5,0,0
BRDA:93,5,1,0
BRDA:101,6,0,0
BRDA:101,6,1,0
BRF:14
BRH:0
end_of_record
TN:
SF:F:\SVN\UpinstarH5\src\pages\login\UserName.vue
FN:22,data
FN:28,rigthUserName
FN:33,setUserNameNext
FN:39,(anonymous_5)
FN:52,prevOperBtn
FNF:5
FNH:0
FNDA:0,data
FNDA:0,rigthUserName
FNDA:0,setUserNameNext
FNDA:0,(anonymous_5)
FNDA:0,prevOperBtn
DA:19,0
DA:20,0
DA:23,0
DA:29,0
DA:33,0
DA:35,0
DA:36,0
DA:39,0
DA:40,0
DA:41,0
DA:45,0
DA:53,0
LF:12
LH:0
BRDA:35,0,0,0
BRDA:35,0,1,0
BRDA:40,1,0,0
BRDA:40,1,1,0
BRF:4
BRH:0
end_of_record
TN:
SF:F:\SVN\UpinstarH5\src\pages\login\UserPassword.vue
FN:24,data
FN:31,rightPassword
FN:37,setPasswordRender
FN:41,setPasswordNext
FN:49,(anonymous_6)
FN:78,prevOperBtn
FN:82,mounted
FNF:7
FNH:0
FNDA:0,data
FNDA:0,rightPassword
FNDA:0,setPasswordRender
FNDA:0,setPasswordNext
FNDA:0,(anonymous_6)
FNDA:0,prevOperBtn
FNDA:0,mounted
DA:19,0
DA:20,0
DA:21,0
DA:22,0
DA:25,0
DA:32,0
DA:38,0
DA:39,0
DA:42,0
DA:44,0
DA:45,0
DA:48,0
DA:49,0
DA:50,0
DA:51,0
DA:56,0
DA:57,0
DA:59,0
DA:62,0
DA:71,0
DA:79,0
DA:83,0
LF:22
LH:0
BRDA:44,0,0,0
BRDA:44,0,1,0
BRDA:48,1,0,0
BRDA:48,1,1,0
BRDA:50,2,0,0
BRDA:50,2,1,0
BRDA:56,3,0,0
BRDA:56,3,1,0
BRF:8
BRH:0
end_of_record
TN:
SF:F:\SVN\UpinstarH5\src\pages\login\components\ComPhonecode.vue
FN:22,data
FN:34,rightPhoneNumber
FN:38,rightPhoneCode
FN:45,obtainCodeBtn
FN:48,(anonymous_6)
FN:59,(anonymous_7)
FN:62,(anonymous_8)
FN:76,(anonymous_9)
FN:79,(anonymous_10)
FN:97,submitCode
FN:104,(anonymous_12)
FN:120,code
FN:127,beforeDestroy
FNF:13
FNH:0
FNDA:0,data
FNDA:0,rightPhoneNumber
FNDA:0,rightPhoneCode
FNDA:0,obtainCodeBtn
FNDA:0,(anonymous_6)
FNDA:0,(anonymous_7)
FNDA:0,(anonymous_8)
FNDA:0,(anonymous_9)
FNDA:0,(anonymous_10)
FNDA:0,submitCode
FNDA:0,(anonymous_12)
FNDA:0,code
FNDA:0,beforeDestroy
DA:18,0
DA:19,0
DA:20,0
DA:23,0
DA:35,0
DA:39,0
DA:45,0
DA:46,0
DA:47,0
DA:48,0
DA:49,0
DA:50,0
DA:56,0
DA:59,0
DA:60,0
DA:61,0
DA:62,0
DA:63,0
DA:64,0
DA:65,0
DA:73,0
DA:76,0
DA:77,0
DA:78,0
DA:79,0
DA:80,0
DA:81,0
DA:82,0
DA:89,0
DA:98,0
DA:99,0
DA:100,0
DA:104,0
DA:105,0
DA:106,0
DA:110,0
DA:115,0
DA:121,0
DA:122,0
DA:123,0
DA:128,0
LF:41
LH:0
BRDA:46,0,0,0
BRDA:46,0,1,0
BRDA:47,1,0,0
BRDA:47,1,1,0
BRDA:49,2,0,0
BRDA:49,2,1,0
BRDA:60,3,0,0
BRDA:60,3,1,0
BRDA:64,4,0,0
BRDA:64,4,1,0
BRDA:77,5,0,0
BRDA:77,5,1,0
BRDA:81,6,0,0
BRDA:81,6,1,0
BRDA:99,7,0,0
BRDA:99,7,1,0
BRDA:99,8,0,0
BRDA:99,8,1,0
BRDA:105,9,0,0
BRDA:105,9,1,0
BRDA:122,10,0,0
BRDA:122,10,1,0
BRDA:122,11,0,0
BRDA:122,11,1,0
BRF:24
BRH:0
end_of_record
TN:
SF:F:\SVN\UpinstarH5\src\pages\login\components\LoginBack.vue
FN:9,data
FNF:1
FNH:0
FNDA:0,data
DA:10,0
LF:1
LH:0
BRF:0
BRH:0
end_of_record
TN:
SF:F:\SVN\UpinstarH5\src\pages\memberCenter\MemberCenter.vue
FN:338,data
FN:348,slideChangeTransitionEnd
FN:358,swiper
FN:363,getData
FN:365,(anonymous_6)
FN:375,(anonymous_8)
FN:384,btnOpen
FN:388,mounted
FNF:8
FNH:0
FNDA:0,data
FNDA:0,slideChangeTransitionEnd
FNDA:0,swiper
FNDA:0,getData
FNDA:0,(anonymous_6)
FNDA:0,(anonymous_8)
FNDA:0,btnOpen
FNDA:0,mounted
DA:322,0
DA:323,0
DA:326,0
DA:327,0
DA:328,0
DA:329,0
DA:338,0
DA:339,0
DA:349,0
DA:359,0
DA:363,0
DA:364,0
DA:365,0
DA:366,0
DA:367,0
DA:368,0
DA:369,0
DA:370,0
DA:371,0
DA:372,0
DA:373,0
DA:374,0
DA:375,0
DA:376,0
DA:385,0
DA:389,0
DA:390,0
DA:391,0
LF:28
LH:0
BRDA:373,0,0,0
BRDA:373,0,1,0
BRDA:390,1,0,0
BRDA:390,1,1,0
BRF:4
BRH:0
end_of_record
TN:
SF:F:\SVN\UpinstarH5\src\pages\memberCenter\TransactionRecord.vue
FN:43,data
FN:56,getRecord
FN:61,(anonymous_4)
FN:69,created
FNF:4
FNH:0
FNDA:0,data
FNDA:0,getRecord
FNDA:0,(anonymous_4)
FNDA:0,created
DA:32,0
DA:33,0
DA:34,0
DA:35,0
DA:36,0
DA:44,0
DA:56,0
DA:57,0
DA:61,0
DA:62,0
DA:63,0
DA:64,0
DA:70,0
LF:13
LH:0
BRDA:63,0,0,0
BRDA:63,0,1,0
BRF:2
BRH:0
end_of_record
TN:
SF:F:\SVN\UpinstarH5\src\pages\order\AfterSaleOrder.vue
FN:99,data
FN:113,$route
FN:121,afterSaleRender
FN:123,(anonymous_5)
FN:133,mounted
FNF:5
FNH:0
FNDA:0,data
FNDA:0,$route
FNDA:0,afterSaleRender
FNDA:0,(anonymous_5)
FNDA:0,mounted
DA:94,0
DA:95,0
DA:96,0
DA:97,0
DA:100,0
DA:114,0
DA:115,0
DA:121,0
DA:122,0
DA:123,0
[...]
FNDA:0,addressSubmit
FNDA:0,(anonymous_13)
FNDA:0,(anonymous_14)
FNDA:0,(anonymous_15)
FNDA:0,(anonymous_16)
FNDA:0,(anonymous_17)
FNDA:0,(anonymous_18)
FNDA:0,(anonymous_19)
FNDA:0,(anonymous_20)
FNDA:0,addAddress
FNDA:0,sureDel
FNDA:0,del
FNDA:0,(anonymous_24)
FNDA:0,(anonymous_25)
FNDA:0,handler
FNDA:0,$route
FNDA:0,mounted
DA:40,0
DA:41,0
DA:45,0
DA:51,0
DA:54,0
DA:55,0
DA:64,0
DA:65,0
DA:66,0
DA:69,0
DA:73,0
DA:123,0
DA:124,0
DA:126,0
DA:131,0
DA:134,0
DA:135,0
DA:136,0
DA:137,0
DA:138,0
DA:139,0
DA:140,0
DA:141,0
DA:142,0
DA:143,0
DA:144,0
DA:145,0
DA:146,0
DA:147,0
DA:149,0
DA:155,0
DA:158,0
DA:161,0
DA:168,0
DA:175,0
DA:176,0
DA:177,0
DA:178,0
DA:179,0
DA:190,0
DA:193,0
DA:194,0
DA:195,0
DA:197,0
DA:198,0
DA:199,0
DA:200,0
DA:201,0
DA:203,0
DA:208,0
DA:211,0
DA:212,0
DA:213,0
DA:214,0
DA:215,0
DA:216,0
DA:221,0
DA:225,0
DA:226,0
DA:228,0
DA:229,0
DA:230,0
DA:231,0
DA:233,0
DA:234,0
DA:236,0
DA:237,0
DA:243,0
DA:244,0
DA:246,0
DA:247,0
DA:253,0
DA:256,0
DA:259,0
DA:260,0
DA:261,0
DA:262,0
DA:264,0
DA:271,0
DA:272,0
DA:284,0
DA:285,0
DA:286,0
DA:287,0
DA:288,0
DA:289,0
DA:290,0
DA:291,0
DA:292,0
DA:293,0
LF:90
LH:0
BRDA:123,0,0,0
BRDA:123,0,1,0
BRDA:137,1,0,0
BRDA:137,1,1,0
BRDA:146,2,0,0
BRDA:146,2,1,0
BRDA:187,3,0,0
BRDA:187,3,1,0
BRDA:190,4,0,0
BRDA:190,4,1,0
BRDA:193,5,0,0
BRDA:193,5,1,0
BRDA:194,6,0,0
BRDA:194,6,1,0
BRDA:199,7,0,0
BRDA:199,7,1,0
BRDA:213,8,0,0
BRDA:213,8,1,0
BRDA:225,9,0,0
BRDA:225,9,1,0
BRDA:230,10,0,0
BRDA:230,10,1,0
BRDA:230,11,0,0
BRDA:230,11,1,0
BRDA:233,12,0,0
BRDA:233,12,1,0
BRDA:236,13,0,0
BRDA:236,13,1,0
BRDA:243,14,0,0
BRDA:243,14,1,0
BRDA:246,15,0,0
BRDA:246,15,1,0
BRDA:246,16,0,0
BRDA:246,16,1,0
BRDA:285,17,0,0
BRDA:285,17,1,0
BRDA:289,18,0,0
BRDA:289,18,1,0
BRF:38
BRH:0
end_of_record
TN:
SF:F:\SVN\UpinstarH5\src\pages\person\IntegralDetails.vue
FN:43,data
FN:65,integralDetailsRender
FN:66,(anonymous_4)
FN:74,(anonymous_5)
FN:79,onOperComplete
FN:83,mounted
FNF:6
FNH:0
FNDA:0,data
FNDA:0,integralDetailsRender
FNDA:0,(anonymous_4)
FNDA:0,(anonymous_5)
FNDA:0,onOperComplete
FNDA:0,mounted
DA:36,0
DA:37,0
DA:38,0
DA:39,0
DA:40,0
DA:41,0
DA:44,0
DA:65,0
DA:66,0
DA:67,0
DA:68,0
DA:69,0
DA:70,0
DA:71,0
DA:75,0
DA:80,0
DA:84,0
LF:17
LH:0
BRDA:67,0,0,0
BRDA:67,0,1,0
BRDA:70,1,0,0
BRDA:70,1,1,0
BRF:4
BRH:0
end_of_record
TN:
SF:F:\SVN\UpinstarH5\src\pages\person\IntegralRule.vue
FN:65,data
FN:76,returnTitle
FN:77,(anonymous_4)
FN:80,IntegralRuleRender
FN:92,mounted
FNF:5
FNH:0
FNDA:0,data
FNDA:0,returnTitle
FNDA:0,(anonymous_4)
FNDA:0,IntegralRuleRender
FNDA:0,mounted
DA:61,0
DA:62,0
DA:63,0
DA:66,0
DA:77,0
DA:81,0
DA:82,0
DA:87,0
DA:88,0
DA:93,0
LF:10
LH:0
BRDA:82,0,0,0
BRDA:82,0,1,0
BRDA:82,1,0,0
BRDA:82,1,1,0
BRDA:82,1,2,0
BRF:5
BRH:0
end_of_record
TN:
SF:F:\SVN\UpinstarH5\src\pages\person\MemberCode.vue
FN:47,data
FN:61,memberCodeRender
FN:62,(anonymous_4)
FN:67,(anonymous_5)
FN:72,mounted
FNF:5
FNH:0
FNDA:0,data
FNDA:0,memberCodeRender
FNDA:0,(anonymous_4)
FNDA:0,(anonymous_5)
FNDA:0,mounted
DA:41,0
DA:42,0
DA:43,0
DA:44,0
DA:45,0
DA:48,0
DA:61,0
DA:62,0
DA:63,0
DA:64,0
DA:65,0
DA:68,0
DA:73,0
LF:13
LH:0
BRDA:63,0,0,0
BRDA:63,0,1,0
BRF:2
BRH:0
end_of_record
TN:
SF:F:\SVN\UpinstarH5\src\pages\person\PersonCenter.vue
FN:106,data
FN:130,created
FN:138,timeFilter
FN:145,$route
FN:153,getUserInfo
FN:154,(anonymous_7)
FN:189,userDataSet
FN:193,goodsAddress
FN:198,(anonymous_10)
FN:217,goodsCollent
FN:222,(anonymous_12)
FN:238,toolSpecific
FN:250,cardVoucher
FN:254,goodsDetails
FN:258,handleScroll
FN:262,goodsNum
FN:263,(anonymous_18)
FN:267,(anonymous_19)
FN:272,perNews
FN:276,mounted
FN:291,deactivated
FNF:21
FNH:0
FNDA:0,data
FNDA:0,created
FNDA:0,timeFilter
FNDA:0,$route
FNDA:0,getUserInfo
FNDA:0,(anonymous_7)
FNDA:0,userDataSet
FNDA:0,goodsAddress
FNDA:0,(anonymous_10)
FNDA:0,goodsCollent
FNDA:0,(anonymous_12)
FNDA:0,toolSpecific
FNDA:0,cardVoucher
FNDA:0,goodsDetails
FNDA:0,handleScroll
FNDA:0,goodsNum
FNDA:0,(anonymous_18)
FNDA:0,(anonymous_19)
FNDA:0,perNews
FNDA:0,mounted
FNDA:0,deactivated
DA:96,0
DA:97,0
DA:98,0
DA:99,0
DA:100,0
DA:101,0
DA:102,0
DA:103,0
DA:107,0
DA:139,0
DA:140,0
DA:141,0
DA:146,0
DA:147,0
DA:153,0
DA:154,0
DA:155,0
DA:156,0
DA:157,0
DA:158,0
DA:159,0
DA:161,0
DA:162,0
DA:163,0
DA:165,0
DA:167,0
DA:168,0
DA:169,0
DA:171,0
DA:173,0
DA:174,0
DA:175,0
DA:176,0
DA:177,0
DA:178,0
DA:181,0
DA:182,0
DA:190,0
DA:193,0
DA:194,0
DA:198,0
DA:199,0
DA:200,0
DA:201,0
DA:203,0
DA:204,0
DA:205,0
DA:206,0
DA:207,0
DA:209,0
DA:217,0
DA:218,0
DA:222,0
DA:223,0
DA:224,0
DA:225,0
DA:226,0
DA:227,0
DA:230,0
DA:231,0
DA:239,0
DA:240,0
DA:241,0
DA:242,0
DA:243,0
DA:244,0
DA:246,0
DA:251,0
DA:255,0
DA:259,0
DA:262,0
DA:263,0
DA:264,0
DA:265,0
DA:268,0
DA:273,0
DA:277,0
DA:287,0
DA:288,0
DA:289,0
DA:292,0
LF:81
LH:0
BRDA:139,0,0,0
BRDA:139,0,1,0
BRDA:146,1,0,0
BRDA:146,1,1,0
BRDA:157,2,0,0
BRDA:157,2,1,0
BRDA:162,3,0,0
BRDA:162,3,1,0
BRDA:175,4,0,0
BRDA:175,4,1,0
BRDA:176,5,0,0
BRDA:176,5,1,0
BRDA:200,6,0,0
BRDA:200,6,1,0
BRDA:204,7,0,0
BRDA:204,7,1,0
BRDA:206,8,0,0
BRDA:206,8,1,0
BRDA:206,9,0,0
BRDA:206,9,1,0
BRDA:206,9,2,0
BRDA:206,9,3,0
BRDA:224,10,0,0
BRDA:224,10,1,0
BRDA:225,11,0,0
BRDA:225,11,1,0
BRDA:239,12,0,0
BRDA:239,12,1,0
BRDA:241,13,0,0
BRDA:241,13,1,0
BRDA:243,14,0,0
BRDA:243,14,1,0
BRDA:264,15,0,0
BRDA:264,15,1,0
BRF:34
BRH:0
end_of_record
TN:
SF:F:\SVN\UpinstarH5\src\pages\person\SoftwareSeting.vue
FN:19,data
FN:28,softwareSetingInfo
FN:48,headleLogOut
FN:50,(anonymous_5)
FNF:4
FNH:0
FNDA:0,data
FNDA:0,softwareSetingInfo
FNDA:0,headleLogOut
FNDA:0,(anonymous_5)
DA:14,0
DA:15,0
DA:16,0
DA:17,0
DA:20,0
DA:35,0
DA:36,0
DA:37,0
DA:38,0
DA:39,0
DA:40,0
DA:41,0
DA:42,0
DA:43,0
DA:44,0
DA:49,0
DA:50,0
DA:51,0
DA:52,0
LF:19
LH:0
BRDA:35,0,0,0
BRDA:35,0,1,0
BRDA:37,1,0,0
BRDA:37,1,1,0
BRDA:39,2,0,0
BRDA:39,2,1,0
BRDA:41,3,0,0
BRDA:41,3,1,0
BRDA:43,4,0,0
BRDA:43,4,1,0
BRF:10
BRH:0
end_of_record
TN:
SF:F:\SVN\UpinstarH5\src\pages\person\ToolCenter.vue
FN:98,data
FN:116,slideChangeTransitionEnd
FN:124,swiper
FN:135,$route
FN:143,backPrevOper
FN:147,dataRender
FN:148,(anonymous_8)
FN:169,grandRender
FN:201,mounted
FNF:9
FNH:0
FNDA:0,data
FNDA:0,slideChangeTransitionEnd
FNDA:0,swiper
FNDA:0,$route
FNDA:0,backPrevOper
FNDA:0,dataRender
FNDA:0,(anonymous_8)
FNDA:0,grandRender
FNDA:0,mounted
DA:92,0
DA:93,0
DA:94,0
DA:95,0
DA:96,0
DA:98,0
DA:99,0
DA:117,0
DA:125,0
DA:136,0
DA:137,0
DA:144,0
DA:147,0
DA:148,0
DA:149,0
DA:150,0
DA:151,0
DA:152,0
DA:153,0
DA:154,0
DA:155,0
DA:156,0
DA:157,0
DA:158,0
DA:159,0
DA:160,0
DA:162,0
DA:164,0
DA:165,0
DA:170,0
DA:172,0
DA:173,0
DA:174,0
DA:175,0
DA:176,0
DA:177,0
DA:179,0
DA:180,0
DA:181,0
DA:182,0
DA:183,0
DA:184,0
DA:185,0
DA:187,0
DA:189,0
DA:190,0
DA:191,0
DA:192,0
DA:194,0
DA:196,0
DA:202,0
LF:51
LH:0
BRDA:136,0,0,0
BRDA:136,0,1,0
BRDA:149,1,0,0
BRDA:149,1,1,0
BRDA:155,2,0,0
BRDA:155,2,1,0
BRDA:157,3,0,0
BRDA:157,3,1,0
BRDA:159,4,0,0
BRDA:159,4,1,0
BRDA:170,5,0,0
BRDA:170,5,1,0
BRDA:172,6,0,0
BRDA:172,6,1,0
BRDA:172,7,0,0
BRDA:172,7,1,0
BRDA:174,8,0,0
BRDA:174,8,1,0
BRDA:176,9,0,0
BRDA:176,9,1,0
BRDA:179,10,0,0
BRDA:179,10,1,0
BRDA:180,11,0,0
BRDA:180,11,1,0
BRDA:182,12,0,0
BRDA:182,12,1,0
BRDA:182,13,0,0
BRDA:182,13,1,0
BRDA:184,14,0,0
BRDA:184,14,1,0
BRDA:187,15,0,0
BRDA:187,15,1,0
BRDA:189,16,0,0
BRDA:189,16,1,0
BRDA:189,17,0,0
BRDA:189,17,1,0
BRDA:191,18,0,0
BRDA:191,18,1,0
BRDA:191,19,0,0
BRDA:191,19,1,0
BRDA:194,20,0,0
BRDA:194,20,1,0
BRF:42
BRH:0
end_of_record
TN:
SF:F:\SVN\UpinstarH5\src\pages\person\ToolStore.vue
FN:23,data
FN:33,toolStoreRender
FN:34,(anonymous_4)
FN:41,phoneCall
FN:45,mounted
FNF:5
FNH:0
FNDA:0,data
FNDA:0,toolStoreRender
FNDA:0,(anonymous_4)
FNDA:0,phoneCall
FNDA:0,mounted
DA:19,0
DA:20,0
DA:21,0
DA:24,0
DA:33,0
DA:34,0
DA:35,0
DA:36,0
DA:42,0
DA:46,0
LF:10
LH:0
BRDA:35,0,0,0
BRDA:35,0,1,0
BRF:2
BRH:0
end_of_record
TN:
SF:F:\SVN\UpinstarH5\src\pages\person\TouristToolCenter.vue
FN:74,data
FN:86,slideChangeTransitionEnd
FN:94,swiper
FN:106,backPrevOper
FN:110,dataRender
FN:114,grandRender
FN:118,mounted
FNF:7
FNH:0
FNDA:0,data
FNDA:0,slideChangeTransitionEnd
FNDA:0,swiper
FNDA:0,backPrevOper
FNDA:0,dataRender
FNDA:0,grandRender
FNDA:0,mounted
DA:69,0
DA:70,0
DA:71,0
DA:74,0
DA:75,0
DA:87,0
DA:95,0
DA:107,0
DA:111,0
DA:112,0
DA:115,0
DA:119,0
LF:12
LH:0
BRF:0
BRH:0
end_of_record
TN:
SF:F:\SVN\UpinstarH5\src\pages\person\UserDataSet.vue
FN:71,data
FN:111,getUserInfo
FN:112,(anonymous_4)
FN:143,headerUpfile
FN:146,(anonymous_6)
FN:152,greadAddress
FN:159,openPicker
FN:162,handleConfirm
FN:167,userBasicInfo
FN:191,getValueFromChild
FN:197,onOperComplete
FN:205,(anonymous_13)
FN:217,$route
FN:223,mounted
FNF:14
FNH:0
FNDA:0,data
FNDA:0,getUserInfo
FNDA:0,(anonymous_4)
FNDA:0,headerUpfile
FNDA:0,(anonymous_6)
FNDA:0,greadAddress
FNDA:0,openPicker
FNDA:0,handleConfirm
FNDA:0,userBasicInfo
FNDA:0,getValueFromChild
FNDA:0,onOperComplete
FNDA:0,(anonymous_13)
FNDA:0,$route
FNDA:0,mounted
DA:55,0
DA:56,0
DA:57,0
DA:58,0
DA:59,0
DA:60,0
DA:62,0
DA:63,0
DA:64,0
DA:65,0
DA:68,0
DA:69,0
DA:72,0
DA:111,0
DA:112,0
DA:113,0
DA:114,0
DA:115,0
DA:116,0
DA:117,0
DA:118,0
DA:119,0
DA:121,0
DA:123,0
DA:124,0
DA:126,0
DA:127,0
DA:129,0
DA:130,0
DA:131,0
DA:132,0
DA:135,0
DA:136,0
DA:137,0
DA:138,0
DA:143,0
DA:144,0
DA:145,0
DA:146,0
DA:147,0
DA:148,0
DA:153,0
DA:154,0
DA:155,0
DA:156,0
DA:160,0
DA:163,0
DA:164,0
DA:168,0
DA:170,0
DA:172,0
DA:173,0
DA:175,0
DA:176,0
DA:177,0
DA:179,0
DA:180,0
DA:182,0
DA:192,0
DA:193,0
DA:194,0
DA:198,0
DA:199,0
DA:205,0
DA:206,0
DA:207,0
DA:208,0
DA:209,0
DA:210,0
DA:218,0
DA:219,0
DA:224,0
LF:72
LH:0
BRDA:118,0,0,0
BRDA:118,0,1,0
BRDA:123,1,0,0
BRDA:123,1,1,0
BRDA:123,2,0,0
BRDA:123,2,1,0
BRDA:126,3,0,0
BRDA:126,3,1,0
BRDA:126,4,0,0
BRDA:126,4,1,0
BRDA:129,5,0,0
BRDA:129,5,1,0
BRDA:129,6,0,0
BRDA:129,6,1,0
BRDA:131,7,0,0
BRDA:131,7,1,0
BRDA:135,8,0,0
BRDA:135,8,1,0
BRDA:135,9,0,0
BRDA:135,9,1,0
BRDA:153,10,0,0
BRDA:153,10,1,0
BRDA:155,11,0,0
BRDA:155,11,1,0
BRDA:168,12,0,0
BRDA:168,12,1,0
BRDA:170,13,0,0
BRDA:170,13,1,0
BRDA:173,14,0,0
BRDA:173,14,1,0
BRDA:177,15,0,0
BRDA:177,15,1,0
BRDA:179,16,0,0
BRDA:179,16,1,0
BRDA:207,17,0,0
BRDA:207,17,1,0
BRDA:218,18,0,0
BRDA:218,18,1,0
BRF:38
BRH:0
end_of_record
TN:
SF:F:\SVN\UpinstarH5\src\pages\person\UserNamePer.vue
FN:25,data
FN:31,backPrevOper
FN:34,perCompleteOper
FN:46,emptyText
FNF:4
FNH:0
FNDA:0,data
FNDA:0,backPrevOper
FNDA:0,perCompleteOper
FNDA:0,emptyText
DA:21,0
DA:26,0
DA:32,0
DA:35,0
DA:36,0
DA:37,0
DA:39,0
DA:47,0
LF:8
LH:0
BRDA:35,0,0,0
BRDA:35,0,1,0
BRF:2
BRH:0
end_of_record
TN:
SF:F:\SVN\UpinstarH5\src\pages\person\components\ActivitysSwiper.vue
FN:18,data
FN:40,activitysList
FNF:2
FNH:0
FNDA:0,data
FNDA:0,activitysList
DA:14,0
DA:15,0
DA:19,0
DA:41,0
LF:4
LH:0
BRF:0
BRH:0
end_of_record
TN:
SF:F:\SVN\UpinstarH5\src\pages\person\components\ComUserSetHeader.vue
FN:22,backPrevOper
FN:35,perCompleteOper
FN:38,titleScroll
FNF:3
FNH:0
FNDA:0,backPrevOper
FNDA:0,perCompleteOper
FNDA:0,titleScroll
DA:11,0
DA:23,0
DA:24,0
DA:25,0
DA:26,0
DA:27,0
DA:28,0
DA:29,0
DA:30,0
DA:32,0
DA:36,0
LF:11
LH:0
BRDA:24,0,0,0
BRDA:24,0,1,0
BRDA:26,1,0,0
BRDA:26,1,1,0
BRDA:26,2,0,0
BRDA:26,2,1,0
BRDA:29,3,0,0
BRDA:29,3,1,0
BRF:8
BRH:0
end_of_record
TN:
SF:F:\SVN\UpinstarH5\src\pages\person\userSetup\UserPhonecode.vue
FN:16,data
FN:25,returnVal
FN:32,userPhoneCodeRender
FN:46,operBtnClick
FN:67,mounted
FN:71,$route
FNF:6
FNH:0
FNDA:0,data
FNDA:0,returnVal
FNDA:0,userPhoneCodeRender
FNDA:0,operBtnClick
FNDA:0,mounted
FNDA:0,$route
DA:11,0
DA:12,0
DA:13,0
DA:17,0
DA:25,0
DA:33,0
DA:34,0
DA:35,0
DA:36,0
DA:37,0
DA:38,0
DA:40,0
DA:41,0
DA:42,0
DA:47,0
DA:48,0
DA:49,0
DA:54,0
DA:56,0
DA:59,0
DA:68,0
DA:72,0
DA:73,0
LF:23
LH:0
BRDA:35,0,0,0
BRDA:35,0,1,0
BRDA:47,1,0,0
BRDA:47,1,1,0
BRDA:48,2,0,0
BRDA:48,2,1,0
BRDA:72,3,0,0
BRDA:72,3,1,0
BRF:8
BRH:0
end_of_record
TN:
SF:F:\SVN\UpinstarH5\src\pages\promotion\Promotion.vue
FN:113,data
FN:141,handler
FN:148,closeTouch
FN:151,openTouch
FN:154,getStore
FN:155,(anonymous_7)
FN:159,handleValueChange
FN:170,openPicker
FN:173,popShow
FN:182,selectStore
FN:187,selectSex
FN:193,isRegisterCheck
FN:195,(anonymous_14)
FN:205,obtainCode
FN:210,(anonymous_16)
FN:213,(anonymous_17)
FN:225,handleConfirm
FN:230,submit
FN:232,(anonymous_20)
FN:243,toastShow
FN:250,validate
FN:270,created
FNF:22
FNH:0
FNDA:0,data
FNDA:0,handler
FNDA:0,closeTouch
FNDA:0,openTouch
FNDA:0,getStore
FNDA:0,(anonymous_7)
FNDA:0,handleValueChange
FNDA:0,openPicker
FNDA:0,popShow
FNDA:0,selectStore
FNDA:0,selectSex
FNDA:0,isRegisterCheck
FNDA:0,(anonymous_14)
FNDA:0,obtainCode
FNDA:0,(anonymous_16)
FNDA:0,(anonymous_17)
FNDA:0,handleConfirm
FNDA:0,submit
FNDA:0,(anonymous_20)
FNDA:0,toastShow
FNDA:0,validate
FNDA:0,created
DA:85,0
DA:87,0
DA:88,0
DA:89,0
DA:90,0
DA:93,0
DA:96,0
DA:102,0
DA:114,0
DA:142,0
DA:149,0
DA:152,0
DA:154,0
DA:155,0
DA:156,0
DA:160,0
DA:161,0
DA:163,0
DA:165,0
DA:166,0
DA:167,0
DA:171,0
DA:174,0
DA:175,0
DA:176,0
DA:178,0
DA:183,0
DA:184,0
DA:185,0
DA:188,0
DA:189,0
DA:190,0
DA:193,0
DA:194,0
DA:195,0
DA:196,0
DA:197,0
DA:198,0
DA:201,0
DA:205,0
DA:206,0
DA:207,0
DA:210,0
DA:211,0
DA:212,0
DA:213,0
DA:214,0
DA:215,0
DA:216,0
DA:222,0
DA:226,0
DA:227,0
DA:228,0
DA:230,0
DA:231,0
DA:232,0
DA:233,0
DA:234,0
DA:235,0
DA:236,0
DA:238,0
DA:244,0
DA:251,0
DA:252,0
DA:253,0
DA:254,0
DA:255,0
DA:258,0
DA:259,0
DA:260,0
DA:262,0
DA:263,0
DA:264,0
DA:266,0
DA:271,0
LF:75
LH:0
BRDA:160,0,0,0
BRDA:160,0,1,0
BRDA:175,1,0,0
BRDA:175,1,1,0
BRDA:194,2,0,0
BRDA:194,2,1,0
BRDA:206,3,0,0
BRDA:206,3,1,0
BRDA:211,4,0,0
BRDA:211,4,1,0
BRDA:215,5,0,0
BRDA:215,5,1,0
BRDA:231,6,0,0
BRDA:231,6,1,0
BRDA:234,7,0,0
BRDA:234,7,1,0
BRDA:253,8,0,0
BRDA:253,8,1,0
BRDA:258,9,0,0
BRDA:258,9,1,0
BRDA:258,10,0,0
BRDA:258,10,1,0
BRDA:262,11,0,0
BRDA:262,11,1,0
BRDA:262,12,0,0
BRDA:262,12,1,0
BRF:26
BRH:0
end_of_record
TN:
SF:F:\SVN\UpinstarH5\src\pages\search\Search.vue
FN:32,data
FN:49,$route
FN:54,goBack
FN:59,getSearchVal
FN:64,emptySearchVal
FN:69,saveSearchHistory
FN:84,removeOneHistory
FN:88,removeAllHistory
FN:92,doSearch
FN:106,created
FN:109,mounted
FNF:11
FNH:0
FNDA:0,data
FNDA:0,$route
FNDA:0,goBack
FNDA:0,getSearchVal
FNDA:0,emptySearchVal
FNDA:0,saveSearchHistory
FNDA:0,removeOneHistory
FNDA:0,removeAllHistory
FNDA:0,doSearch
FNDA:0,created
FNDA:0,mounted
DA:22,0
DA:23,0
DA:24,0
DA:25,0
DA:33,0
DA:50,0
DA:55,0
DA:60,0
DA:61,0
DA:65,0
DA:66,0
DA:67,0
DA:70,0
DA:71,0
DA:72,0
DA:73,0
DA:74,0
DA:75,0
DA:76,0
DA:77,0
DA:80,0
DA:81,0
DA:85,0
DA:86,0
DA:89,0
DA:90,0
DA:93,0
DA:94,0
DA:95,0
DA:96,0
DA:97,0
DA:98,0
DA:99,0
DA:100,0
DA:101,0
DA:107,0
LF:36
LH:0
BRDA:71,0,0,0
BRDA:71,0,1,0
BRDA:73,1,0,0
BRDA:73,1,1,0
BRDA:75,2,0,0
BRDA:75,2,1,0
BRDA:96,3,0,0
BRDA:96,3,1,0
BRF:8
BRH:0
end_of_record
TN:
SF:F:\SVN\UpinstarH5\src\pages\search\components\SearchHistory.vue
FN:22,data
FN:38,removeOneHistory
FN:41,removeAllHistory
FN:44,doSearch
FNF:4
FNH:0
FNDA:0,data
FNDA:0,removeOneHistory
FNDA:0,removeAllHistory
FNDA:0,doSearch
DA:23,0
DA:39,0
DA:42,0
DA:45,0
LF:4
LH:0
BRF:0
BRH:0
end_of_record
TN:
SF:F:\SVN\UpinstarH5\src\pages\search\components\SearchHot.vue
FN:8,data
FNF:1
FNH:0
FNDA:0,data
DA:9,0
LF:1
LH:0
BRF:0
BRH:0
end_of_record
TN:
SF:F:\SVN\UpinstarH5\src\pages\search\components\SearchItem.vue
FN:37,data
FN:57,handler
FN:67,getGoodsList
FN:74,(anonymous_5)
FN:85,scrollInit
FN:101,(anonymous_7)
FN:113,mounted
FNF:7
FNH:0
FNDA:0,data
FNDA:0,handler
FNDA:0,getGoodsList
FNDA:0,(anonymous_5)
FNDA:0,scrollInit
FNDA:0,(anonymous_7)
FNDA:0,mounted
DA:17,0
DA:18,0
DA:19,0
DA:20,0
DA:21,0
DA:24,0
DA:27,0
DA:38,0
DA:58,0
DA:59,0
DA:60,0
DA:67,0
DA:68,0
DA:73,0
DA:74,0
DA:75,0
DA:76,0
DA:77,0
DA:78,0
DA:79,0
DA:80,0
DA:86,0
DA:87,0
DA:100,0
DA:101,0
DA:102,0
DA:103,0
DA:104,0
DA:108,0
DA:109,0
DA:114,0
DA:115,0
LF:32
LH:0
BRDA:59,0,0,0
BRDA:59,0,1,0
BRDA:73,1,0,0
BRDA:73,1,1,0
BRDA:78,2,0,0
BRDA:78,2,1,0
BRDA:78,3,0,0
BRDA:78,3,1,0
BRDA:86,4,0,0
BRDA:86,4,1,0
BRF:10
BRH:0
end_of_record
TN:
SF:F:\SVN\UpinstarH5\src\pages\search\components\SearchRelate.vue
FN:8,data
FNF:1
FNH:0
FNDA:0,data
DA:9,0
LF:1
LH:0
BRF:0
BRH:0
end_of_record
TN:
SF:F:\SVN\UpinstarH5\src\pages\story\Story.vue
FN:51,data
FN:74,onItemClick
FN:88,getBrandList
FN:93,(anonymous_5)
FN:96,(anonymous_6)
FN:100,getstoryRecom
FN:101,(anonymous_8)
FN:106,(anonymous_9)
FN:111,getStorySub
FN:112,(anonymous_11)
FN:115,(anonymous_12)
FN:120,scrollInit
FN:135,created
FN:140,updated
FN:141,(anonymous_16)
FN:146,(anonymous_17)
FN:157,beforeDestroy
FNF:17
FNH:0
FNDA:0,data
FNDA:0,onItemClick
FNDA:0,getBrandList
FNDA:0,(anonymous_5)
FNDA:0,(anonymous_6)
FNDA:0,getstoryRecom
FNDA:0,(anonymous_8)
FNDA:0,(anonymous_9)
FNDA:0,getStorySub
FNDA:0,(anonymous_11)
FNDA:0,(anonymous_12)
FNDA:0,scrollInit
FNDA:0,created
FNDA:0,updated
FNDA:0,(anonymous_16)
FNDA:0,(anonymous_17)
FNDA:0,beforeDestroy
DA:25,0
DA:26,0
DA:30,0
DA:33,0
DA:38,0
DA:41,0
DA:42,0
DA:52,0
DA:75,0
DA:76,0
DA:77,0
DA:78,0
DA:79,0
DA:80,0
DA:81,0
DA:82,0
DA:83,0
DA:85,0
DA:86,0
DA:88,0
DA:89,0
DA:93,0
DA:94,0
DA:95,0
DA:97,0
DA:100,0
DA:101,0
DA:103,0
DA:104,0
DA:105,0
DA:108,0
DA:111,0
DA:112,0
DA:114,0
DA:117,0
DA:121,0
DA:122,0
DA:131,0
DA:136,0
DA:137,0
DA:138,0
DA:141,0
DA:142,0
DA:143,0
DA:144,0
DA:145,0
DA:146,0
DA:147,0
DA:148,0
DA:149,0
DA:150,0
DA:151,0
DA:158,0
LF:53
LH:0
BRDA:78,0,0,0
BRDA:78,0,1,0
BRDA:80,1,0,0
BRDA:80,1,1,0
BRDA:82,2,0,0
BRDA:82,2,1,0
BRDA:121,3,0,0
BRDA:121,3,1,0
BRDA:145,4,0,0
BRDA:145,4,1,0
BRDA:147,5,0,0
BRDA:147,5,1,0
BRDA:150,6,0,0
BRDA:150,6,1,0
BRF:14
BRH:0
end_of_record
TN:
SF:F:\SVN\UpinstarH5\src\pages\storyDetails\HotelDetails.vue
FN:51,data
FN:65,$route
FN:70,returnTitle
FN:71,(anonymous_5)
FN:74,hideHeads
FN:80,getStoryDetails
FN:82,(anonymous_8)
FN:87,(anonymous_9)
FN:91,(anonymous_10)
FN:96,scrollInit
FN:111,mounted
FN:115,updated
FN:120,(anonymous_14)
FN:130,beforeDestroy
FNF:14
FNH:0
FNDA:0,data
FNDA:0,$route
FNDA:0,returnTitle
FNDA:0,(anonymous_5)
FNDA:0,hideHeads
FNDA:0,getStoryDetails
FNDA:0,(anonymous_8)
FNDA:0,(anonymous_9)
FNDA:0,(anonymous_10)
FNDA:0,scrollInit
FNDA:0,mounted
FNDA:0,updated
FNDA:0,(anonymous_14)
FNDA:0,beforeDestroy
DA:27,0
DA:30,0
DA:33,0
DA:36,0
DA:37,0
DA:38,0
DA:39,0
DA:40,0
DA:41,0
DA:42,0
DA:52,0
DA:66,0
DA:71,0
DA:75,0
DA:76,0
DA:77,0
DA:80,0
DA:81,0
DA:82,0
DA:84,0
DA:85,0
DA:86,0
DA:87,0
DA:88,0
DA:89,0
DA:93,0
DA:97,0
DA:98,0
DA:107,0
DA:112,0
DA:113,0
DA:115,0
DA:116,0
DA:117,0
DA:118,0
DA:119,0
DA:120,0
DA:121,0
DA:122,0
DA:123,0
DA:124,0
DA:125,0
DA:131,0
LF:43
LH:0
BRDA:76,0,0,0
BRDA:76,0,1,0
BRDA:76,1,0,0
BRDA:76,1,1,0
BRDA:97,2,0,0
BRDA:97,2,1,0
BRDA:119,3,0,0
BRDA:119,3,1,0
BRDA:121,4,0,0
BRDA:121,4,1,0
BRDA:124,5,0,0
BRDA:124,5,1,0
BRF:12
BRH:0
end_of_record
TN:
SF:F:\SVN\UpinstarH5\src\pages\storyDetails\StoryDetails.vue
FN:38,data
FN:49,$route
FN:54,hideHeads
FN:60,getStoryDetails
FN:62,(anonymous_6)
FN:67,(anonymous_7)
FN:71,(anonymous_8)
FN:76,scrollInit
FN:91,mounted
FN:97,destroyed
FN:101,updated
FN:102,(anonymous_13)
FN:107,(anonymous_14)
FNF:13
FNH:0
FNDA:0,data
FNDA:0,$route
FNDA:0,hideHeads
FNDA:0,getStoryDetails
FNDA:0,(anonymous_6)
FNDA:0,(anonymous_7)
FNDA:0,(anonymous_8)
FNDA:0,scrollInit
FNDA:0,mounted
FNDA:0,destroyed
FNDA:0,updated
FNDA:0,(anonymous_13)
FNDA:0,(anonymous_14)
DA:16,0
DA:19,0
DA:22,0
DA:25,0
DA:26,0
DA:27,0
DA:28,0
DA:29,0
DA:39,0
DA:50,0
DA:55,0
DA:56,0
DA:57,0
DA:60,0
DA:61,0
DA:62,0
DA:64,0
DA:65,0
DA:66,0
DA:67,0
DA:68,0
DA:69,0
DA:73,0
DA:77,0
DA:78,0
DA:87,0
DA:92,0
DA:93,0
DA:94,0
DA:95,0
DA:98,0
DA:99,0
DA:102,0
DA:103,0
DA:104,0
DA:105,0
DA:106,0
DA:107,0
DA:108,0
DA:109,0
DA:110,0
DA:111,0
DA:112,0
LF:43
LH:0
BRDA:56,0,0,0
BRDA:56,0,1,0
BRDA:56,1,0,0
BRDA:56,1,1,0
BRDA:56,1,2,0
BRDA:77,2,0,0
BRDA:77,2,1,0
BRDA:106,3,0,0
BRDA:106,3,1,0
BRDA:108,4,0,0
BRDA:108,4,1,0
BRDA:111,5,0,0
BRDA:111,5,1,0
BRF:13
BRH:0
end_of_record
TN:
SF:F:\SVN\UpinstarH5\src\pages\storyDetails\components\StoryDetailsHeader.vue
FN:39,data
FN:47,storyDetailsHeaderRender
FN:53,mounted
FNF:3
FNH:0
FNDA:0,data
FNDA:0,storyDetailsHeaderRender
FNDA:0,mounted
DA:19,0
DA:20,0
DA:23,0
DA:40,0
DA:48,0
DA:49,0
DA:54,0
LF:7
LH:0
BRDA:48,0,0,0
BRDA:48,0,1,0
BRF:2
BRH:0
end_of_record
